2025-04-30 14:16:58,504 [INFO] Activator:176 - 


2025-04-30 14:16:58,516 [INFO] Activator:177 - !SESSION log4j initialized
2025-04-30 14:17:03,951 [INFO] LogOutputStream:77 - [STDOUT_REDIRECT] 
2025-04-30 14:17:04,626 [INFO] ApplicationProperties:184 - Using Application install path: C:\ST\STM32CubeIDE_1.16.1\STM32CubeIDE\plugins\com.st.stm32cube.common.mx_6.14.0.202502271554
2025-04-30 14:17:04,646 [INFO] DbMcusXml:78 - Set database path to: C:\ST\STM32CubeIDE_1.16.1\STM32CubeIDE\plugins\com.st.stm32cube.common.mx_6.14.0.202502271554\\db\/mcu/
2025-04-30 14:17:04,646 [INFO] ApiDb:274 - Set plugin database path to: C:\ST\STM32CubeIDE_1.16.1\STM32CubeIDE\plugins\com.st.stm32cube.common.mx_6.14.0.202502271554\\db\/plugins/boardmanager/
2025-04-30 14:17:04,647 [WARN] ApiDb:259 - Overriding images path with different value:  => C:\ST\STM32CubeIDE_1.16.1\STM32CubeIDE\plugins\com.st.stm32cube.common.mx_6.14.0.202502271554\\db\/plugins/mcufinder/images/
2025-04-30 14:17:04,655 [INFO] ApiDb:250 - Set database path to: C:\Users\yongj\.stmcufinder\plugins\mcufinder//mcu/
2025-04-30 14:17:04,656 [INFO] DbMcusAds:125 - Set database path to: C:\Users\yongj\.stmcufinder\plugins\mcufinder//mcu/
2025-04-30 14:17:04,660 [INFO] CrossReferenceDbSqlite:203 - Set database path to: C:\Users\yongj\.stmcufinder\plugins\mcufinder//mcu/cs/
2025-04-30 14:17:04,831 [INFO] RulesReader:64 - Compatibility file has been processed (301 Rules)
2025-04-30 14:17:04,948 [INFO] DbMcusXml:78 - Set database path to: C:\ST\STM32CubeIDE_1.16.1\STM32CubeIDE\plugins\com.st.stm32cube.common.mx_6.14.0.202502271554\\db\/mcu/
2025-04-30 14:17:04,949 [INFO] ApiDb:274 - Set plugin database path to: C:\ST\STM32CubeIDE_1.16.1\STM32CubeIDE\plugins\com.st.stm32cube.common.mx_6.14.0.202502271554\\db\/plugins/boardmanager/
2025-04-30 14:17:04,949 [INFO] ApiDb:261 - Set plugin images path to: C:\ST\STM32CubeIDE_1.16.1\STM32CubeIDE\plugins\com.st.stm32cube.common.mx_6.14.0.202502271554\\db\/plugins/mcufinder/images/
2025-04-30 14:17:04,949 [WARN] DbFile:41 - Overriding database path with different value: C:\Users\yongj\.stmcufinder\plugins\mcufinder/ => C:\Users\yongj\.stmcufinder\plugins\mcufinder
2025-04-30 14:17:04,949 [INFO] ApiDb:250 - Set database path to: C:\Users\yongj\.stmcufinder\plugins\mcufinder//mcu/
2025-04-30 14:17:04,949 [WARN] DbFile:41 - Overriding database path with different value: C:\Users\yongj\.stmcufinder\plugins\mcufinder/ => C:\Users\yongj\.stmcufinder\plugins\mcufinder
2025-04-30 14:17:04,949 [INFO] DbMcusAds:125 - Set database path to: C:\Users\yongj\.stmcufinder\plugins\mcufinder//mcu/
2025-04-30 14:17:04,949 [WARN] DbFile:41 - Overriding database path with different value: C:\Users\yongj\.stmcufinder\plugins\mcufinder/ => C:\Users\yongj\.stmcufinder\plugins\mcufinder
2025-04-30 14:17:04,950 [WARN] DbFile:41 - Overriding database path with different value: C:\Users\yongj\.stmcufinder\plugins\mcufinder/ => C:\Users\yongj\.stmcufinder\plugins\mcufinder
2025-04-30 14:17:04,950 [INFO] CrossReferenceDbSqlite:203 - Set database path to: C:\Users\yongj\.stmcufinder\plugins\mcufinder//mcu/cs/
2025-04-30 14:17:05,045 [INFO] MainPanel:272 - HeapMemory: 288358400
2025-04-30 14:17:05,208 [INFO] DbMcusXml:78 - Set database path to: C:\ST\STM32CubeIDE_1.16.1\STM32CubeIDE\plugins\com.st.stm32cube.common.mx_6.14.0.202502271554\\db\/mcu/
2025-04-30 14:17:05,208 [INFO] ApiDb:274 - Set plugin database path to: C:\ST\STM32CubeIDE_1.16.1\STM32CubeIDE\plugins\com.st.stm32cube.common.mx_6.14.0.202502271554\\db\/plugins/boardmanager/
2025-04-30 14:17:05,209 [INFO] ApiDb:261 - Set plugin images path to: C:\ST\STM32CubeIDE_1.16.1\STM32CubeIDE\plugins\com.st.stm32cube.common.mx_6.14.0.202502271554\\db\/plugins/mcufinder/images/
2025-04-30 14:17:05,209 [WARN] DbFile:41 - Overriding database path with different value: C:\Users\yongj\.stmcufinder\plugins\mcufinder/ => C:\Users\yongj\.stmcufinder\plugins\mcufinder
2025-04-30 14:17:05,209 [INFO] ApiDb:250 - Set database path to: C:\Users\yongj\.stmcufinder\plugins\mcufinder//mcu/
2025-04-30 14:17:05,209 [WARN] DbFile:41 - Overriding database path with different value: C:\Users\yongj\.stmcufinder\plugins\mcufinder/ => C:\Users\yongj\.stmcufinder\plugins\mcufinder
2025-04-30 14:17:05,209 [INFO] DbMcusAds:125 - Set database path to: C:\Users\yongj\.stmcufinder\plugins\mcufinder//mcu/
2025-04-30 14:17:05,211 [WARN] DbFile:41 - Overriding database path with different value: C:\Users\yongj\.stmcufinder\plugins\mcufinder/ => C:\Users\yongj\.stmcufinder\plugins\mcufinder
2025-04-30 14:17:05,211 [WARN] DbFile:41 - Overriding database path with different value: C:\Users\yongj\.stmcufinder\plugins\mcufinder/ => C:\Users\yongj\.stmcufinder\plugins\mcufinder
2025-04-30 14:17:05,211 [INFO] CrossReferenceDbSqlite:203 - Set database path to: C:\Users\yongj\.stmcufinder\plugins\mcufinder//mcu/cs/
2025-04-30 14:17:05,231 [INFO] ApplicationProperties:184 - Using Application install path: C:\ST\STM32CubeIDE_1.16.1\STM32CubeIDE\plugins\com.st.stm32cube.common.mx_6.14.0.202502271554
2025-04-30 14:17:05,233 [INFO] PluginManage:196 - Search for loadable plugins [exclusion list=, ]
2025-04-30 14:17:05,235 [INFO] PluginManage:310 - Check plugin analytics
2025-04-30 14:17:05,417 [INFO] AnalyticsPlugin:253 - Accepted Software Licenses: STM32CubeMX.6.14.1
2025-04-30 14:17:05,417 [INFO] AnalyticsPlugin:255 - Accepted CMSIS Pack Licenses: 
2025-04-30 14:17:05,417 [INFO] AnalyticsPlugin:257 - Accepted Firmware Licenses: 
2025-04-30 14:17:05,420 [INFO] PluginManage:359 - Loaded plugin analytics (category:tool,tabindex:-1)
2025-04-30 14:17:05,420 [INFO] PluginManage:310 - Check plugin cadmodel
2025-04-30 14:17:05,426 [INFO] CADModel:105 - Init CAD model plugin
2025-04-30 14:17:05,426 [INFO] PluginManage:359 - Loaded plugin cadmodel (category:power,tabindex:5)
2025-04-30 14:17:05,427 [INFO] PluginManage:310 - Check plugin clock
2025-04-30 14:17:05,439 [INFO] PluginManage:359 - Loaded plugin clock (category:base,tabindex:2)
2025-04-30 14:17:05,439 [INFO] PluginManage:310 - Check plugin ddr
2025-04-30 14:17:05,443 [INFO] PluginManage:359 - Loaded plugin ddr (category:tool,tabindex:6)
2025-04-30 14:17:05,444 [INFO] PluginManage:310 - Check plugin filemanager
2025-04-30 14:17:05,632 [INFO] PluginManage:359 - Loaded plugin filemanager (category:base,tabindex:10)
2025-04-30 14:17:05,632 [INFO] PluginManage:310 - Check plugin ipmanager
2025-04-30 14:17:05,639 [INFO] PluginManage:359 - Loaded plugin ipmanager (category:base,tabindex:5)
2025-04-30 14:17:05,639 [INFO] PluginManage:310 - Check plugin lpbam
2025-04-30 14:17:05,649 [INFO] PluginManage:359 - Loaded plugin lpbam (category:base,tabindex:0)
2025-04-30 14:17:05,649 [INFO] PluginManage:310 - Check plugin memorymap
2025-04-30 14:17:05,670 [INFO] PluginManage:359 - Loaded plugin memorymap (category:base,tabindex:4)
2025-04-30 14:17:05,670 [INFO] PluginManage:310 - Check plugin pinoutandconfiguration
2025-04-30 14:17:05,682 [INFO] PluginManage:359 - Loaded plugin pinoutandconfiguration (category:base,tabindex:1)
2025-04-30 14:17:05,682 [INFO] PluginManage:310 - Check plugin pinoutconfig
2025-04-30 14:17:05,787 [WARN] SupportedApi:132 - Cannot load RTOS API schema: s4s-elt-must-match.1: The content of 'definitions' must match (annotation?, (simpleType | complexType)?, (unique | key | keyref)*)). A problem was found starting at: attribute.
2025-04-30 14:17:05,954 [INFO] PluginManage:359 - Loaded plugin pinoutconfig (category:base,tabindex:0)
2025-04-30 14:17:05,954 [INFO] PluginManage:310 - Check plugin power
2025-04-30 14:17:05,966 [INFO] PluginManage:359 - Loaded plugin power (category:power,tabindex:4)
2025-04-30 14:17:05,966 [INFO] PluginManage:310 - Check plugin projectmanager
2025-04-30 14:17:05,985 [INFO] PluginManage:359 - Loaded plugin projectmanager (category:projectmanager,tabindex:4)
2025-04-30 14:17:05,985 [INFO] PluginManage:310 - Check plugin rif
2025-04-30 14:17:05,995 [INFO] PluginManage:359 - Loaded plugin rif (category:base,tabindex:3)
2025-04-30 14:17:05,995 [INFO] PluginManage:310 - Check plugin thirdparty
2025-04-30 14:17:06,200 [INFO] PluginManage:359 - Loaded plugin thirdparty (category:base,tabindex:-1)
2025-04-30 14:17:06,200 [INFO] PluginManage:310 - Check plugin tools
2025-04-30 14:17:06,201 [WARN] IntegrityCheckThread:84 - waiting for thirdparty lock release [integrity check]
2025-04-30 14:17:06,204 [INFO] IntegrityCheckThread:86 - entering critical section [integrity check]
2025-04-30 14:17:06,204 [INFO] PluginManage:359 - Loaded plugin tools (category:base,tabindex:7)
2025-04-30 14:17:06,205 [INFO] PluginManage:310 - Check plugin tutovideos
2025-04-30 14:17:06,205 [INFO] ThirdPartyUpdaterWithRetryManager:70 - Updater plugin not ready yet. [1/15]
2025-04-30 14:17:06,492 [INFO] PluginManage:359 - Loaded plugin tutovideos (category:base,tabindex:-1)
2025-04-30 14:17:06,492 [INFO] PluginManage:310 - Check plugin updater
2025-04-30 14:17:06,520 [INFO] PluginManage:359 - Loaded plugin updater (category:base,tabindex:12)
2025-04-30 14:17:06,520 [INFO] PluginManage:310 - Check plugin userauth
2025-04-30 14:17:06,527 [INFO] UserAuth:118 - Init User Auth plugin
2025-04-30 14:17:06,530 [INFO] PluginManage:359 - Loaded plugin userauth (category:base,tabindex:14)
2025-04-30 14:17:06,530 [INFO] PluginManage:283 - PluginManage : Loaded plugins [18]
2025-04-30 14:17:06,775 [INFO] PinOutPanel:1589 - setPackage(No Configuration,No Configuration)
2025-04-30 14:17:06,876 [INFO] CADModel:165 - CPN selected for project level
2025-04-30 14:17:06,876 [INFO] CADModel:114 - Register for checkConnection events
2025-04-30 14:17:06,896 [INFO] IPUIPlugin:80 - create IPUIPlugin
2025-04-30 14:17:06,897 [INFO] PluginManager:220 - loadIPPluginJar : add adc
2025-04-30 14:17:06,900 [INFO] IPUIPlugin:80 - create IPUIPlugin
2025-04-30 14:17:06,900 [INFO] PluginManager:220 - loadIPPluginJar : add aes
2025-04-30 14:17:06,904 [INFO] IPUIPlugin:80 - create IPUIPlugin
2025-04-30 14:17:06,904 [INFO] PluginManager:220 - loadIPPluginJar : add can
2025-04-30 14:17:06,907 [INFO] IPUIPlugin:80 - create IPUIPlugin
2025-04-30 14:17:06,907 [INFO] PluginManager:220 - loadIPPluginJar : add comp
2025-04-30 14:17:06,910 [INFO] IPUIPlugin:80 - create IPUIPlugin
2025-04-30 14:17:06,910 [INFO] PluginManager:220 - loadIPPluginJar : add cryp
2025-04-30 14:17:06,914 [INFO] IPUIPlugin:80 - create IPUIPlugin
2025-04-30 14:17:06,914 [INFO] PluginManager:220 - loadIPPluginJar : add ddr_ctrl_phy
2025-04-30 14:17:06,918 [INFO] IPUIPlugin:80 - create IPUIPlugin
2025-04-30 14:17:06,918 [INFO] PluginManager:220 - loadIPPluginJar : add dfsdm
2025-04-30 14:17:06,924 [INFO] IPUIPlugin:80 - create IPUIPlugin
2025-04-30 14:17:06,924 [INFO] PluginManager:220 - loadIPPluginJar : add dma
2025-04-30 14:17:06,927 [INFO] IPUIPlugin:80 - create IPUIPlugin
2025-04-30 14:17:06,927 [INFO] PluginManager:220 - loadIPPluginJar : add dma3
2025-04-30 14:17:06,931 [INFO] IPUIPlugin:80 - create IPUIPlugin
2025-04-30 14:17:06,931 [INFO] PluginManager:220 - loadIPPluginJar : add extmemmanager
2025-04-30 14:17:06,933 [INFO] IPUIPlugin:80 - create IPUIPlugin
2025-04-30 14:17:06,933 [INFO] PluginManager:220 - loadIPPluginJar : add fatfs
2025-04-30 14:17:06,939 [INFO] IPUIPlugin:80 - create IPUIPlugin
2025-04-30 14:17:06,939 [INFO] PluginManager:220 - loadIPPluginJar : add fmc
2025-04-30 14:17:06,945 [INFO] IPUIPlugin:80 - create IPUIPlugin
2025-04-30 14:17:06,945 [INFO] PluginManager:220 - loadIPPluginJar : add freertos
2025-04-30 14:17:06,947 [INFO] IPUIPlugin:80 - create IPUIPlugin
2025-04-30 14:17:06,947 [INFO] PluginManager:220 - loadIPPluginJar : add genericplugin
2025-04-30 14:17:06,950 [INFO] IPUIPlugin:80 - create IPUIPlugin
2025-04-30 14:17:06,950 [INFO] PluginManager:220 - loadIPPluginJar : add gfxmmu
2025-04-30 14:17:06,956 [INFO] IPUIPlugin:80 - create IPUIPlugin
2025-04-30 14:17:06,956 [INFO] PluginManager:220 - loadIPPluginJar : add gic
2025-04-30 14:17:06,960 [INFO] IPUIPlugin:80 - create IPUIPlugin
2025-04-30 14:17:06,960 [INFO] PluginManager:220 - loadIPPluginJar : add gpio
2025-04-30 14:17:06,963 [INFO] IPUIPlugin:80 - create IPUIPlugin
2025-04-30 14:17:06,963 [INFO] PluginManager:220 - loadIPPluginJar : add gtzc
2025-04-30 14:17:06,966 [INFO] IPUIPlugin:80 - create IPUIPlugin
2025-04-30 14:17:06,966 [INFO] PluginManager:220 - loadIPPluginJar : add hash
2025-04-30 14:17:06,969 [INFO] IPUIPlugin:80 - create IPUIPlugin
2025-04-30 14:17:06,969 [INFO] PluginManager:220 - loadIPPluginJar : add i2c
2025-04-30 14:17:06,972 [INFO] IPUIPlugin:80 - create IPUIPlugin
2025-04-30 14:17:06,972 [INFO] PluginManager:220 - loadIPPluginJar : add i2s
2025-04-30 14:17:06,976 [INFO] IPUIPlugin:80 - create IPUIPlugin
2025-04-30 14:17:06,976 [INFO] PluginManager:220 - loadIPPluginJar : add i3c
2025-04-30 14:17:06,979 [INFO] IPUIPlugin:80 - create IPUIPlugin
2025-04-30 14:17:06,979 [INFO] PluginManager:220 - loadIPPluginJar : add ipddr
2025-04-30 14:17:06,988 [INFO] IPUIPlugin:80 - create IPUIPlugin
2025-04-30 14:17:06,988 [INFO] PluginManager:220 - loadIPPluginJar : add linkedlist
2025-04-30 14:17:06,991 [INFO] IPUIPlugin:80 - create IPUIPlugin
2025-04-30 14:17:06,991 [INFO] PluginManager:220 - loadIPPluginJar : add lorawan
2025-04-30 14:17:06,993 [INFO] IPUIPlugin:80 - create IPUIPlugin
2025-04-30 14:17:06,993 [INFO] PluginManager:220 - loadIPPluginJar : add ltdc
2025-04-30 14:17:07,000 [INFO] IPUIPlugin:80 - create IPUIPlugin
2025-04-30 14:17:07,000 [INFO] PluginManager:220 - loadIPPluginJar : add mdma
2025-04-30 14:17:07,004 [INFO] IPUIPlugin:80 - create IPUIPlugin
2025-04-30 14:17:07,004 [INFO] PluginManager:220 - loadIPPluginJar : add nvic
2025-04-30 14:17:07,008 [INFO] IPUIPlugin:80 - create IPUIPlugin
2025-04-30 14:17:07,008 [INFO] PluginManager:220 - loadIPPluginJar : add opamp
2025-04-30 14:17:07,012 [INFO] IPUIPlugin:80 - create IPUIPlugin
2025-04-30 14:17:07,013 [INFO] PluginManager:220 - loadIPPluginJar : add openamp
2025-04-30 14:17:07,017 [INFO] IPUIPlugin:80 - create IPUIPlugin
2025-04-30 14:17:07,018 [INFO] PluginManager:220 - loadIPPluginJar : add pdm2pcm
2025-04-30 14:17:07,023 [INFO] IPUIPlugin:80 - create IPUIPlugin
2025-04-30 14:17:07,026 [INFO] PluginManager:220 - loadIPPluginJar : add plateformsettings
2025-04-30 14:17:07,028 [INFO] IPUIPlugin:80 - create IPUIPlugin
2025-04-30 14:17:07,028 [INFO] PluginManager:220 - loadIPPluginJar : add quadspi
2025-04-30 14:17:07,031 [INFO] IPUIPlugin:80 - create IPUIPlugin
2025-04-30 14:17:07,031 [INFO] PluginManager:220 - loadIPPluginJar : add radio
2025-04-30 14:17:07,041 [INFO] IPUIPlugin:80 - create IPUIPlugin
2025-04-30 14:17:07,041 [INFO] PluginManager:220 - loadIPPluginJar : add resmgrutility
2025-04-30 14:17:07,045 [INFO] IPUIPlugin:80 - create IPUIPlugin
2025-04-30 14:17:07,045 [INFO] PluginManager:220 - loadIPPluginJar : add sai
2025-04-30 14:17:07,049 [INFO] IPUIPlugin:80 - create IPUIPlugin
2025-04-30 14:17:07,049 [INFO] PluginManager:220 - loadIPPluginJar : add spi
2025-04-30 14:17:07,054 [INFO] IPUIPlugin:80 - create IPUIPlugin
2025-04-30 14:17:07,055 [INFO] PluginManager:220 - loadIPPluginJar : add stm32_wpan
2025-04-30 14:17:07,057 [INFO] IPUIPlugin:80 - create IPUIPlugin
2025-04-30 14:17:07,057 [INFO] PluginManager:220 - loadIPPluginJar : add tim
2025-04-30 14:17:07,060 [INFO] IPUIPlugin:80 - create IPUIPlugin
2025-04-30 14:17:07,060 [INFO] PluginManager:220 - loadIPPluginJar : add touchsensing
2025-04-30 14:17:07,063 [INFO] IPUIPlugin:80 - create IPUIPlugin
2025-04-30 14:17:07,063 [INFO] PluginManager:220 - loadIPPluginJar : add tracer_emb
2025-04-30 14:17:07,065 [INFO] IPUIPlugin:80 - create IPUIPlugin
2025-04-30 14:17:07,065 [INFO] PluginManager:220 - loadIPPluginJar : add ts
2025-04-30 14:17:07,068 [INFO] IPUIPlugin:80 - create IPUIPlugin
2025-04-30 14:17:07,068 [INFO] PluginManager:220 - loadIPPluginJar : add tsc
2025-04-30 14:17:07,070 [INFO] IPUIPlugin:80 - create IPUIPlugin
2025-04-30 14:17:07,070 [INFO] PluginManager:220 - loadIPPluginJar : add ucpd
2025-04-30 14:17:07,073 [INFO] IPUIPlugin:80 - create IPUIPlugin
2025-04-30 14:17:07,073 [INFO] PluginManager:220 - loadIPPluginJar : add usart
2025-04-30 14:17:07,076 [INFO] IPUIPlugin:80 - create IPUIPlugin
2025-04-30 14:17:07,076 [INFO] PluginManager:220 - loadIPPluginJar : add usbx
2025-04-30 14:17:07,205 [FATAL] Updater:351 - Updater called before beeing initialized
2025-04-30 14:17:07,236 [INFO] RulesReader:64 - Compatibility file has been processed (301 Rules)
2025-04-30 14:17:07,267 [INFO] RulesReader:64 - Compatibility file has been processed (301 Rules)
2025-04-30 14:17:07,274 [INFO] CADModel:165 - CPN selected for project level
2025-04-30 14:17:07,274 [INFO] CADModel:114 - Register for checkConnection events
2025-04-30 14:17:07,274 [FATAL] Updater:351 - Updater called before beeing initialized
2025-04-30 14:17:07,274 [ERROR] CADModel:125 - Updater not yet initialized, retry later 
2025-04-30 14:17:07,450 [FATAL] Updater:351 - Updater called before beeing initialized
2025-04-30 14:17:07,453 [INFO] CADModel:165 - CPN selected for project level
2025-04-30 14:17:07,453 [INFO] CADModel:114 - Register for checkConnection events
2025-04-30 14:17:07,453 [FATAL] Updater:351 - Updater called before beeing initialized
2025-04-30 14:17:07,453 [ERROR] CADModel:125 - Updater not yet initialized, retry later 
2025-04-30 14:17:07,457 [FATAL] Updater:351 - Updater called before beeing initialized
2025-04-30 14:17:07,570 [FATAL] Updater:351 - Updater called before beeing initialized
2025-04-30 14:17:07,576 [INFO] DbMcusAds:53 - JSON generation date=Thu Mar 06 06:54:22 PST 2025 (1741272862078)
2025-04-30 14:17:07,576 [FATAL] Updater:351 - Updater called before beeing initialized
2025-04-30 14:17:07,628 [WARN] DetailPanel:346 - Failed to get advertising image, set to default
2025-04-30 14:17:08,014 [FATAL] Updater:351 - Updater called before beeing initialized
2025-04-30 14:17:08,016 [FATAL] Updater:351 - Updater called before beeing initialized
2025-04-30 14:17:08,016 [FATAL] Updater:351 - Updater called before beeing initialized
2025-04-30 14:17:08,016 [WARN] DetailPanel:346 - Failed to get advertising image, set to default
2025-04-30 14:17:08,017 [FATAL] Updater:351 - Updater called before beeing initialized
2025-04-30 14:17:08,058 [ERROR] Updater:1198 - MainUpdater not yet initialized. External WinMGr cannot be set.
2025-04-30 14:17:08,060 [INFO] Updater:1134 - Updater Version found : 6.14.0
2025-04-30 14:17:08,089 [INFO] ApplicationProperties:184 - Using Application install path: C:\ST\STM32CubeIDE_1.16.1\STM32CubeIDE\plugins\com.st.stm32cube.common.mx_6.14.0.202502271554
2025-04-30 14:17:09,208 [INFO] ThirdPartyUpdaterWithRetryManager:70 - Updater plugin not ready yet. [2/15]
2025-04-30 14:17:09,665 [ERROR] LogOutputStream:75 - [STDERR_REDIRECT] Apr 30, 2025 2:17:09 PM java.util.prefs.WindowsPreferences <init>
2025-04-30 14:17:09,666 [ERROR] LogOutputStream:75 - [STDERR_REDIRECT] WARNING: Could not open/create prefs root node Software\JavaSoft\Prefs at root 0xffffffff80000002. Windows RegCreateKeyEx(...) returned error code 5.
2025-04-30 14:17:09,666 [ERROR] LogOutputStream:75 - [STDERR_REDIRECT] 
2025-04-30 14:17:10,000 [INFO] MainUpdater:2872 - connection check result : 10
2025-04-30 14:17:10,001 [INFO] MainUpdater:289 - Updater Check For Update Now.
2025-04-30 14:17:10,001 [INFO] MicroXplorer:498 - Change Database Version : DB.6.0.140
2025-04-30 14:17:10,005 [INFO] McuFinderGlobals:63 - Set McuFinder mode to 2 (CubeIDE integrated)
2025-04-30 14:17:10,005 [INFO] UserAuth:171 - activating auth plugin
2025-04-30 14:17:10,009 [INFO] UserAuth:486 - Internet connection configuration mode: 1
2025-04-30 14:17:10,031 [INFO] JxBrowserEngine:152 - Initiate JxBrowser Engine with user profile folder
2025-04-30 14:17:10,174 [INFO] CheckServerUpdateThread:120 - End of CheckServer Thread
2025-04-30 14:17:12,551 [INFO] WebApp:169 - Instantiating new browser for Auth
2025-04-30 14:17:12,562 [WARN] PackLoader:240 - Cannot read IP mode file for STMicroelectronics.FP-SNS-MOTENVWB1.1.4.0
2025-04-30 14:17:12,606 [WARN] PackLoader:240 - Cannot read IP mode file for STMicroelectronics.FP-ATR-ASTRA1.2.0.2
2025-04-30 14:17:12,614 [WARN] PackLoader:240 - Cannot read IP mode file for STMicroelectronics.FP-ATR-ASTRA1.2.0.1
2025-04-30 14:17:12,639 [WARN] PackLoader:240 - Cannot read IP mode file for STMicroelectronics.X-CUBE-SMBUS.2.1.0
2025-04-30 14:17:12,654 [WARN] PackLoader:240 - Cannot read IP mode file for STMicroelectronics.X-CUBE-WB05N.1.1.0
2025-04-30 14:17:12,721 [WARN] PackLoader:240 - Cannot read IP mode file for STMicroelectronics.X-CUBE-AZRTOS-F7.1.1.0
2025-04-30 14:17:12,793 [WARN] PackLoader:240 - Cannot read IP mode file for STMicroelectronics.X-CUBE-MEMS1.11.0.0
2025-04-30 14:17:13,014 [WARN] PackLoader:240 - Cannot read IP mode file for STMicroelectronics.FP-SNS-FLIGHT1.5.0.2
2025-04-30 14:17:13,025 [WARN] PackLoader:240 - Cannot read IP mode file for STMicroelectronics.X-CUBE-DISPLAY.3.0.0
2025-04-30 14:17:13,039 [WARN] PackLoader:240 - Cannot read IP mode file for STMicroelectronics.X-CUBE-BLE1.7.0.0
2025-04-30 14:17:13,048 [WARN] PackLoader:240 - Cannot read IP mode file for STMicroelectronics.X-CUBE-NFC10.1.0.0
2025-04-30 14:17:13,061 [WARN] PackLoader:240 - Cannot read IP mode file for STMicroelectronics.X-CUBE-BLEMGR.4.0.0
2025-04-30 14:17:13,069 [WARN] PackLoader:240 - Cannot read IP mode file for emotas.I-CUBE-CANOPEN.1.3.0
2025-04-30 14:17:13,082 [WARN] PackLoader:240 - Cannot read IP mode file for STMicroelectronics.X-CUBE-BLEMGR.3.1.0
2025-04-30 14:17:13,091 [WARN] PackLoader:240 - Cannot read IP mode file for STMicroelectronics.X-CUBE-AI.10.0.0
2025-04-30 14:17:13,098 [WARN] PackLoader:240 - Cannot read IP mode file for STMicroelectronics.FP-SNS-SMARTAG2.1.2.0
2025-04-30 14:17:13,102 [WARN] PackLoader:240 - Cannot read IP mode file for STMicroelectronics.FP-SNS-FLIGHT1.5.1.0
2025-04-30 14:17:13,163 [WARN] PackLoader:240 - Cannot read IP mode file for STMicroelectronics.X-CUBE-MEMS1.11.1.0
2025-04-30 14:17:13,347 [INFO] LogOutputStream:77 - [STDOUT_REDIRECT] 1 : Invalid condition id : UX_CORESTACK_Condition cause : null
2025-04-30 14:17:13,348 [INFO] LogOutputStream:77 - [STDOUT_REDIRECT] 1 : Invalid condition id : UX_CORESTACK_Condition cause : null
2025-04-30 14:17:13,349 [INFO] LogOutputStream:77 - [STDOUT_REDIRECT] 1 : Invalid condition id : UX_CORESTACK_Condition cause : null
2025-04-30 14:17:13,351 [INFO] LogOutputStream:77 - [STDOUT_REDIRECT] 1 : Invalid condition id : UX_CORESTACK_Condition cause : null
2025-04-30 14:17:13,353 [INFO] LogOutputStream:77 - [STDOUT_REDIRECT] 1 : Invalid condition id : UX_CORESTACK_Condition cause : null
2025-04-30 14:17:13,358 [WARN] PackLoader:240 - Cannot read IP mode file for STMicroelectronics.X-CUBE-AZRTOS-WL.2.0.0
2025-04-30 14:17:13,366 [WARN] PackLoader:240 - Cannot read IP mode file for STMicroelectronics.FP-SNS-MOTENV1.5.0.0
2025-04-30 14:17:13,374 [WARN] PackLoader:240 - Cannot read IP mode file for wolfSSL.I-CUBE-wolfMQTT.1.19.0
2025-04-30 14:17:13,387 [WARN] PackLoader:240 - Cannot read IP mode file for WES.I-CUBE-Cesium.1.3.0
2025-04-30 14:17:13,394 [WARN] PackLoader:240 - Cannot read IP mode file for STMicroelectronics.X-CUBE-BLE2.3.3.0
2025-04-30 14:17:13,418 [WARN] PackLoader:240 - Cannot read IP mode file for STMicroelectronics.X-CUBE-NFC9.1.0.0
2025-04-30 14:17:13,425 [WARN] PackLoader:240 - Cannot read IP mode file for STMicroelectronics.X-CUBE-BLE1.7.1.0
2025-04-30 14:17:13,432 [WARN] PackLoader:240 - Cannot read IP mode file for STMicroelectronics.X-CUBE-TCPP.4.1.0
2025-04-30 14:17:13,493 [WARN] PackLoader:240 - Cannot read IP mode file for STMicroelectronics.X-CUBE-MEMS1.11.2.0
2025-04-30 14:17:13,761 [INFO] WebApp:463 - Apply proxy settings
2025-04-30 14:17:13,761 [INFO] WebApp:548 - Chromium requires no authentication
2025-04-30 14:17:13,769 [WARN] PackLoader:240 - Cannot read IP mode file for STMicroelectronics.X-CUBE-AZRTOS-G0.1.1.0
2025-04-30 14:17:13,781 [WARN] PackLoader:240 - Cannot read IP mode file for STMicroelectronics.X-CUBE-SAFEA1.1.2.2
2025-04-30 14:17:13,782 [INFO] WebApp:491 - Direct internet connection detected
2025-04-30 14:17:13,801 [WARN] PackLoader:240 - Cannot read IP mode file for STMicroelectronics.X-CUBE-NFC4.3.0.0
2025-04-30 14:17:13,813 [WARN] PackLoader:240 - Cannot read IP mode file for EmbeddedOffice.I-CUBE-FS-RTOS.1.0.1
2025-04-30 14:17:13,821 [WARN] PackLoader:240 - Cannot read IP mode file for STMicroelectronics.X-CUBE-WB05N.2.0.0
2025-04-30 14:17:13,827 [WARN] PackLoader:240 - Cannot read IP mode file for STMicroelectronics.X-CUBE-TCPP.4.2.0
2025-04-30 14:17:13,836 [INFO] WebApp:894 - Register for checkConnection events
2025-04-30 14:17:13,836 [INFO] WebApp:463 - Apply proxy settings
2025-04-30 14:17:13,836 [INFO] WebApp:548 - Chromium requires no authentication
2025-04-30 14:17:13,837 [WARN] PackLoader:240 - Cannot read IP mode file for RealThread.X-CUBE-RT-Thread_Nano.4.1.1
2025-04-30 14:17:13,840 [INFO] WebApp:491 - Direct internet connection detected
2025-04-30 14:17:13,842 [WARN] PackLoader:240 - Cannot read IP mode file for STMicroelectronics.FP-ATR-SIGFOX1.3.2.0
2025-04-30 14:17:13,847 [WARN] ConditionMgr:438 - getConditionDescription Invalid condition id : Cortex-A Device cause : null
2025-04-30 14:17:13,862 [WARN] ConditionMgr:1044 - genDependencies : Invalid condition id : Cortex-A Device cause : null
2025-04-30 14:17:13,862 [WARN] ConditionMgr:1044 - genDependencies : Invalid condition id : Cortex-A Device cause : null
2025-04-30 14:17:13,862 [WARN] ConditionMgr:1044 - genDependencies : Invalid condition id : Cortex-A Device cause : null
2025-04-30 14:17:13,868 [WARN] PackLoader:240 - Cannot read IP mode file for STMicroelectronics.X-CUBE-EEPRMA1.5.1.0
2025-04-30 14:17:13,875 [WARN] PackLoader:240 - Cannot read IP mode file for wolfSSL.I-CUBE-wolfSSL.5.7.4
2025-04-30 14:17:13,882 [WARN] PackLoader:240 - Cannot read IP mode file for ITTIA_DB.I-CUBE-ITTIADB.8.9.0
2025-04-30 14:17:13,921 [WARN] PackLoader:240 - Cannot read IP mode file for SEGGER.I-CUBE-embOS.1.3.1
2025-04-30 14:17:13,974 [INFO] WebApp:191 - Connection restablished
2025-04-30 14:17:14,012 [WARN] PackLoader:240 - Cannot read IP mode file for STMicroelectronics.X-CUBE-ALGOBUILD.1.4.0
2025-04-30 14:17:14,019 [WARN] PackLoader:240 - Cannot read IP mode file for STMicroelectronics.X-CUBE-AI.9.1.0
2025-04-30 14:17:14,037 [WARN] PackLoader:240 - Cannot read IP mode file for STMicroelectronics.X-CUBE-AZRTOS-F4.1.1.0
2025-04-30 14:17:14,046 [WARN] PackLoader:240 - Cannot read IP mode file for STMicroelectronics.X-CUBE-ISPU.2.1.0
2025-04-30 14:17:14,052 [WARN] PackLoader:240 - Cannot read IP mode file for STMicroelectronics.X-CUBE-FREERTOS.1.2.0
2025-04-30 14:17:14,070 [WARN] PackLoader:240 - Cannot read IP mode file for STMicroelectronics.X-CUBE-AZRTOS-L5.2.0.0
2025-04-30 14:17:14,091 [WARN] PackLoader:240 - Cannot read IP mode file for STMicroelectronics.X-CUBE-NFC6.3.1.0
2025-04-30 14:17:14,106 [WARN] PackLoader:240 - Cannot read IP mode file for STMicroelectronics.X-CUBE-DPower.1.2.0
2025-04-30 14:17:14,113 [WARN] PackLoader:240 - Cannot read IP mode file for STMicroelectronics.X-CUBE-FREERTOS.1.3.0
2025-04-30 14:17:14,120 [WARN] PackLoader:240 - Cannot read IP mode file for STMicroelectronics.X-CUBE-NFC7.1.0.1
2025-04-30 14:17:14,127 [WARN] PackLoader:240 - Cannot read IP mode file for STMicroelectronics.X-CUBE-DPower.1.3.0
2025-04-30 14:17:14,175 [WARN] ConditionMgr:438 - getConditionDescription Invalid condition id : LAN8742 Phy interface Condition cause : null
2025-04-30 14:17:14,176 [WARN] PackLoader:240 - Cannot read IP mode file for STMicroelectronics.X-CUBE-AZRTOS-L4.2.0.0
2025-04-30 14:17:14,178 [WARN] ConditionMgr:1044 - genDependencies : Invalid condition id : LAN8742 Phy interface Condition cause : null
2025-04-30 14:17:14,179 [WARN] ConditionMgr:1044 - genDependencies : Invalid condition id : LAN8742 Phy interface Condition cause : null
2025-04-30 14:17:14,182 [WARN] ConditionMgr:1044 - genDependencies : Invalid condition id : LAN8742 Phy interface Condition cause : null
2025-04-30 14:17:14,196 [WARN] PackLoader:240 - Cannot read IP mode file for STMicroelectronics.X-CUBE-SFXS2LP1.4.0.0
2025-04-30 14:17:14,233 [WARN] PackLoader:240 - Cannot read IP mode file for STMicroelectronics.X-CUBE-AZRTOS-H7.3.3.0
2025-04-30 14:17:14,278 [WARN] PackLoader:240 - Cannot read IP mode file for STMicroelectronics.X-CUBE-IPS.3.0.0
2025-04-30 14:17:14,412 [WARN] ConditionMgr:438 - getConditionDescription Invalid condition id : UX DEVICE CLASS RTOS Condition cause : null
2025-04-30 14:17:14,413 [WARN] ConditionMgr:438 - getConditionDescription Invalid condition id : UX DEVICE CLASS RTOS Condition cause : null
2025-04-30 14:17:14,419 [WARN] PackLoader:240 - Cannot read IP mode file for STMicroelectronics.X-CUBE-AZRTOS-WB.2.0.0
2025-04-30 14:17:14,421 [WARN] ConditionMgr:1044 - genDependencies : Invalid condition id : UX DEVICE CLASS RTOS Condition cause : null
2025-04-30 14:17:14,421 [WARN] ConditionMgr:1044 - genDependencies : Invalid condition id : UX DEVICE CLASS RTOS Condition cause : null
2025-04-30 14:17:14,422 [WARN] ConditionMgr:1044 - genDependencies : Invalid condition id : UX DEVICE CLASS RTOS Condition cause : null
2025-04-30 14:17:14,422 [WARN] ConditionMgr:1044 - genDependencies : Invalid condition id : UX DEVICE CLASS RTOS Condition cause : null
2025-04-30 14:17:14,422 [WARN] ConditionMgr:1044 - genDependencies : Invalid condition id : UX DEVICE CLASS RTOS Condition cause : null
2025-04-30 14:17:14,449 [INFO] WebApp:225 - Starting web application
2025-04-30 14:17:14,449 [INFO] WebApp:593 - Web application path used C:\ST\STM32CubeIDE_1.16.1\STM32CubeIDE\plugins\com.st.stm32cube.common.mx_6.14.0.202502271554\db\plugins\mcufinder\reactClient1\index.html
2025-04-30 14:17:14,458 [WARN] PackLoader:240 - Cannot read IP mode file for STMicroelectronics.X-CUBE-GNSS1.7.0.0
2025-04-30 14:17:14,466 [WARN] PackLoader:240 - Cannot read IP mode file for STMicroelectronics.X-CUBE-GNSS1.7.0.1
2025-04-30 14:17:14,473 [WARN] PackLoader:240 - Cannot read IP mode file for STMicroelectronics.X-CUBE-TOUCHGFX.4.25.0
2025-04-30 14:17:14,495 [WARN] PackLoader:240 - Cannot read IP mode file for STMicroelectronics.FP-SNS-STBOX1.2.0.0
2025-04-30 14:17:14,511 [WARN] PackLoader:240 - Cannot read IP mode file for STMicroelectronics.X-CUBE-SUBG2.5.0.0
2025-04-30 14:17:14,545 [WARN] PackLoader:240 - Cannot read IP mode file for STMicroelectronics.X-CUBE-AZRTOS-H7RS.1.1.0
2025-04-30 14:17:14,553 [WARN] PackLoader:240 - Cannot read IP mode file for Cesanta.I-CUBE-Mongoose.7.13.0
2025-04-30 14:17:14,567 [WARN] PackLoader:240 - Cannot read IP mode file for STMicroelectronics.X-CUBE-AZRTOS-G4.2.0.0
2025-04-30 14:17:14,583 [WARN] PackLoader:240 - Cannot read IP mode file for STMicroelectronics.X-CUBE-IPS.3.1.0
2025-04-30 14:17:14,594 [WARN] PackLoader:240 - Cannot read IP mode file for STMicroelectronics.X-CUBE-ALS.1.0.2
2025-04-30 14:17:14,598 [WARN] PackLoader:240 - Cannot read IP mode file for STMicroelectronics.X-CUBE-TOUCHGFX.4.24.2
2025-04-30 14:17:14,604 [WARN] PackLoader:240 - Cannot read IP mode file for STMicroelectronics.X-CUBE-TOUCHGFX.4.24.1
2025-04-30 14:17:14,608 [WARN] PackLoader:240 - Cannot read IP mode file for wolfSSL.I-CUBE-wolfTPM.3.4.0
2025-04-30 14:17:14,622 [WARN] PackLoader:240 - Cannot read IP mode file for portGmbH.I-Cube-SoM-uGOAL.1.1.0
2025-04-30 14:17:14,643 [WARN] PackLoader:240 - Cannot read IP mode file for STMicroelectronics.X-CUBE-AZRTOS-H7RS.1.0.0
2025-04-30 14:17:14,658 [WARN] PackLoader:240 - Cannot read IP mode file for STMicroelectronics.FP-ATR-ASTRA1.2.0.0
2025-04-30 14:17:14,670 [WARN] PackLoader:240 - Cannot read IP mode file for STMicroelectronics.X-CUBE-TOF1.3.4.2
2025-04-30 14:17:14,701 [WARN] PackLoader:240 - Cannot read IP mode file for STMicroelectronics.X-CUBE-TOF1.3.4.3
2025-04-30 14:17:14,731 [WARN] PackLoader:240 - Cannot read IP mode file for Infineon.AIROC-Wi-Fi-Bluetooth-STM32.1.6.1
2025-04-30 14:17:14,741 [WARN] PackLoader:240 - Cannot read IP mode file for wolfSSL.I-CUBE-wolfSSH.1.4.17
2025-04-30 14:17:14,743 [INFO] ThirdParty:978 - Integrity check success = true
2025-04-30 14:17:14,743 [INFO] IntegrityCheckThread:100 - exiting critical section [integrity check]
2025-04-30 14:17:14,743 [INFO] IntegrityCheckThread:103 - End integrity checks thread
2025-04-30 14:17:54,837 [ERROR] LogOutputStream:75 - [STDERR_REDIRECT] 
2025-04-30 14:17:54,839 [ERROR] LogOutputStream:75 - [STDERR_REDIRECT] 
2025-04-30 14:18:04,736 [INFO] Activator:176 - 


2025-04-30 14:18:04,738 [INFO] Activator:177 - !SESSION log4j initialized
2025-04-30 14:18:09,880 [INFO] LogOutputStream:77 - [STDOUT_REDIRECT] 
2025-04-30 14:18:10,691 [INFO] ApplicationProperties:184 - Using Application install path: C:\ST\STM32CubeIDE_1.16.1\STM32CubeIDE\plugins\com.st.stm32cube.common.mx_6.14.0.202502271554
2025-04-30 14:18:10,708 [INFO] DbMcusXml:78 - Set database path to: C:\ST\STM32CubeIDE_1.16.1\STM32CubeIDE\plugins\com.st.stm32cube.common.mx_6.14.0.202502271554\\db\/mcu/
2025-04-30 14:18:10,708 [INFO] ApiDb:274 - Set plugin database path to: C:\ST\STM32CubeIDE_1.16.1\STM32CubeIDE\plugins\com.st.stm32cube.common.mx_6.14.0.202502271554\\db\/plugins/boardmanager/
2025-04-30 14:18:10,709 [WARN] ApiDb:259 - Overriding images path with different value:  => C:\ST\STM32CubeIDE_1.16.1\STM32CubeIDE\plugins\com.st.stm32cube.common.mx_6.14.0.202502271554\\db\/plugins/mcufinder/images/
2025-04-30 14:18:10,713 [INFO] ApiDb:250 - Set database path to: C:\Users\yongj\.stmcufinder\plugins\mcufinder//mcu/
2025-04-30 14:18:10,714 [INFO] DbMcusAds:125 - Set database path to: C:\Users\yongj\.stmcufinder\plugins\mcufinder//mcu/
2025-04-30 14:18:10,716 [INFO] CrossReferenceDbSqlite:203 - Set database path to: C:\Users\yongj\.stmcufinder\plugins\mcufinder//mcu/cs/
2025-04-30 14:18:10,828 [INFO] RulesReader:64 - Compatibility file has been processed (301 Rules)
2025-04-30 14:18:10,896 [INFO] DbMcusXml:78 - Set database path to: C:\ST\STM32CubeIDE_1.16.1\STM32CubeIDE\plugins\com.st.stm32cube.common.mx_6.14.0.202502271554\\db\/mcu/
2025-04-30 14:18:10,896 [INFO] ApiDb:274 - Set plugin database path to: C:\ST\STM32CubeIDE_1.16.1\STM32CubeIDE\plugins\com.st.stm32cube.common.mx_6.14.0.202502271554\\db\/plugins/boardmanager/
2025-04-30 14:18:10,896 [INFO] ApiDb:261 - Set plugin images path to: C:\ST\STM32CubeIDE_1.16.1\STM32CubeIDE\plugins\com.st.stm32cube.common.mx_6.14.0.202502271554\\db\/plugins/mcufinder/images/
2025-04-30 14:18:10,897 [WARN] DbFile:41 - Overriding database path with different value: C:\Users\yongj\.stmcufinder\plugins\mcufinder/ => C:\Users\yongj\.stmcufinder\plugins\mcufinder
2025-04-30 14:18:10,897 [INFO] ApiDb:250 - Set database path to: C:\Users\yongj\.stmcufinder\plugins\mcufinder//mcu/
2025-04-30 14:18:10,897 [WARN] DbFile:41 - Overriding database path with different value: C:\Users\yongj\.stmcufinder\plugins\mcufinder/ => C:\Users\yongj\.stmcufinder\plugins\mcufinder
2025-04-30 14:18:10,897 [INFO] DbMcusAds:125 - Set database path to: C:\Users\yongj\.stmcufinder\plugins\mcufinder//mcu/
2025-04-30 14:18:10,897 [WARN] DbFile:41 - Overriding database path with different value: C:\Users\yongj\.stmcufinder\plugins\mcufinder/ => C:\Users\yongj\.stmcufinder\plugins\mcufinder
2025-04-30 14:18:10,897 [WARN] DbFile:41 - Overriding database path with different value: C:\Users\yongj\.stmcufinder\plugins\mcufinder/ => C:\Users\yongj\.stmcufinder\plugins\mcufinder
2025-04-30 14:18:10,897 [INFO] CrossReferenceDbSqlite:203 - Set database path to: C:\Users\yongj\.stmcufinder\plugins\mcufinder//mcu/cs/
2025-04-30 14:18:10,962 [INFO] MainPanel:272 - HeapMemory: 268435456
2025-04-30 14:18:11,049 [INFO] DbMcusXml:78 - Set database path to: C:\ST\STM32CubeIDE_1.16.1\STM32CubeIDE\plugins\com.st.stm32cube.common.mx_6.14.0.202502271554\\db\/mcu/
2025-04-30 14:18:11,049 [INFO] ApiDb:274 - Set plugin database path to: C:\ST\STM32CubeIDE_1.16.1\STM32CubeIDE\plugins\com.st.stm32cube.common.mx_6.14.0.202502271554\\db\/plugins/boardmanager/
2025-04-30 14:18:11,050 [INFO] ApiDb:261 - Set plugin images path to: C:\ST\STM32CubeIDE_1.16.1\STM32CubeIDE\plugins\com.st.stm32cube.common.mx_6.14.0.202502271554\\db\/plugins/mcufinder/images/
2025-04-30 14:18:11,050 [WARN] DbFile:41 - Overriding database path with different value: C:\Users\yongj\.stmcufinder\plugins\mcufinder/ => C:\Users\yongj\.stmcufinder\plugins\mcufinder
2025-04-30 14:18:11,050 [INFO] ApiDb:250 - Set database path to: C:\Users\yongj\.stmcufinder\plugins\mcufinder//mcu/
2025-04-30 14:18:11,050 [WARN] DbFile:41 - Overriding database path with different value: C:\Users\yongj\.stmcufinder\plugins\mcufinder/ => C:\Users\yongj\.stmcufinder\plugins\mcufinder
2025-04-30 14:18:11,050 [INFO] DbMcusAds:125 - Set database path to: C:\Users\yongj\.stmcufinder\plugins\mcufinder//mcu/
2025-04-30 14:18:11,050 [WARN] DbFile:41 - Overriding database path with different value: C:\Users\yongj\.stmcufinder\plugins\mcufinder/ => C:\Users\yongj\.stmcufinder\plugins\mcufinder
2025-04-30 14:18:11,050 [WARN] DbFile:41 - Overriding database path with different value: C:\Users\yongj\.stmcufinder\plugins\mcufinder/ => C:\Users\yongj\.stmcufinder\plugins\mcufinder
2025-04-30 14:18:11,050 [INFO] CrossReferenceDbSqlite:203 - Set database path to: C:\Users\yongj\.stmcufinder\plugins\mcufinder//mcu/cs/
2025-04-30 14:18:11,068 [INFO] ApplicationProperties:184 - Using Application install path: C:\ST\STM32CubeIDE_1.16.1\STM32CubeIDE\plugins\com.st.stm32cube.common.mx_6.14.0.202502271554
2025-04-30 14:18:11,070 [INFO] PluginManage:196 - Search for loadable plugins [exclusion list=, ]
2025-04-30 14:18:11,072 [INFO] PluginManage:310 - Check plugin analytics
2025-04-30 14:18:11,220 [INFO] AnalyticsPlugin:253 - Accepted Software Licenses: STM32CubeMX.6.14.1
2025-04-30 14:18:11,220 [INFO] AnalyticsPlugin:255 - Accepted CMSIS Pack Licenses: 
2025-04-30 14:18:11,220 [INFO] AnalyticsPlugin:257 - Accepted Firmware Licenses: 
2025-04-30 14:18:11,222 [INFO] PluginManage:359 - Loaded plugin analytics (category:tool,tabindex:-1)
2025-04-30 14:18:11,224 [INFO] PluginManage:310 - Check plugin cadmodel
2025-04-30 14:18:11,227 [INFO] CADModel:105 - Init CAD model plugin
2025-04-30 14:18:11,227 [INFO] PluginManage:359 - Loaded plugin cadmodel (category:power,tabindex:5)
2025-04-30 14:18:11,227 [INFO] PluginManage:310 - Check plugin clock
2025-04-30 14:18:11,235 [INFO] PluginManage:359 - Loaded plugin clock (category:base,tabindex:2)
2025-04-30 14:18:11,235 [INFO] PluginManage:310 - Check plugin ddr
2025-04-30 14:18:11,237 [INFO] PluginManage:359 - Loaded plugin ddr (category:tool,tabindex:6)
2025-04-30 14:18:11,237 [INFO] PluginManage:310 - Check plugin filemanager
2025-04-30 14:18:11,365 [INFO] PluginManage:359 - Loaded plugin filemanager (category:base,tabindex:10)
2025-04-30 14:18:11,365 [INFO] PluginManage:310 - Check plugin ipmanager
2025-04-30 14:18:11,370 [INFO] PluginManage:359 - Loaded plugin ipmanager (category:base,tabindex:5)
2025-04-30 14:18:11,371 [INFO] PluginManage:310 - Check plugin lpbam
2025-04-30 14:18:11,378 [INFO] PluginManage:359 - Loaded plugin lpbam (category:base,tabindex:0)
2025-04-30 14:18:11,378 [INFO] PluginManage:310 - Check plugin memorymap
2025-04-30 14:18:11,388 [INFO] PluginManage:359 - Loaded plugin memorymap (category:base,tabindex:4)
2025-04-30 14:18:11,388 [INFO] PluginManage:310 - Check plugin pinoutandconfiguration
2025-04-30 14:18:11,396 [INFO] PluginManage:359 - Loaded plugin pinoutandconfiguration (category:base,tabindex:1)
2025-04-30 14:18:11,396 [INFO] PluginManage:310 - Check plugin pinoutconfig
2025-04-30 14:18:11,489 [WARN] SupportedApi:132 - Cannot load RTOS API schema: s4s-elt-must-match.1: The content of 'definitions' must match (annotation?, (simpleType | complexType)?, (unique | key | keyref)*)). A problem was found starting at: attribute.
2025-04-30 14:18:11,635 [INFO] PluginManage:359 - Loaded plugin pinoutconfig (category:base,tabindex:0)
2025-04-30 14:18:11,635 [INFO] PluginManage:310 - Check plugin power
2025-04-30 14:18:11,643 [INFO] PluginManage:359 - Loaded plugin power (category:power,tabindex:4)
2025-04-30 14:18:11,644 [INFO] PluginManage:310 - Check plugin projectmanager
2025-04-30 14:18:11,664 [INFO] PluginManage:359 - Loaded plugin projectmanager (category:projectmanager,tabindex:4)
2025-04-30 14:18:11,664 [INFO] PluginManage:310 - Check plugin rif
2025-04-30 14:18:11,674 [INFO] PluginManage:359 - Loaded plugin rif (category:base,tabindex:3)
2025-04-30 14:18:11,674 [INFO] PluginManage:310 - Check plugin thirdparty
2025-04-30 14:18:11,820 [INFO] PluginManage:359 - Loaded plugin thirdparty (category:base,tabindex:-1)
2025-04-30 14:18:11,820 [WARN] IntegrityCheckThread:84 - waiting for thirdparty lock release [integrity check]
2025-04-30 14:18:11,821 [INFO] IntegrityCheckThread:86 - entering critical section [integrity check]
2025-04-30 14:18:11,821 [INFO] PluginManage:310 - Check plugin tools
2025-04-30 14:18:11,821 [INFO] ThirdPartyUpdaterWithRetryManager:70 - Updater plugin not ready yet. [1/15]
2025-04-30 14:18:11,824 [INFO] PluginManage:359 - Loaded plugin tools (category:base,tabindex:7)
2025-04-30 14:18:11,824 [INFO] PluginManage:310 - Check plugin tutovideos
2025-04-30 14:18:12,061 [INFO] PluginManage:359 - Loaded plugin tutovideos (category:base,tabindex:-1)
2025-04-30 14:18:12,062 [INFO] PluginManage:310 - Check plugin updater
2025-04-30 14:18:12,084 [INFO] PluginManage:359 - Loaded plugin updater (category:base,tabindex:12)
2025-04-30 14:18:12,084 [INFO] PluginManage:310 - Check plugin userauth
2025-04-30 14:18:12,089 [INFO] UserAuth:118 - Init User Auth plugin
2025-04-30 14:18:12,090 [INFO] PluginManage:359 - Loaded plugin userauth (category:base,tabindex:14)
2025-04-30 14:18:12,090 [INFO] PluginManage:283 - PluginManage : Loaded plugins [18]
2025-04-30 14:18:12,401 [INFO] PinOutPanel:1589 - setPackage(No Configuration,No Configuration)
2025-04-30 14:18:12,504 [INFO] CADModel:165 - CPN selected for project level
2025-04-30 14:18:12,504 [INFO] CADModel:114 - Register for checkConnection events
2025-04-30 14:18:12,525 [INFO] IPUIPlugin:80 - create IPUIPlugin
2025-04-30 14:18:12,525 [INFO] PluginManager:220 - loadIPPluginJar : add adc
2025-04-30 14:18:12,528 [INFO] IPUIPlugin:80 - create IPUIPlugin
2025-04-30 14:18:12,528 [INFO] PluginManager:220 - loadIPPluginJar : add aes
2025-04-30 14:18:12,531 [INFO] IPUIPlugin:80 - create IPUIPlugin
2025-04-30 14:18:12,532 [INFO] PluginManager:220 - loadIPPluginJar : add can
2025-04-30 14:18:12,534 [INFO] IPUIPlugin:80 - create IPUIPlugin
2025-04-30 14:18:12,534 [INFO] PluginManager:220 - loadIPPluginJar : add comp
2025-04-30 14:18:12,538 [INFO] IPUIPlugin:80 - create IPUIPlugin
2025-04-30 14:18:12,538 [INFO] PluginManager:220 - loadIPPluginJar : add cryp
2025-04-30 14:18:12,541 [INFO] IPUIPlugin:80 - create IPUIPlugin
2025-04-30 14:18:12,541 [INFO] PluginManager:220 - loadIPPluginJar : add ddr_ctrl_phy
2025-04-30 14:18:12,544 [INFO] IPUIPlugin:80 - create IPUIPlugin
2025-04-30 14:18:12,544 [INFO] PluginManager:220 - loadIPPluginJar : add dfsdm
2025-04-30 14:18:12,553 [INFO] IPUIPlugin:80 - create IPUIPlugin
2025-04-30 14:18:12,553 [INFO] PluginManager:220 - loadIPPluginJar : add dma
2025-04-30 14:18:12,568 [INFO] IPUIPlugin:80 - create IPUIPlugin
2025-04-30 14:18:12,569 [INFO] PluginManager:220 - loadIPPluginJar : add dma3
2025-04-30 14:18:12,573 [INFO] IPUIPlugin:80 - create IPUIPlugin
2025-04-30 14:18:12,573 [INFO] PluginManager:220 - loadIPPluginJar : add extmemmanager
2025-04-30 14:18:12,576 [INFO] IPUIPlugin:80 - create IPUIPlugin
2025-04-30 14:18:12,576 [INFO] PluginManager:220 - loadIPPluginJar : add fatfs
2025-04-30 14:18:12,583 [INFO] IPUIPlugin:80 - create IPUIPlugin
2025-04-30 14:18:12,583 [INFO] PluginManager:220 - loadIPPluginJar : add fmc
2025-04-30 14:18:12,592 [INFO] IPUIPlugin:80 - create IPUIPlugin
2025-04-30 14:18:12,592 [INFO] PluginManager:220 - loadIPPluginJar : add freertos
2025-04-30 14:18:12,594 [INFO] IPUIPlugin:80 - create IPUIPlugin
2025-04-30 14:18:12,594 [INFO] PluginManager:220 - loadIPPluginJar : add genericplugin
2025-04-30 14:18:12,596 [INFO] IPUIPlugin:80 - create IPUIPlugin
2025-04-30 14:18:12,596 [INFO] PluginManager:220 - loadIPPluginJar : add gfxmmu
2025-04-30 14:18:12,605 [INFO] IPUIPlugin:80 - create IPUIPlugin
2025-04-30 14:18:12,605 [INFO] PluginManager:220 - loadIPPluginJar : add gic
2025-04-30 14:18:12,611 [INFO] IPUIPlugin:80 - create IPUIPlugin
2025-04-30 14:18:12,611 [INFO] PluginManager:220 - loadIPPluginJar : add gpio
2025-04-30 14:18:12,615 [INFO] IPUIPlugin:80 - create IPUIPlugin
2025-04-30 14:18:12,615 [INFO] PluginManager:220 - loadIPPluginJar : add gtzc
2025-04-30 14:18:12,618 [INFO] IPUIPlugin:80 - create IPUIPlugin
2025-04-30 14:18:12,618 [INFO] PluginManager:220 - loadIPPluginJar : add hash
2025-04-30 14:18:12,622 [INFO] IPUIPlugin:80 - create IPUIPlugin
2025-04-30 14:18:12,623 [INFO] PluginManager:220 - loadIPPluginJar : add i2c
2025-04-30 14:18:12,625 [INFO] IPUIPlugin:80 - create IPUIPlugin
2025-04-30 14:18:12,626 [INFO] PluginManager:220 - loadIPPluginJar : add i2s
2025-04-30 14:18:12,629 [INFO] IPUIPlugin:80 - create IPUIPlugin
2025-04-30 14:18:12,629 [INFO] PluginManager:220 - loadIPPluginJar : add i3c
2025-04-30 14:18:12,632 [INFO] IPUIPlugin:80 - create IPUIPlugin
2025-04-30 14:18:12,633 [INFO] PluginManager:220 - loadIPPluginJar : add ipddr
2025-04-30 14:18:12,642 [INFO] IPUIPlugin:80 - create IPUIPlugin
2025-04-30 14:18:12,642 [INFO] PluginManager:220 - loadIPPluginJar : add linkedlist
2025-04-30 14:18:12,646 [INFO] IPUIPlugin:80 - create IPUIPlugin
2025-04-30 14:18:12,646 [INFO] PluginManager:220 - loadIPPluginJar : add lorawan
2025-04-30 14:18:12,649 [INFO] IPUIPlugin:80 - create IPUIPlugin
2025-04-30 14:18:12,650 [INFO] PluginManager:220 - loadIPPluginJar : add ltdc
2025-04-30 14:18:12,657 [INFO] IPUIPlugin:80 - create IPUIPlugin
2025-04-30 14:18:12,658 [INFO] PluginManager:220 - loadIPPluginJar : add mdma
2025-04-30 14:18:12,662 [INFO] IPUIPlugin:80 - create IPUIPlugin
2025-04-30 14:18:12,662 [INFO] PluginManager:220 - loadIPPluginJar : add nvic
2025-04-30 14:18:12,666 [INFO] IPUIPlugin:80 - create IPUIPlugin
2025-04-30 14:18:12,666 [INFO] PluginManager:220 - loadIPPluginJar : add opamp
2025-04-30 14:18:12,671 [INFO] IPUIPlugin:80 - create IPUIPlugin
2025-04-30 14:18:12,671 [INFO] PluginManager:220 - loadIPPluginJar : add openamp
2025-04-30 14:18:12,675 [INFO] IPUIPlugin:80 - create IPUIPlugin
2025-04-30 14:18:12,677 [INFO] PluginManager:220 - loadIPPluginJar : add pdm2pcm
2025-04-30 14:18:12,685 [INFO] IPUIPlugin:80 - create IPUIPlugin
2025-04-30 14:18:12,689 [INFO] PluginManager:220 - loadIPPluginJar : add plateformsettings
2025-04-30 14:18:12,691 [INFO] IPUIPlugin:80 - create IPUIPlugin
2025-04-30 14:18:12,691 [INFO] PluginManager:220 - loadIPPluginJar : add quadspi
2025-04-30 14:18:12,694 [INFO] IPUIPlugin:80 - create IPUIPlugin
2025-04-30 14:18:12,695 [INFO] PluginManager:220 - loadIPPluginJar : add radio
2025-04-30 14:18:12,699 [INFO] IPUIPlugin:80 - create IPUIPlugin
2025-04-30 14:18:12,699 [INFO] PluginManager:220 - loadIPPluginJar : add resmgrutility
2025-04-30 14:18:12,703 [INFO] IPUIPlugin:80 - create IPUIPlugin
2025-04-30 14:18:12,703 [INFO] PluginManager:220 - loadIPPluginJar : add sai
2025-04-30 14:18:12,707 [INFO] IPUIPlugin:80 - create IPUIPlugin
2025-04-30 14:18:12,707 [INFO] PluginManager:220 - loadIPPluginJar : add spi
2025-04-30 14:18:12,715 [INFO] IPUIPlugin:80 - create IPUIPlugin
2025-04-30 14:18:12,715 [INFO] PluginManager:220 - loadIPPluginJar : add stm32_wpan
2025-04-30 14:18:12,717 [INFO] IPUIPlugin:80 - create IPUIPlugin
2025-04-30 14:18:12,717 [INFO] PluginManager:220 - loadIPPluginJar : add tim
2025-04-30 14:18:12,722 [INFO] IPUIPlugin:80 - create IPUIPlugin
2025-04-30 14:18:12,722 [INFO] PluginManager:220 - loadIPPluginJar : add touchsensing
2025-04-30 14:18:12,723 [INFO] IPUIPlugin:80 - create IPUIPlugin
2025-04-30 14:18:12,723 [INFO] PluginManager:220 - loadIPPluginJar : add tracer_emb
2025-04-30 14:18:12,725 [INFO] IPUIPlugin:80 - create IPUIPlugin
2025-04-30 14:18:12,725 [INFO] PluginManager:220 - loadIPPluginJar : add ts
2025-04-30 14:18:12,727 [INFO] IPUIPlugin:80 - create IPUIPlugin
2025-04-30 14:18:12,728 [INFO] PluginManager:220 - loadIPPluginJar : add tsc
2025-04-30 14:18:12,729 [INFO] IPUIPlugin:80 - create IPUIPlugin
2025-04-30 14:18:12,729 [INFO] PluginManager:220 - loadIPPluginJar : add ucpd
2025-04-30 14:18:12,731 [INFO] IPUIPlugin:80 - create IPUIPlugin
2025-04-30 14:18:12,731 [INFO] PluginManager:220 - loadIPPluginJar : add usart
2025-04-30 14:18:12,733 [INFO] IPUIPlugin:80 - create IPUIPlugin
2025-04-30 14:18:12,733 [INFO] PluginManager:220 - loadIPPluginJar : add usbx
2025-04-30 14:18:12,851 [FATAL] Updater:351 - Updater called before beeing initialized
2025-04-30 14:18:12,925 [INFO] RulesReader:64 - Compatibility file has been processed (301 Rules)
2025-04-30 14:18:12,934 [INFO] RulesReader:64 - Compatibility file has been processed (301 Rules)
2025-04-30 14:18:12,942 [INFO] CADModel:165 - CPN selected for project level
2025-04-30 14:18:12,942 [INFO] CADModel:114 - Register for checkConnection events
2025-04-30 14:18:12,942 [FATAL] Updater:351 - Updater called before beeing initialized
2025-04-30 14:18:12,942 [ERROR] CADModel:125 - Updater not yet initialized, retry later 
2025-04-30 14:18:13,120 [FATAL] Updater:351 - Updater called before beeing initialized
2025-04-30 14:18:13,122 [INFO] CADModel:165 - CPN selected for project level
2025-04-30 14:18:13,122 [INFO] CADModel:114 - Register for checkConnection events
2025-04-30 14:18:13,122 [FATAL] Updater:351 - Updater called before beeing initialized
2025-04-30 14:18:13,122 [ERROR] CADModel:125 - Updater not yet initialized, retry later 
2025-04-30 14:18:13,125 [FATAL] Updater:351 - Updater called before beeing initialized
2025-04-30 14:18:13,229 [FATAL] Updater:351 - Updater called before beeing initialized
2025-04-30 14:18:13,235 [INFO] DbMcusAds:53 - JSON generation date=Thu Mar 06 06:54:22 PST 2025 (1741272862078)
2025-04-30 14:18:13,236 [FATAL] Updater:351 - Updater called before beeing initialized
2025-04-30 14:18:13,281 [WARN] DetailPanel:346 - Failed to get advertising image, set to default
2025-04-30 14:18:13,597 [FATAL] Updater:351 - Updater called before beeing initialized
2025-04-30 14:18:13,598 [FATAL] Updater:351 - Updater called before beeing initialized
2025-04-30 14:18:13,598 [FATAL] Updater:351 - Updater called before beeing initialized
2025-04-30 14:18:13,599 [WARN] DetailPanel:346 - Failed to get advertising image, set to default
2025-04-30 14:18:13,599 [FATAL] Updater:351 - Updater called before beeing initialized
2025-04-30 14:18:13,658 [ERROR] Updater:1198 - MainUpdater not yet initialized. External WinMGr cannot be set.
2025-04-30 14:18:13,661 [INFO] Updater:1134 - Updater Version found : 6.14.0
2025-04-30 14:18:13,697 [INFO] ApplicationProperties:184 - Using Application install path: C:\ST\STM32CubeIDE_1.16.1\STM32CubeIDE\plugins\com.st.stm32cube.common.mx_6.14.0.202502271554
2025-04-30 14:18:14,822 [INFO] ThirdPartyUpdaterWithRetryManager:70 - Updater plugin not ready yet. [2/15]
2025-04-30 14:18:15,272 [ERROR] LogOutputStream:75 - [STDERR_REDIRECT] Apr 30, 2025 2:18:15 PM java.util.prefs.WindowsPreferences <init>
2025-04-30 14:18:15,276 [ERROR] LogOutputStream:75 - [STDERR_REDIRECT] WARNING: Could not open/create prefs root node Software\JavaSoft\Prefs at root 0xffffffff80000002. Windows RegCreateKeyEx(...) returned error code 5.
2025-04-30 14:18:15,276 [ERROR] LogOutputStream:75 - [STDERR_REDIRECT] 
2025-04-30 14:18:15,514 [INFO] MainUpdater:2872 - connection check result : 10
2025-04-30 14:18:15,515 [INFO] MainUpdater:289 - Updater Check For Update Now.
2025-04-30 14:18:15,515 [INFO] MicroXplorer:498 - Change Database Version : DB.6.0.140
2025-04-30 14:18:15,520 [INFO] McuFinderGlobals:63 - Set McuFinder mode to 2 (CubeIDE integrated)
2025-04-30 14:18:15,520 [INFO] UserAuth:171 - activating auth plugin
2025-04-30 14:18:15,523 [INFO] UserAuth:486 - Internet connection configuration mode: 1
2025-04-30 14:18:15,538 [INFO] JxBrowserEngine:152 - Initiate JxBrowser Engine with user profile folder
2025-04-30 14:18:15,694 [INFO] CheckServerUpdateThread:120 - End of CheckServer Thread
2025-04-30 14:18:16,222 [INFO] WebApp:169 - Instantiating new browser for Auth
2025-04-30 14:18:16,855 [INFO] WebApp:463 - Apply proxy settings
2025-04-30 14:18:16,855 [INFO] WebApp:548 - Chromium requires no authentication
2025-04-30 14:18:16,864 [INFO] WebApp:491 - Direct internet connection detected
2025-04-30 14:18:16,895 [INFO] WebApp:894 - Register for checkConnection events
2025-04-30 14:18:16,895 [INFO] WebApp:463 - Apply proxy settings
2025-04-30 14:18:16,895 [INFO] WebApp:548 - Chromium requires no authentication
2025-04-30 14:18:16,896 [INFO] WebApp:491 - Direct internet connection detected
2025-04-30 14:18:17,030 [INFO] WebApp:191 - Connection restablished
2025-04-30 14:18:17,118 [INFO] WebApp:225 - Starting web application
2025-04-30 14:18:17,119 [INFO] WebApp:593 - Web application path used C:\ST\STM32CubeIDE_1.16.1\STM32CubeIDE\plugins\com.st.stm32cube.common.mx_6.14.0.202502271554\db\plugins\mcufinder\reactClient1\index.html
2025-04-30 14:18:18,049 [WARN] PackLoader:240 - Cannot read IP mode file for STMicroelectronics.FP-SNS-MOTENVWB1.1.4.0
2025-04-30 14:18:18,060 [WARN] PackLoader:240 - Cannot read IP mode file for STMicroelectronics.FP-ATR-ASTRA1.2.0.2
2025-04-30 14:18:18,065 [WARN] PackLoader:240 - Cannot read IP mode file for STMicroelectronics.FP-ATR-ASTRA1.2.0.1
2025-04-30 14:18:18,078 [WARN] PackLoader:240 - Cannot read IP mode file for STMicroelectronics.X-CUBE-SMBUS.2.1.0
2025-04-30 14:18:18,089 [WARN] PackLoader:240 - Cannot read IP mode file for STMicroelectronics.X-CUBE-WB05N.1.1.0
2025-04-30 14:18:18,132 [WARN] PackLoader:240 - Cannot read IP mode file for STMicroelectronics.X-CUBE-AZRTOS-F7.1.1.0
2025-04-30 14:18:18,206 [WARN] PackLoader:240 - Cannot read IP mode file for STMicroelectronics.X-CUBE-MEMS1.11.0.0
2025-04-30 14:18:18,415 [WARN] PackLoader:240 - Cannot read IP mode file for STMicroelectronics.FP-SNS-FLIGHT1.5.0.2
2025-04-30 14:18:18,426 [WARN] PackLoader:240 - Cannot read IP mode file for STMicroelectronics.X-CUBE-DISPLAY.3.0.0
2025-04-30 14:18:18,440 [WARN] PackLoader:240 - Cannot read IP mode file for STMicroelectronics.X-CUBE-BLE1.7.0.0
2025-04-30 14:18:18,450 [WARN] PackLoader:240 - Cannot read IP mode file for STMicroelectronics.X-CUBE-NFC10.1.0.0
2025-04-30 14:18:18,468 [WARN] PackLoader:240 - Cannot read IP mode file for STMicroelectronics.X-CUBE-BLEMGR.4.0.0
2025-04-30 14:18:18,480 [WARN] PackLoader:240 - Cannot read IP mode file for emotas.I-CUBE-CANOPEN.1.3.0
2025-04-30 14:18:18,515 [WARN] PackLoader:240 - Cannot read IP mode file for STMicroelectronics.X-CUBE-BLEMGR.3.1.0
2025-04-30 14:18:18,522 [WARN] PackLoader:240 - Cannot read IP mode file for STMicroelectronics.X-CUBE-AI.10.0.0
2025-04-30 14:18:18,529 [WARN] PackLoader:240 - Cannot read IP mode file for STMicroelectronics.FP-SNS-SMARTAG2.1.2.0
2025-04-30 14:18:18,533 [WARN] PackLoader:240 - Cannot read IP mode file for STMicroelectronics.FP-SNS-FLIGHT1.5.1.0
2025-04-30 14:18:18,595 [WARN] PackLoader:240 - Cannot read IP mode file for STMicroelectronics.X-CUBE-MEMS1.11.1.0
2025-04-30 14:18:18,706 [INFO] LogOutputStream:77 - [STDOUT_REDIRECT] 1 : Invalid condition id : UX_CORESTACK_Condition cause : null
2025-04-30 14:18:18,706 [INFO] LogOutputStream:77 - [STDOUT_REDIRECT] 1 : Invalid condition id : UX_CORESTACK_Condition cause : null
2025-04-30 14:18:18,708 [INFO] LogOutputStream:77 - [STDOUT_REDIRECT] 1 : Invalid condition id : UX_CORESTACK_Condition cause : null
2025-04-30 14:18:18,710 [INFO] LogOutputStream:77 - [STDOUT_REDIRECT] 1 : Invalid condition id : UX_CORESTACK_Condition cause : null
2025-04-30 14:18:18,711 [INFO] LogOutputStream:77 - [STDOUT_REDIRECT] 1 : Invalid condition id : UX_CORESTACK_Condition cause : null
2025-04-30 14:18:18,714 [WARN] PackLoader:240 - Cannot read IP mode file for STMicroelectronics.X-CUBE-AZRTOS-WL.2.0.0
2025-04-30 14:18:18,718 [WARN] PackLoader:240 - Cannot read IP mode file for STMicroelectronics.FP-SNS-MOTENV1.5.0.0
2025-04-30 14:18:18,721 [WARN] PackLoader:240 - Cannot read IP mode file for wolfSSL.I-CUBE-wolfMQTT.1.19.0
2025-04-30 14:18:18,728 [WARN] PackLoader:240 - Cannot read IP mode file for WES.I-CUBE-Cesium.1.3.0
2025-04-30 14:18:18,731 [WARN] PackLoader:240 - Cannot read IP mode file for STMicroelectronics.X-CUBE-BLE2.3.3.0
2025-04-30 14:18:18,736 [WARN] PackLoader:240 - Cannot read IP mode file for STMicroelectronics.X-CUBE-NFC9.1.0.0
2025-04-30 14:18:18,741 [WARN] PackLoader:240 - Cannot read IP mode file for STMicroelectronics.X-CUBE-BLE1.7.1.0
2025-04-30 14:18:18,747 [WARN] PackLoader:240 - Cannot read IP mode file for STMicroelectronics.X-CUBE-TCPP.4.1.0
2025-04-30 14:18:18,783 [WARN] PackLoader:240 - Cannot read IP mode file for STMicroelectronics.X-CUBE-MEMS1.11.2.0
2025-04-30 14:18:18,895 [WARN] PackLoader:240 - Cannot read IP mode file for STMicroelectronics.X-CUBE-AZRTOS-G0.1.1.0
2025-04-30 14:18:18,902 [WARN] PackLoader:240 - Cannot read IP mode file for STMicroelectronics.X-CUBE-SAFEA1.1.2.2
2025-04-30 14:18:18,906 [WARN] PackLoader:240 - Cannot read IP mode file for STMicroelectronics.X-CUBE-NFC4.3.0.0
2025-04-30 14:18:18,913 [WARN] PackLoader:240 - Cannot read IP mode file for EmbeddedOffice.I-CUBE-FS-RTOS.1.0.1
2025-04-30 14:18:18,917 [WARN] PackLoader:240 - Cannot read IP mode file for STMicroelectronics.X-CUBE-WB05N.2.0.0
2025-04-30 14:18:18,921 [WARN] PackLoader:240 - Cannot read IP mode file for STMicroelectronics.X-CUBE-TCPP.4.2.0
2025-04-30 14:18:18,926 [WARN] PackLoader:240 - Cannot read IP mode file for RealThread.X-CUBE-RT-Thread_Nano.4.1.1
2025-04-30 14:18:18,929 [WARN] PackLoader:240 - Cannot read IP mode file for STMicroelectronics.FP-ATR-SIGFOX1.3.2.0
2025-04-30 14:18:18,932 [WARN] ConditionMgr:438 - getConditionDescription Invalid condition id : Cortex-A Device cause : null
2025-04-30 14:18:18,944 [WARN] ConditionMgr:1044 - genDependencies : Invalid condition id : Cortex-A Device cause : null
2025-04-30 14:18:18,944 [WARN] ConditionMgr:1044 - genDependencies : Invalid condition id : Cortex-A Device cause : null
2025-04-30 14:18:18,945 [WARN] ConditionMgr:1044 - genDependencies : Invalid condition id : Cortex-A Device cause : null
2025-04-30 14:18:18,948 [WARN] PackLoader:240 - Cannot read IP mode file for STMicroelectronics.X-CUBE-EEPRMA1.5.1.0
2025-04-30 14:18:18,953 [WARN] PackLoader:240 - Cannot read IP mode file for wolfSSL.I-CUBE-wolfSSL.5.7.4
2025-04-30 14:18:18,957 [WARN] PackLoader:240 - Cannot read IP mode file for ITTIA_DB.I-CUBE-ITTIADB.8.9.0
2025-04-30 14:18:18,977 [WARN] PackLoader:240 - Cannot read IP mode file for SEGGER.I-CUBE-embOS.1.3.1
2025-04-30 14:18:19,002 [WARN] PackLoader:240 - Cannot read IP mode file for STMicroelectronics.X-CUBE-ALGOBUILD.1.4.0
2025-04-30 14:18:19,005 [WARN] PackLoader:240 - Cannot read IP mode file for STMicroelectronics.X-CUBE-AI.9.1.0
2025-04-30 14:18:19,016 [WARN] PackLoader:240 - Cannot read IP mode file for STMicroelectronics.X-CUBE-AZRTOS-F4.1.1.0
2025-04-30 14:18:19,022 [WARN] PackLoader:240 - Cannot read IP mode file for STMicroelectronics.X-CUBE-ISPU.2.1.0
2025-04-30 14:18:19,033 [WARN] PackLoader:240 - Cannot read IP mode file for STMicroelectronics.X-CUBE-FREERTOS.1.2.0
2025-04-30 14:18:19,054 [WARN] PackLoader:240 - Cannot read IP mode file for STMicroelectronics.X-CUBE-AZRTOS-L5.2.0.0
2025-04-30 14:18:19,062 [WARN] PackLoader:240 - Cannot read IP mode file for STMicroelectronics.X-CUBE-NFC6.3.1.0
2025-04-30 14:18:19,070 [WARN] PackLoader:240 - Cannot read IP mode file for STMicroelectronics.X-CUBE-DPower.1.2.0
2025-04-30 14:18:19,074 [WARN] PackLoader:240 - Cannot read IP mode file for STMicroelectronics.X-CUBE-FREERTOS.1.3.0
2025-04-30 14:18:19,080 [WARN] PackLoader:240 - Cannot read IP mode file for STMicroelectronics.X-CUBE-NFC7.1.0.1
2025-04-30 14:18:19,085 [WARN] PackLoader:240 - Cannot read IP mode file for STMicroelectronics.X-CUBE-DPower.1.3.0
2025-04-30 14:18:19,105 [WARN] ConditionMgr:438 - getConditionDescription Invalid condition id : LAN8742 Phy interface Condition cause : null
2025-04-30 14:18:19,106 [WARN] PackLoader:240 - Cannot read IP mode file for STMicroelectronics.X-CUBE-AZRTOS-L4.2.0.0
2025-04-30 14:18:19,107 [WARN] ConditionMgr:1044 - genDependencies : Invalid condition id : LAN8742 Phy interface Condition cause : null
2025-04-30 14:18:19,107 [WARN] ConditionMgr:1044 - genDependencies : Invalid condition id : LAN8742 Phy interface Condition cause : null
2025-04-30 14:18:19,108 [WARN] ConditionMgr:1044 - genDependencies : Invalid condition id : LAN8742 Phy interface Condition cause : null
2025-04-30 14:18:19,117 [WARN] PackLoader:240 - Cannot read IP mode file for STMicroelectronics.X-CUBE-SFXS2LP1.4.0.0
2025-04-30 14:18:19,148 [WARN] PackLoader:240 - Cannot read IP mode file for STMicroelectronics.X-CUBE-AZRTOS-H7.3.3.0
2025-04-30 14:18:19,162 [WARN] PackLoader:240 - Cannot read IP mode file for STMicroelectronics.X-CUBE-IPS.3.0.0
2025-04-30 14:18:19,175 [WARN] ConditionMgr:438 - getConditionDescription Invalid condition id : UX DEVICE CLASS RTOS Condition cause : null
2025-04-30 14:18:19,176 [WARN] ConditionMgr:438 - getConditionDescription Invalid condition id : UX DEVICE CLASS RTOS Condition cause : null
2025-04-30 14:18:19,178 [WARN] PackLoader:240 - Cannot read IP mode file for STMicroelectronics.X-CUBE-AZRTOS-WB.2.0.0
2025-04-30 14:18:19,178 [WARN] ConditionMgr:1044 - genDependencies : Invalid condition id : UX DEVICE CLASS RTOS Condition cause : null
2025-04-30 14:18:19,178 [WARN] ConditionMgr:1044 - genDependencies : Invalid condition id : UX DEVICE CLASS RTOS Condition cause : null
2025-04-30 14:18:19,179 [WARN] ConditionMgr:1044 - genDependencies : Invalid condition id : UX DEVICE CLASS RTOS Condition cause : null
2025-04-30 14:18:19,179 [WARN] ConditionMgr:1044 - genDependencies : Invalid condition id : UX DEVICE CLASS RTOS Condition cause : null
2025-04-30 14:18:19,179 [WARN] ConditionMgr:1044 - genDependencies : Invalid condition id : UX DEVICE CLASS RTOS Condition cause : null
2025-04-30 14:18:19,186 [WARN] PackLoader:240 - Cannot read IP mode file for STMicroelectronics.X-CUBE-GNSS1.7.0.0
2025-04-30 14:18:19,190 [WARN] PackLoader:240 - Cannot read IP mode file for STMicroelectronics.X-CUBE-GNSS1.7.0.1
2025-04-30 14:18:19,197 [WARN] PackLoader:240 - Cannot read IP mode file for STMicroelectronics.X-CUBE-TOUCHGFX.4.25.0
2025-04-30 14:18:19,203 [WARN] PackLoader:240 - Cannot read IP mode file for STMicroelectronics.FP-SNS-STBOX1.2.0.0
2025-04-30 14:18:19,211 [WARN] PackLoader:240 - Cannot read IP mode file for STMicroelectronics.X-CUBE-SUBG2.5.0.0
2025-04-30 14:18:19,229 [WARN] PackLoader:240 - Cannot read IP mode file for STMicroelectronics.X-CUBE-AZRTOS-H7RS.1.1.0
2025-04-30 14:18:19,234 [WARN] PackLoader:240 - Cannot read IP mode file for Cesanta.I-CUBE-Mongoose.7.13.0
2025-04-30 14:18:19,244 [WARN] PackLoader:240 - Cannot read IP mode file for STMicroelectronics.X-CUBE-AZRTOS-G4.2.0.0
2025-04-30 14:18:19,253 [WARN] PackLoader:240 - Cannot read IP mode file for STMicroelectronics.X-CUBE-IPS.3.1.0
2025-04-30 14:18:19,261 [WARN] PackLoader:240 - Cannot read IP mode file for STMicroelectronics.X-CUBE-ALS.1.0.2
2025-04-30 14:18:19,265 [WARN] PackLoader:240 - Cannot read IP mode file for STMicroelectronics.X-CUBE-TOUCHGFX.4.24.2
2025-04-30 14:18:19,267 [WARN] PackLoader:240 - Cannot read IP mode file for STMicroelectronics.X-CUBE-TOUCHGFX.4.24.1
2025-04-30 14:18:19,271 [WARN] PackLoader:240 - Cannot read IP mode file for wolfSSL.I-CUBE-wolfTPM.3.4.0
2025-04-30 14:18:19,276 [WARN] PackLoader:240 - Cannot read IP mode file for portGmbH.I-Cube-SoM-uGOAL.1.1.0
2025-04-30 14:18:19,291 [WARN] PackLoader:240 - Cannot read IP mode file for STMicroelectronics.X-CUBE-AZRTOS-H7RS.1.0.0
2025-04-30 14:18:19,297 [WARN] PackLoader:240 - Cannot read IP mode file for STMicroelectronics.FP-ATR-ASTRA1.2.0.0
2025-04-30 14:18:19,306 [WARN] PackLoader:240 - Cannot read IP mode file for STMicroelectronics.X-CUBE-TOF1.3.4.2
2025-04-30 14:18:19,320 [WARN] PackLoader:240 - Cannot read IP mode file for STMicroelectronics.X-CUBE-TOF1.3.4.3
2025-04-30 14:18:19,345 [WARN] PackLoader:240 - Cannot read IP mode file for Infineon.AIROC-Wi-Fi-Bluetooth-STM32.1.6.1
2025-04-30 14:18:19,349 [WARN] PackLoader:240 - Cannot read IP mode file for wolfSSL.I-CUBE-wolfSSH.1.4.17
2025-04-30 14:18:19,350 [INFO] ThirdParty:978 - Integrity check success = true
2025-04-30 14:18:19,350 [INFO] IntegrityCheckThread:100 - exiting critical section [integrity check]
2025-04-30 14:18:19,350 [INFO] IntegrityCheckThread:103 - End integrity checks thread
2025-04-30 14:23:19,178 [INFO] WebApp:194 - Connection lost
2025-04-30 14:23:19,265 [INFO] WebApp:191 - Connection restablished
2025-04-30 14:39:19,192 [INFO] WebApp:194 - Connection lost
2025-04-30 14:39:19,295 [INFO] WebApp:191 - Connection restablished
2025-04-30 14:51:26,208 [INFO] WebApp:194 - Connection lost
2025-04-30 14:51:26,283 [INFO] WebApp:191 - Connection restablished
2025-04-30 15:05:36,206 [INFO] WebApp:194 - Connection lost
2025-04-30 15:05:36,306 [INFO] WebApp:191 - Connection restablished
2025-04-30 15:18:07,674 [INFO] WebApp:194 - Connection lost
2025-04-30 15:18:07,779 [INFO] WebApp:191 - Connection restablished
