2025-04-23 14:20:21,656 [INFO] Activator:176 - 


2025-04-23 14:20:21,662 [INFO] Activator:177 - !SESSION log4j initialized
2025-04-23 14:20:25,985 [INFO] LogOutputStream:77 - [STDOUT_REDIRECT] 
2025-04-23 14:20:27,682 [ERROR] LogOutputStream:75 - [STDERR_REDIRECT] 
2025-04-23 14:20:30,158 [INFO] LogOutputStream:77 - [STDOUT_REDIRECT] 
2025-04-23 14:20:31,066 [INFO] ApplicationProperties:184 - Using Application install path: /Applications/STM32CubeIDE.app/Contents/Eclipse/plugins/com.st.stm32cube.common.mx_6.14.0.202502271554
2025-04-23 14:20:31,078 [INFO] DbMcusXml:78 - Set database path to: /Applications/STM32CubeIDE.app/Contents/Eclipse/plugins/com.st.stm32cube.common.mx_6.14.0.202502271554//db//mcu/
2025-04-23 14:20:31,079 [INFO] ApiDb:274 - Set plugin database path to: /Applications/STM32CubeIDE.app/Contents/Eclipse/plugins/com.st.stm32cube.common.mx_6.14.0.202502271554//db//plugins/boardmanager/
2025-04-23 14:20:31,079 [WARN] ApiDb:259 - Overriding images path with different value:  => /Applications/STM32CubeIDE.app/Contents/Eclipse/plugins/com.st.stm32cube.common.mx_6.14.0.202502271554//db//plugins/mcufinder/images/
2025-04-23 14:20:31,086 [INFO] ApiDb:250 - Set database path to: /Users/adamhwu/.stmcufinder/plugins/mcufinder//mcu/
2025-04-23 14:20:31,086 [INFO] DbMcusAds:125 - Set database path to: /Users/adamhwu/.stmcufinder/plugins/mcufinder//mcu/
2025-04-23 14:20:31,087 [INFO] CrossReferenceDbSqlite:203 - Set database path to: /Users/adamhwu/.stmcufinder/plugins/mcufinder//mcu/cs/
2025-04-23 14:20:31,211 [INFO] RulesReader:64 - Compatibility file has been processed (301 Rules)
2025-04-23 14:20:31,290 [INFO] DbMcusXml:78 - Set database path to: /Applications/STM32CubeIDE.app/Contents/Eclipse/plugins/com.st.stm32cube.common.mx_6.14.0.202502271554//db//mcu/
2025-04-23 14:20:31,290 [INFO] ApiDb:274 - Set plugin database path to: /Applications/STM32CubeIDE.app/Contents/Eclipse/plugins/com.st.stm32cube.common.mx_6.14.0.202502271554//db//plugins/boardmanager/
2025-04-23 14:20:31,290 [INFO] ApiDb:261 - Set plugin images path to: /Applications/STM32CubeIDE.app/Contents/Eclipse/plugins/com.st.stm32cube.common.mx_6.14.0.202502271554//db//plugins/mcufinder/images/
2025-04-23 14:20:31,291 [WARN] DbFile:41 - Overriding database path with different value: /Users/adamhwu/.stmcufinder/plugins/mcufinder/ => /Users/adamhwu/.stmcufinder/plugins/mcufinder
2025-04-23 14:20:31,291 [INFO] ApiDb:250 - Set database path to: /Users/adamhwu/.stmcufinder/plugins/mcufinder//mcu/
2025-04-23 14:20:31,291 [WARN] DbFile:41 - Overriding database path with different value: /Users/adamhwu/.stmcufinder/plugins/mcufinder/ => /Users/adamhwu/.stmcufinder/plugins/mcufinder
2025-04-23 14:20:31,291 [INFO] DbMcusAds:125 - Set database path to: /Users/adamhwu/.stmcufinder/plugins/mcufinder//mcu/
2025-04-23 14:20:31,291 [WARN] DbFile:41 - Overriding database path with different value: /Users/adamhwu/.stmcufinder/plugins/mcufinder/ => /Users/adamhwu/.stmcufinder/plugins/mcufinder
2025-04-23 14:20:31,291 [WARN] DbFile:41 - Overriding database path with different value: /Users/adamhwu/.stmcufinder/plugins/mcufinder/ => /Users/adamhwu/.stmcufinder/plugins/mcufinder
2025-04-23 14:20:31,291 [INFO] CrossReferenceDbSqlite:203 - Set database path to: /Users/adamhwu/.stmcufinder/plugins/mcufinder//mcu/cs/
2025-04-23 14:20:31,354 [INFO] MainPanel:272 - HeapMemory: 268435456
2025-04-23 14:20:31,915 [INFO] DbMcusXml:78 - Set database path to: /Applications/STM32CubeIDE.app/Contents/Eclipse/plugins/com.st.stm32cube.common.mx_6.14.0.202502271554//db//mcu/
2025-04-23 14:20:31,915 [INFO] ApiDb:274 - Set plugin database path to: /Applications/STM32CubeIDE.app/Contents/Eclipse/plugins/com.st.stm32cube.common.mx_6.14.0.202502271554//db//plugins/boardmanager/
2025-04-23 14:20:31,915 [INFO] ApiDb:261 - Set plugin images path to: /Applications/STM32CubeIDE.app/Contents/Eclipse/plugins/com.st.stm32cube.common.mx_6.14.0.202502271554//db//plugins/mcufinder/images/
2025-04-23 14:20:31,915 [WARN] DbFile:41 - Overriding database path with different value: /Users/adamhwu/.stmcufinder/plugins/mcufinder/ => /Users/adamhwu/.stmcufinder/plugins/mcufinder
2025-04-23 14:20:31,916 [INFO] ApiDb:250 - Set database path to: /Users/adamhwu/.stmcufinder/plugins/mcufinder//mcu/
2025-04-23 14:20:31,916 [WARN] DbFile:41 - Overriding database path with different value: /Users/adamhwu/.stmcufinder/plugins/mcufinder/ => /Users/adamhwu/.stmcufinder/plugins/mcufinder
2025-04-23 14:20:31,916 [INFO] DbMcusAds:125 - Set database path to: /Users/adamhwu/.stmcufinder/plugins/mcufinder//mcu/
2025-04-23 14:20:31,916 [WARN] DbFile:41 - Overriding database path with different value: /Users/adamhwu/.stmcufinder/plugins/mcufinder/ => /Users/adamhwu/.stmcufinder/plugins/mcufinder
2025-04-23 14:20:31,916 [WARN] DbFile:41 - Overriding database path with different value: /Users/adamhwu/.stmcufinder/plugins/mcufinder/ => /Users/adamhwu/.stmcufinder/plugins/mcufinder
2025-04-23 14:20:31,916 [INFO] CrossReferenceDbSqlite:203 - Set database path to: /Users/adamhwu/.stmcufinder/plugins/mcufinder//mcu/cs/
2025-04-23 14:20:31,931 [INFO] ApplicationProperties:184 - Using Application install path: /Applications/STM32CubeIDE.app/Contents/Eclipse/plugins/com.st.stm32cube.common.mx_6.14.0.202502271554
2025-04-23 14:20:31,932 [INFO] PluginManage:196 - Search for loadable plugins [exclusion list=, ]
2025-04-23 14:20:31,934 [INFO] PluginManage:310 - Check plugin analytics
2025-04-23 14:20:32,103 [INFO] AnalyticsPlugin:253 - Accepted Software Licenses: 
2025-04-23 14:20:32,103 [INFO] AnalyticsPlugin:255 - Accepted CMSIS Pack Licenses: 
2025-04-23 14:20:32,103 [INFO] AnalyticsPlugin:257 - Accepted Firmware Licenses: 
2025-04-23 14:20:32,112 [INFO] PluginManage:359 - Loaded plugin analytics (category:tool,tabindex:-1)
2025-04-23 14:20:32,113 [INFO] PluginManage:310 - Check plugin cadmodel
2025-04-23 14:20:32,127 [INFO] CADModel:105 - Init CAD model plugin
2025-04-23 14:20:32,127 [INFO] PluginManage:359 - Loaded plugin cadmodel (category:power,tabindex:5)
2025-04-23 14:20:32,128 [INFO] PluginManage:310 - Check plugin clock
2025-04-23 14:20:32,140 [INFO] PluginManage:359 - Loaded plugin clock (category:base,tabindex:2)
2025-04-23 14:20:32,140 [INFO] PluginManage:310 - Check plugin ddr
2025-04-23 14:20:32,142 [INFO] PluginManage:359 - Loaded plugin ddr (category:tool,tabindex:6)
2025-04-23 14:20:32,142 [INFO] PluginManage:310 - Check plugin filemanager
2025-04-23 14:20:32,302 [INFO] PluginManage:359 - Loaded plugin filemanager (category:base,tabindex:10)
2025-04-23 14:20:32,302 [INFO] PluginManage:310 - Check plugin ipmanager
2025-04-23 14:20:32,315 [INFO] PluginManage:359 - Loaded plugin ipmanager (category:base,tabindex:5)
2025-04-23 14:20:32,316 [INFO] PluginManage:310 - Check plugin lpbam
2025-04-23 14:20:32,324 [INFO] PluginManage:359 - Loaded plugin lpbam (category:base,tabindex:0)
2025-04-23 14:20:32,324 [INFO] PluginManage:310 - Check plugin memorymap
2025-04-23 14:20:32,345 [INFO] PluginManage:359 - Loaded plugin memorymap (category:base,tabindex:4)
2025-04-23 14:20:32,346 [INFO] PluginManage:310 - Check plugin pinoutandconfiguration
2025-04-23 14:20:32,357 [INFO] PluginManage:359 - Loaded plugin pinoutandconfiguration (category:base,tabindex:1)
2025-04-23 14:20:32,357 [INFO] PluginManage:310 - Check plugin pinoutconfig
2025-04-23 14:20:32,450 [WARN] SupportedApi:132 - Cannot load RTOS API schema: s4s-elt-must-match.1: The content of 'definitions' must match (annotation?, (simpleType | complexType)?, (unique | key | keyref)*)). A problem was found starting at: attribute.
2025-04-23 14:20:32,640 [INFO] PluginManage:359 - Loaded plugin pinoutconfig (category:base,tabindex:0)
2025-04-23 14:20:32,641 [INFO] PluginManage:310 - Check plugin power
2025-04-23 14:20:32,654 [INFO] PluginManage:359 - Loaded plugin power (category:power,tabindex:4)
2025-04-23 14:20:32,654 [INFO] PluginManage:310 - Check plugin projectmanager
2025-04-23 14:20:32,697 [INFO] PluginManage:359 - Loaded plugin projectmanager (category:projectmanager,tabindex:4)
2025-04-23 14:20:32,697 [INFO] PluginManage:310 - Check plugin rif
2025-04-23 14:20:32,703 [INFO] PluginManage:359 - Loaded plugin rif (category:base,tabindex:3)
2025-04-23 14:20:32,703 [INFO] PluginManage:310 - Check plugin thirdparty
2025-04-23 14:20:32,932 [INFO] PluginManage:359 - Loaded plugin thirdparty (category:base,tabindex:-1)
2025-04-23 14:20:32,934 [INFO] PluginManage:310 - Check plugin tools
2025-04-23 14:20:32,932 [WARN] IntegrityCheckThread:84 - waiting for thirdparty lock release [integrity check]
2025-04-23 14:20:32,936 [INFO] IntegrityCheckThread:86 - entering critical section [integrity check]
2025-04-23 14:20:32,937 [INFO] ThirdPartyUpdaterWithRetryManager:70 - Updater plugin not ready yet. [1/15]
2025-04-23 14:20:32,938 [INFO] PluginManage:359 - Loaded plugin tools (category:base,tabindex:7)
2025-04-23 14:20:32,938 [INFO] PluginManage:310 - Check plugin tutovideos
2025-04-23 14:20:33,103 [INFO] PluginManage:359 - Loaded plugin tutovideos (category:base,tabindex:-1)
2025-04-23 14:20:33,104 [INFO] PluginManage:310 - Check plugin updater
2025-04-23 14:20:33,130 [INFO] PluginManage:359 - Loaded plugin updater (category:base,tabindex:12)
2025-04-23 14:20:33,131 [INFO] PluginManage:310 - Check plugin userauth
2025-04-23 14:20:33,136 [INFO] UserAuth:118 - Init User Auth plugin
2025-04-23 14:20:33,138 [INFO] PluginManage:359 - Loaded plugin userauth (category:base,tabindex:14)
2025-04-23 14:20:33,139 [INFO] PluginManage:283 - PluginManage : Loaded plugins [18]
2025-04-23 14:20:33,351 [INFO] PinOutPanel:1589 - setPackage(No Configuration,No Configuration)
2025-04-23 14:20:33,418 [INFO] CADModel:165 - CPN selected for project level
2025-04-23 14:20:33,418 [INFO] CADModel:114 - Register for checkConnection events
2025-04-23 14:20:33,428 [INFO] IPUIPlugin:80 - create IPUIPlugin
2025-04-23 14:20:33,428 [INFO] PluginManager:220 - loadIPPluginJar : add mdma
2025-04-23 14:20:33,433 [INFO] IPUIPlugin:80 - create IPUIPlugin
2025-04-23 14:20:33,433 [INFO] PluginManager:220 - loadIPPluginJar : add freertos
2025-04-23 14:20:33,435 [INFO] IPUIPlugin:80 - create IPUIPlugin
2025-04-23 14:20:33,435 [INFO] PluginManager:220 - loadIPPluginJar : add gic
2025-04-23 14:20:33,442 [INFO] IPUIPlugin:80 - create IPUIPlugin
2025-04-23 14:20:33,442 [INFO] PluginManager:220 - loadIPPluginJar : add adc
2025-04-23 14:20:33,443 [INFO] IPUIPlugin:80 - create IPUIPlugin
2025-04-23 14:20:33,444 [INFO] PluginManager:220 - loadIPPluginJar : add gtzc
2025-04-23 14:20:33,444 [INFO] IPUIPlugin:80 - create IPUIPlugin
2025-04-23 14:20:33,444 [INFO] PluginManager:220 - loadIPPluginJar : add quadspi
2025-04-23 14:20:33,445 [INFO] IPUIPlugin:80 - create IPUIPlugin
2025-04-23 14:20:33,446 [INFO] PluginManager:220 - loadIPPluginJar : add aes
2025-04-23 14:20:33,447 [INFO] IPUIPlugin:80 - create IPUIPlugin
2025-04-23 14:20:33,447 [INFO] PluginManager:220 - loadIPPluginJar : add pdm2pcm
2025-04-23 14:20:33,448 [INFO] IPUIPlugin:80 - create IPUIPlugin
2025-04-23 14:20:33,448 [INFO] PluginManager:220 - loadIPPluginJar : add hash
2025-04-23 14:20:33,449 [INFO] IPUIPlugin:80 - create IPUIPlugin
2025-04-23 14:20:33,449 [INFO] PluginManager:220 - loadIPPluginJar : add tim
2025-04-23 14:20:33,450 [INFO] IPUIPlugin:80 - create IPUIPlugin
2025-04-23 14:20:33,450 [INFO] PluginManager:220 - loadIPPluginJar : add tsc
2025-04-23 14:20:33,452 [INFO] IPUIPlugin:80 - create IPUIPlugin
2025-04-23 14:20:33,453 [INFO] PluginManager:220 - loadIPPluginJar : add extmemmanager
2025-04-23 14:20:33,454 [INFO] IPUIPlugin:80 - create IPUIPlugin
2025-04-23 14:20:33,454 [INFO] PluginManager:220 - loadIPPluginJar : add ts
2025-04-23 14:20:33,454 [INFO] IPUIPlugin:80 - create IPUIPlugin
2025-04-23 14:20:33,454 [INFO] PluginManager:220 - loadIPPluginJar : add radio
2025-04-23 14:20:33,456 [INFO] IPUIPlugin:80 - create IPUIPlugin
2025-04-23 14:20:33,456 [INFO] PluginManager:220 - loadIPPluginJar : add can
2025-04-23 14:20:33,457 [INFO] IPUIPlugin:80 - create IPUIPlugin
2025-04-23 14:20:33,457 [INFO] PluginManager:220 - loadIPPluginJar : add dma3
2025-04-23 14:20:33,458 [INFO] IPUIPlugin:80 - create IPUIPlugin
2025-04-23 14:20:33,458 [INFO] PluginManager:220 - loadIPPluginJar : add dfsdm
2025-04-23 14:20:33,459 [INFO] IPUIPlugin:80 - create IPUIPlugin
2025-04-23 14:20:33,459 [INFO] PluginManager:220 - loadIPPluginJar : add spi
2025-04-23 14:20:33,460 [INFO] IPUIPlugin:80 - create IPUIPlugin
2025-04-23 14:20:33,461 [INFO] PluginManager:220 - loadIPPluginJar : add gfxmmu
2025-04-23 14:20:33,462 [INFO] IPUIPlugin:80 - create IPUIPlugin
2025-04-23 14:20:33,462 [INFO] PluginManager:220 - loadIPPluginJar : add genericplugin
2025-04-23 14:20:33,463 [INFO] IPUIPlugin:80 - create IPUIPlugin
2025-04-23 14:20:33,463 [INFO] PluginManager:220 - loadIPPluginJar : add cryp
2025-04-23 14:20:33,465 [INFO] IPUIPlugin:80 - create IPUIPlugin
2025-04-23 14:20:33,465 [INFO] PluginManager:220 - loadIPPluginJar : add gpio
2025-04-23 14:20:33,467 [INFO] IPUIPlugin:80 - create IPUIPlugin
2025-04-23 14:20:33,467 [INFO] PluginManager:220 - loadIPPluginJar : add ddr_ctrl_phy
2025-04-23 14:20:33,468 [INFO] IPUIPlugin:80 - create IPUIPlugin
2025-04-23 14:20:33,469 [INFO] PluginManager:220 - loadIPPluginJar : add comp
2025-04-23 14:20:33,471 [INFO] IPUIPlugin:80 - create IPUIPlugin
2025-04-23 14:20:33,472 [INFO] PluginManager:220 - loadIPPluginJar : add tracer_emb
2025-04-23 14:20:33,474 [INFO] IPUIPlugin:80 - create IPUIPlugin
2025-04-23 14:20:33,474 [INFO] PluginManager:220 - loadIPPluginJar : add openamp
2025-04-23 14:20:33,477 [INFO] IPUIPlugin:80 - create IPUIPlugin
2025-04-23 14:20:33,477 [INFO] PluginManager:220 - loadIPPluginJar : add stm32_wpan
2025-04-23 14:20:33,480 [INFO] IPUIPlugin:80 - create IPUIPlugin
2025-04-23 14:20:33,482 [INFO] PluginManager:220 - loadIPPluginJar : add plateformsettings
2025-04-23 14:20:33,484 [INFO] IPUIPlugin:80 - create IPUIPlugin
2025-04-23 14:20:33,484 [INFO] PluginManager:220 - loadIPPluginJar : add ipddr
2025-04-23 14:20:33,485 [INFO] IPUIPlugin:80 - create IPUIPlugin
2025-04-23 14:20:33,486 [INFO] PluginManager:220 - loadIPPluginJar : add usart
2025-04-23 14:20:33,486 [INFO] IPUIPlugin:80 - create IPUIPlugin
2025-04-23 14:20:33,486 [INFO] PluginManager:220 - loadIPPluginJar : add ltdc
2025-04-23 14:20:33,488 [INFO] IPUIPlugin:80 - create IPUIPlugin
2025-04-23 14:20:33,488 [INFO] PluginManager:220 - loadIPPluginJar : add nvic
2025-04-23 14:20:33,489 [INFO] IPUIPlugin:80 - create IPUIPlugin
2025-04-23 14:20:33,489 [INFO] PluginManager:220 - loadIPPluginJar : add fatfs
2025-04-23 14:20:33,495 [INFO] IPUIPlugin:80 - create IPUIPlugin
2025-04-23 14:20:33,495 [INFO] PluginManager:220 - loadIPPluginJar : add linkedlist
2025-04-23 14:20:33,511 [INFO] IPUIPlugin:80 - create IPUIPlugin
2025-04-23 14:20:33,511 [INFO] PluginManager:220 - loadIPPluginJar : add dma
2025-04-23 14:20:33,515 [INFO] IPUIPlugin:80 - create IPUIPlugin
2025-04-23 14:20:33,515 [INFO] PluginManager:220 - loadIPPluginJar : add fmc
2025-04-23 14:20:33,516 [INFO] IPUIPlugin:80 - create IPUIPlugin
2025-04-23 14:20:33,516 [INFO] PluginManager:220 - loadIPPluginJar : add i2s
2025-04-23 14:20:33,517 [INFO] IPUIPlugin:80 - create IPUIPlugin
2025-04-23 14:20:33,517 [INFO] PluginManager:220 - loadIPPluginJar : add ucpd
2025-04-23 14:20:33,518 [INFO] IPUIPlugin:80 - create IPUIPlugin
2025-04-23 14:20:33,518 [INFO] PluginManager:220 - loadIPPluginJar : add lorawan
2025-04-23 14:20:33,520 [INFO] IPUIPlugin:80 - create IPUIPlugin
2025-04-23 14:20:33,520 [INFO] PluginManager:220 - loadIPPluginJar : add opamp
2025-04-23 14:20:33,521 [INFO] IPUIPlugin:80 - create IPUIPlugin
2025-04-23 14:20:33,521 [INFO] PluginManager:220 - loadIPPluginJar : add i3c
2025-04-23 14:20:33,523 [INFO] IPUIPlugin:80 - create IPUIPlugin
2025-04-23 14:20:33,526 [INFO] PluginManager:220 - loadIPPluginJar : add touchsensing
2025-04-23 14:20:33,528 [INFO] IPUIPlugin:80 - create IPUIPlugin
2025-04-23 14:20:33,528 [INFO] PluginManager:220 - loadIPPluginJar : add i2c
2025-04-23 14:20:33,530 [INFO] IPUIPlugin:80 - create IPUIPlugin
2025-04-23 14:20:33,530 [INFO] PluginManager:220 - loadIPPluginJar : add resmgrutility
2025-04-23 14:20:33,531 [INFO] IPUIPlugin:80 - create IPUIPlugin
2025-04-23 14:20:33,531 [INFO] PluginManager:220 - loadIPPluginJar : add sai
2025-04-23 14:20:33,533 [INFO] IPUIPlugin:80 - create IPUIPlugin
2025-04-23 14:20:33,533 [INFO] PluginManager:220 - loadIPPluginJar : add usbx
2025-04-23 14:20:33,653 [FATAL] Updater:351 - Updater called before beeing initialized
2025-04-23 14:20:33,697 [INFO] RulesReader:64 - Compatibility file has been processed (301 Rules)
2025-04-23 14:20:33,717 [INFO] RulesReader:64 - Compatibility file has been processed (301 Rules)
2025-04-23 14:20:33,730 [INFO] CADModel:165 - CPN selected for project level
2025-04-23 14:20:33,730 [INFO] CADModel:114 - Register for checkConnection events
2025-04-23 14:20:33,730 [FATAL] Updater:351 - Updater called before beeing initialized
2025-04-23 14:20:33,730 [ERROR] CADModel:125 - Updater not yet initialized, retry later 
2025-04-23 14:20:33,963 [FATAL] Updater:351 - Updater called before beeing initialized
2025-04-23 14:20:33,965 [INFO] CADModel:165 - CPN selected for project level
2025-04-23 14:20:33,965 [INFO] CADModel:114 - Register for checkConnection events
2025-04-23 14:20:33,965 [FATAL] Updater:351 - Updater called before beeing initialized
2025-04-23 14:20:33,965 [ERROR] CADModel:125 - Updater not yet initialized, retry later 
2025-04-23 14:20:33,968 [FATAL] Updater:351 - Updater called before beeing initialized
2025-04-23 14:20:34,122 [FATAL] Updater:351 - Updater called before beeing initialized
2025-04-23 14:20:34,127 [INFO] DbMcusAds:53 - JSON generation date=Tue Dec 17 08:01:15 PST 2024 (1734451275143)
2025-04-23 14:20:34,127 [FATAL] Updater:351 - Updater called before beeing initialized
2025-04-23 14:20:34,466 [WARN] DetailPanel:346 - Failed to get advertising image, set to default
2025-04-23 14:20:34,661 [FATAL] Updater:351 - Updater called before beeing initialized
2025-04-23 14:20:34,666 [FATAL] Updater:351 - Updater called before beeing initialized
2025-04-23 14:20:34,666 [FATAL] Updater:351 - Updater called before beeing initialized
2025-04-23 14:20:34,667 [WARN] DetailPanel:346 - Failed to get advertising image, set to default
2025-04-23 14:20:34,668 [FATAL] Updater:351 - Updater called before beeing initialized
2025-04-23 14:20:34,718 [ERROR] Updater:1198 - MainUpdater not yet initialized. External WinMGr cannot be set.
2025-04-23 14:20:34,721 [INFO] Updater:1134 - Updater Version found : 6.14.0
2025-04-23 14:20:34,734 [INFO] ApplicationProperties:184 - Using Application install path: /Applications/STM32CubeIDE.app/Contents/Eclipse/plugins/com.st.stm32cube.common.mx_6.14.0.202502271554
2025-04-23 14:20:35,153 [INFO] MainUpdater:2872 - connection check result : 10
2025-04-23 14:20:35,154 [INFO] MainUpdater:3566 - Updater definition file requires update
2025-04-23 14:20:35,155 [INFO] MainUpdater:289 - Updater Check For Update Now.
2025-04-23 14:20:35,156 [INFO] MicroXplorer:498 - Change Database Version : DB.6.0.140
2025-04-23 14:20:35,163 [INFO] McuFinderGlobals:63 - Set McuFinder mode to 2 (CubeIDE integrated)
2025-04-23 14:20:35,165 [INFO] UserAuth:486 - Internet connection configuration mode: 1
2025-04-23 14:20:35,180 [INFO] JxBrowserEngine:152 - Initiate JxBrowser Engine with user profile folder
2025-04-23 14:20:35,240 [INFO] ServerAccessManage:473 - Download File updaters.zip
2025-04-23 14:20:35,341 [INFO] FileExtend:242 - Unzip File : updaters.zip
2025-04-23 14:20:35,341 [INFO] FileExtend:257 - Standard Zip Deflate
2025-04-23 14:20:35,694 [INFO] ServerAccessManage:473 - Download File PacksControlFlags.xml
2025-04-23 14:20:35,820 [INFO] ServerAccessManage:473 - Download File cubemx.pidx
2025-04-23 14:20:35,943 [WARN] MainUpdater:1193 - Updater busy. Cannot search thirdparties
2025-04-23 14:20:35,943 [INFO] ThirdPartyUpdaterWithRetryManager:96 - Updater plugin is busy. [1/15]
2025-04-23 14:20:36,934 [INFO] ServerAccessManage:473 - Download File STMicroelectronics.X-CUBE-WB05N.pdsc
2025-04-23 14:20:37,273 [WARN] PackLoader:240 - Cannot read IP mode file for STMicroelectronics.X-CUBE-WB05N.2.0.0
2025-04-23 14:20:37,292 [INFO] PopulateThirdPartyThread:66 - Ending populate Thread
2025-04-23 14:20:37,298 [INFO] ThirdParty:1030 - CMSIS Pack Vendor :STMicroelectronics X-CUBE-WB05N 2.0.0
2025-04-23 14:20:37,298 [INFO] LoadServerUpdatesThread:375 - End of LoadServerUpdate Thread
2025-04-23 14:20:37,418 [INFO] CheckServerUpdateThread:120 - End of CheckServer Thread
2025-04-23 14:20:39,119 [WARN] PackLoader:240 - Cannot read IP mode file for STMicroelectronics.FP-SNS-MOTENVWB1.1.4.0
2025-04-23 14:20:39,130 [WARN] PackLoader:240 - Cannot read IP mode file for STMicroelectronics.FP-ATR-ASTRA1.2.0.2
2025-04-23 14:20:39,146 [WARN] PackLoader:240 - Cannot read IP mode file for STMicroelectronics.X-CUBE-SMBUS.2.1.0
2025-04-23 14:20:39,154 [WARN] PackLoader:240 - Cannot read IP mode file for STMicroelectronics.X-CUBE-WB05N.1.1.0
2025-04-23 14:20:39,199 [WARN] PackLoader:240 - Cannot read IP mode file for STMicroelectronics.X-CUBE-AZRTOS-F7.1.1.0
2025-04-23 14:20:39,328 [WARN] PackLoader:240 - Cannot read IP mode file for STMicroelectronics.X-CUBE-MEMS1.11.0.0
2025-04-23 14:20:39,477 [WARN] PackLoader:240 - Cannot read IP mode file for STMicroelectronics.FP-SNS-FLIGHT1.5.0.2
2025-04-23 14:20:39,496 [WARN] PackLoader:240 - Cannot read IP mode file for STMicroelectronics.X-CUBE-DISPLAY.3.0.0
2025-04-23 14:20:39,541 [WARN] PackLoader:240 - Cannot read IP mode file for STMicroelectronics.X-CUBE-BLE1.7.0.0
2025-04-23 14:20:39,556 [WARN] PackLoader:240 - Cannot read IP mode file for STMicroelectronics.X-CUBE-NFC10.1.0.0
2025-04-23 14:20:39,579 [WARN] PackLoader:240 - Cannot read IP mode file for STMicroelectronics.X-CUBE-BLEMGR.4.0.0
2025-04-23 14:20:39,592 [WARN] PackLoader:240 - Cannot read IP mode file for emotas.I-CUBE-CANOPEN.1.3.0
2025-04-23 14:20:39,612 [WARN] PackLoader:240 - Cannot read IP mode file for STMicroelectronics.X-CUBE-BLEMGR.3.1.0
2025-04-23 14:20:39,622 [WARN] PackLoader:240 - Cannot read IP mode file for STMicroelectronics.X-CUBE-AI.10.0.0
2025-04-23 14:20:39,625 [WARN] PackLoader:240 - Cannot read IP mode file for STMicroelectronics.FP-SNS-SMARTAG2.1.2.0
2025-04-23 14:20:39,629 [WARN] PackLoader:240 - Cannot read IP mode file for STMicroelectronics.FP-SNS-FLIGHT1.5.1.0
2025-04-23 14:20:39,692 [WARN] PackLoader:240 - Cannot read IP mode file for STMicroelectronics.X-CUBE-MEMS1.11.1.0
2025-04-23 14:20:39,778 [INFO] LogOutputStream:77 - [STDOUT_REDIRECT] 1 : Invalid condition id : UX_CORESTACK_Condition cause : null
2025-04-23 14:20:39,780 [INFO] LogOutputStream:77 - [STDOUT_REDIRECT] 1 : Invalid condition id : UX_CORESTACK_Condition cause : null
2025-04-23 14:20:39,780 [INFO] LogOutputStream:77 - [STDOUT_REDIRECT] 1 : Invalid condition id : UX_CORESTACK_Condition cause : null
2025-04-23 14:20:39,780 [INFO] LogOutputStream:77 - [STDOUT_REDIRECT] 1 : Invalid condition id : UX_CORESTACK_Condition cause : null
2025-04-23 14:20:39,780 [INFO] LogOutputStream:77 - [STDOUT_REDIRECT] 1 : Invalid condition id : UX_CORESTACK_Condition cause : null
2025-04-23 14:20:39,786 [WARN] PackLoader:240 - Cannot read IP mode file for STMicroelectronics.X-CUBE-AZRTOS-WL.2.0.0
2025-04-23 14:20:39,792 [WARN] PackLoader:240 - Cannot read IP mode file for STMicroelectronics.FP-SNS-MOTENV1.5.0.0
2025-04-23 14:20:39,795 [WARN] PackLoader:240 - Cannot read IP mode file for wolfSSL.I-CUBE-wolfMQTT.1.19.0
2025-04-23 14:20:39,800 [WARN] PackLoader:240 - Cannot read IP mode file for WES.I-CUBE-Cesium.1.3.0
2025-04-23 14:20:39,807 [WARN] PackLoader:240 - Cannot read IP mode file for STMicroelectronics.X-CUBE-BLE2.3.3.0
2025-04-23 14:20:39,817 [WARN] PackLoader:240 - Cannot read IP mode file for STMicroelectronics.X-CUBE-NFC9.1.0.0
2025-04-23 14:20:39,823 [WARN] PackLoader:240 - Cannot read IP mode file for STMicroelectronics.X-CUBE-BLE1.7.1.0
2025-04-23 14:20:39,829 [WARN] PackLoader:240 - Cannot read IP mode file for STMicroelectronics.X-CUBE-TCPP.4.1.0
2025-04-23 14:20:39,891 [WARN] PackLoader:240 - Cannot read IP mode file for STMicroelectronics.X-CUBE-MEMS1.11.2.0
2025-04-23 14:20:40,000 [WARN] PackLoader:240 - Cannot read IP mode file for STMicroelectronics.X-CUBE-AZRTOS-G0.1.1.0
2025-04-23 14:20:40,018 [WARN] PackLoader:240 - Cannot read IP mode file for STMicroelectronics.X-CUBE-SAFEA1.1.2.2
2025-04-23 14:20:40,046 [WARN] PackLoader:240 - Cannot read IP mode file for STMicroelectronics.X-CUBE-NFC4.3.0.0
2025-04-23 14:20:40,072 [WARN] PackLoader:240 - Cannot read IP mode file for EmbeddedOffice.I-CUBE-FS-RTOS.1.0.1
2025-04-23 14:20:40,086 [WARN] PackLoader:240 - Cannot read IP mode file for STMicroelectronics.X-CUBE-WB05N.2.0.0
2025-04-23 14:20:40,095 [WARN] PackLoader:240 - Cannot read IP mode file for STMicroelectronics.X-CUBE-TCPP.4.2.0
2025-04-23 14:20:40,103 [WARN] PackLoader:240 - Cannot read IP mode file for RealThread.X-CUBE-RT-Thread_Nano.4.1.1
2025-04-23 14:20:40,109 [WARN] PackLoader:240 - Cannot read IP mode file for STMicroelectronics.FP-ATR-SIGFOX1.3.2.0
2025-04-23 14:20:40,118 [WARN] ConditionMgr:438 - getConditionDescription Invalid condition id : Cortex-A Device cause : null
2025-04-23 14:20:40,153 [WARN] ConditionMgr:1044 - genDependencies : Invalid condition id : Cortex-A Device cause : null
2025-04-23 14:20:40,154 [WARN] ConditionMgr:1044 - genDependencies : Invalid condition id : Cortex-A Device cause : null
2025-04-23 14:20:40,154 [WARN] ConditionMgr:1044 - genDependencies : Invalid condition id : Cortex-A Device cause : null
2025-04-23 14:20:40,170 [WARN] PackLoader:240 - Cannot read IP mode file for STMicroelectronics.X-CUBE-EEPRMA1.5.1.0
2025-04-23 14:20:40,182 [WARN] PackLoader:240 - Cannot read IP mode file for wolfSSL.I-CUBE-wolfSSL.5.7.4
2025-04-23 14:20:40,207 [WARN] PackLoader:240 - Cannot read IP mode file for ITTIA_DB.I-CUBE-ITTIADB.8.9.0
2025-04-23 14:20:40,248 [WARN] PackLoader:240 - Cannot read IP mode file for SEGGER.I-CUBE-embOS.1.3.1
2025-04-23 14:20:40,295 [WARN] PackLoader:240 - Cannot read IP mode file for STMicroelectronics.X-CUBE-ALGOBUILD.1.4.0
2025-04-23 14:20:40,304 [WARN] PackLoader:240 - Cannot read IP mode file for STMicroelectronics.X-CUBE-AI.9.1.0
2025-04-23 14:20:40,345 [WARN] PackLoader:240 - Cannot read IP mode file for STMicroelectronics.X-CUBE-AZRTOS-F4.1.1.0
2025-04-23 14:20:40,369 [WARN] PackLoader:240 - Cannot read IP mode file for Avnet-IotConnect.X-CUBE-IoTC-DA16k-PMOD.1.0.0
2025-04-23 14:20:40,372 [WARN] PackLoader:240 - Cannot read IP mode file for STMicroelectronics.X-CUBE-ISPU.2.1.0
2025-04-23 14:20:40,378 [WARN] PackLoader:240 - Cannot read IP mode file for STMicroelectronics.X-CUBE-FREERTOS.1.2.0
2025-04-23 14:20:40,380 [INFO] WebApp:169 - Instantiating new browser for Auth
2025-04-23 14:20:40,396 [WARN] PackLoader:240 - Cannot read IP mode file for STMicroelectronics.X-CUBE-AZRTOS-L5.2.0.0
2025-04-23 14:20:40,430 [WARN] PackLoader:240 - Cannot read IP mode file for STMicroelectronics.X-CUBE-NFC6.3.1.0
2025-04-23 14:20:40,456 [WARN] PackLoader:240 - Cannot read IP mode file for STMicroelectronics.X-CUBE-DPower.1.2.0
2025-04-23 14:20:40,464 [WARN] PackLoader:240 - Cannot read IP mode file for STMicroelectronics.X-CUBE-FREERTOS.1.3.0
2025-04-23 14:20:40,471 [WARN] PackLoader:240 - Cannot read IP mode file for STMicroelectronics.X-CUBE-NFC7.1.0.1
2025-04-23 14:20:40,481 [WARN] PackLoader:240 - Cannot read IP mode file for STMicroelectronics.X-CUBE-DPower.1.3.0
2025-04-23 14:20:40,498 [WARN] ConditionMgr:438 - getConditionDescription Invalid condition id : LAN8742 Phy interface Condition cause : null
2025-04-23 14:20:40,500 [WARN] PackLoader:240 - Cannot read IP mode file for STMicroelectronics.X-CUBE-AZRTOS-L4.2.0.0
2025-04-23 14:20:40,502 [WARN] ConditionMgr:1044 - genDependencies : Invalid condition id : LAN8742 Phy interface Condition cause : null
2025-04-23 14:20:40,503 [WARN] ConditionMgr:1044 - genDependencies : Invalid condition id : LAN8742 Phy interface Condition cause : null
2025-04-23 14:20:40,504 [WARN] ConditionMgr:1044 - genDependencies : Invalid condition id : LAN8742 Phy interface Condition cause : null
2025-04-23 14:20:40,516 [WARN] PackLoader:240 - Cannot read IP mode file for STMicroelectronics.X-CUBE-SFXS2LP1.4.0.0
2025-04-23 14:20:40,538 [WARN] PackLoader:240 - Cannot read IP mode file for STMicroelectronics.X-CUBE-AZRTOS-H7.3.3.0
2025-04-23 14:20:40,550 [WARN] PackLoader:240 - Cannot read IP mode file for STMicroelectronics.X-CUBE-IPS.3.0.0
2025-04-23 14:20:40,563 [WARN] ConditionMgr:438 - getConditionDescription Invalid condition id : UX DEVICE CLASS RTOS Condition cause : null
2025-04-23 14:20:40,564 [WARN] ConditionMgr:438 - getConditionDescription Invalid condition id : UX DEVICE CLASS RTOS Condition cause : null
2025-04-23 14:20:40,567 [WARN] PackLoader:240 - Cannot read IP mode file for STMicroelectronics.X-CUBE-AZRTOS-WB.2.0.0
2025-04-23 14:20:40,568 [WARN] ConditionMgr:1044 - genDependencies : Invalid condition id : UX DEVICE CLASS RTOS Condition cause : null
2025-04-23 14:20:40,569 [WARN] ConditionMgr:1044 - genDependencies : Invalid condition id : UX DEVICE CLASS RTOS Condition cause : null
2025-04-23 14:20:40,569 [WARN] ConditionMgr:1044 - genDependencies : Invalid condition id : UX DEVICE CLASS RTOS Condition cause : null
2025-04-23 14:20:40,570 [WARN] ConditionMgr:1044 - genDependencies : Invalid condition id : UX DEVICE CLASS RTOS Condition cause : null
2025-04-23 14:20:40,570 [WARN] ConditionMgr:1044 - genDependencies : Invalid condition id : UX DEVICE CLASS RTOS Condition cause : null
2025-04-23 14:20:40,575 [WARN] PackLoader:240 - Cannot read IP mode file for STMicroelectronics.X-CUBE-GNSS1.7.0.0
2025-04-23 14:20:40,579 [WARN] PackLoader:240 - Cannot read IP mode file for STMicroelectronics.X-CUBE-GNSS1.7.0.1
2025-04-23 14:20:40,583 [WARN] PackLoader:240 - Cannot read IP mode file for STMicroelectronics.X-CUBE-TOUCHGFX.4.25.0
2025-04-23 14:20:40,588 [WARN] PackLoader:240 - Cannot read IP mode file for STMicroelectronics.FP-SNS-STBOX1.2.0.0
2025-04-23 14:20:40,598 [WARN] PackLoader:240 - Cannot read IP mode file for STMicroelectronics.X-CUBE-SUBG2.5.0.0
2025-04-23 14:20:40,625 [WARN] PackLoader:240 - Cannot read IP mode file for STMicroelectronics.X-CUBE-AZRTOS-H7RS.1.1.0
2025-04-23 14:20:40,635 [WARN] PackLoader:240 - Cannot read IP mode file for Cesanta.I-CUBE-Mongoose.7.13.0
2025-04-23 14:20:40,649 [WARN] PackLoader:240 - Cannot read IP mode file for STMicroelectronics.X-CUBE-AZRTOS-G4.2.0.0
2025-04-23 14:20:40,660 [WARN] PackLoader:240 - Cannot read IP mode file for STMicroelectronics.X-CUBE-IPS.3.1.0
2025-04-23 14:20:40,667 [WARN] PackLoader:240 - Cannot read IP mode file for STMicroelectronics.X-CUBE-ALS.1.0.2
2025-04-23 14:20:40,670 [WARN] PackLoader:240 - Cannot read IP mode file for STMicroelectronics.X-CUBE-TOUCHGFX.4.24.2
2025-04-23 14:20:40,672 [WARN] PackLoader:240 - Cannot read IP mode file for STMicroelectronics.X-CUBE-TOUCHGFX.4.24.1
2025-04-23 14:20:40,674 [WARN] PackLoader:240 - Cannot read IP mode file for wolfSSL.I-CUBE-wolfTPM.3.4.0
2025-04-23 14:20:40,677 [WARN] PackLoader:240 - Cannot read IP mode file for portGmbH.I-Cube-SoM-uGOAL.1.1.0
2025-04-23 14:20:40,695 [WARN] PackLoader:240 - Cannot read IP mode file for STMicroelectronics.X-CUBE-AZRTOS-H7RS.1.0.0
2025-04-23 14:20:40,701 [WARN] PackLoader:240 - Cannot read IP mode file for STMicroelectronics.FP-ATR-ASTRA1.2.0.0
2025-04-23 14:20:40,711 [WARN] PackLoader:240 - Cannot read IP mode file for STMicroelectronics.X-CUBE-TOF1.3.4.2
2025-04-23 14:20:40,727 [WARN] PackLoader:240 - Cannot read IP mode file for STMicroelectronics.X-CUBE-TOF1.3.4.3
2025-04-23 14:20:40,757 [WARN] PackLoader:240 - Cannot read IP mode file for Infineon.AIROC-Wi-Fi-Bluetooth-STM32.1.6.1
2025-04-23 14:20:40,763 [WARN] PackLoader:240 - Cannot read IP mode file for wolfSSL.I-CUBE-wolfSSH.1.4.17
2025-04-23 14:20:40,764 [INFO] ThirdParty:978 - Integrity check success = true
2025-04-23 14:20:40,764 [INFO] IntegrityCheckThread:100 - exiting critical section [integrity check]
2025-04-23 14:20:40,764 [INFO] IntegrityCheckThread:103 - End integrity checks thread
2025-04-23 14:20:41,893 [INFO] WebApp:463 - Apply proxy settings
2025-04-23 14:20:41,908 [INFO] WebApp:508 - Chromium authenticates against Manually configured proxy
2025-04-23 14:20:41,919 [INFO] WebApp:516 - Username used for proxy authentication: 
2025-04-23 14:20:41,960 [INFO] WebApp:894 - Register for checkConnection events
2025-04-23 14:20:41,960 [INFO] WebApp:463 - Apply proxy settings
2025-04-23 14:20:41,966 [INFO] WebApp:508 - Chromium authenticates against Manually configured proxy
2025-04-23 14:20:41,966 [INFO] WebApp:516 - Username used for proxy authentication: 
2025-04-23 14:20:42,122 [INFO] WebApp:225 - Starting web application
2025-04-23 14:20:42,122 [INFO] WebApp:593 - Web application path used /Applications/STM32CubeIDE.app/Contents/Eclipse/plugins/com.st.stm32cube.common.mx_6.14.0.202502271554/db/plugins/mcufinder/reactClient1/index.html
2025-04-23 14:20:42,547 [INFO] WebApp:191 - Connection restablished
2025-04-23 14:20:42,799 [INFO] UserAuth:486 - Internet connection configuration mode: 1
2025-04-23 15:55:10,157 [ERROR] LogOutputStream:75 - [STDERR_REDIRECT] 
