2025-05-08 15:47:01,177 [INFO] Activator:176 - 


2025-05-08 15:47:01,182 [INFO] Activator:177 - !SESSION log4j initialized
2025-05-08 15:47:06,506 [INFO] LogOutputStream:77 - [STDOUT_REDIRECT] 
2025-05-08 15:47:08,463 [INFO] LogOutputStream:77 - [STDOUT_REDIRECT] 
2025-05-08 15:47:10,336 [ERROR] LogOutputStream:75 - [STDERR_REDIRECT] 
2025-05-08 15:47:10,549 [INFO] ApplicationProperties:184 - Using Application install path: /Applications/STM32CubeIDE.app/Contents/Eclipse/plugins/com.st.stm32cube.common.mx_6.14.1.202504091515
2025-05-08 15:47:10,562 [INFO] DbMcusXml:78 - Set database path to: /Applications/STM32CubeIDE.app/Contents/Eclipse/plugins/com.st.stm32cube.common.mx_6.14.1.202504091515//db//mcu/
2025-05-08 15:47:10,562 [INFO] ApiDb:274 - Set plugin database path to: /Applications/STM32CubeIDE.app/Contents/Eclipse/plugins/com.st.stm32cube.common.mx_6.14.1.202504091515//db//plugins/boardmanager/
2025-05-08 15:47:10,563 [WARN] ApiDb:259 - Overriding images path with different value:  => /Applications/STM32CubeIDE.app/Contents/Eclipse/plugins/com.st.stm32cube.common.mx_6.14.1.202504091515//db//plugins/mcufinder/images/
2025-05-08 15:47:10,568 [INFO] ApiDb:250 - Set database path to: /Users/adamhwu/.stmcufinder/plugins/mcufinder//mcu/
2025-05-08 15:47:10,569 [INFO] DbMcusAds:125 - Set database path to: /Users/adamhwu/.stmcufinder/plugins/mcufinder//mcu/
2025-05-08 15:47:10,570 [INFO] CrossReferenceDbSqlite:203 - Set database path to: /Users/adamhwu/.stmcufinder/plugins/mcufinder//mcu/cs/
2025-05-08 15:47:10,694 [INFO] RulesReader:64 - Compatibility file has been processed (302 Rules)
2025-05-08 15:47:10,768 [INFO] DbMcusXml:78 - Set database path to: /Applications/STM32CubeIDE.app/Contents/Eclipse/plugins/com.st.stm32cube.common.mx_6.14.1.202504091515//db//mcu/
2025-05-08 15:47:10,769 [INFO] ApiDb:274 - Set plugin database path to: /Applications/STM32CubeIDE.app/Contents/Eclipse/plugins/com.st.stm32cube.common.mx_6.14.1.202504091515//db//plugins/boardmanager/
2025-05-08 15:47:10,769 [INFO] ApiDb:261 - Set plugin images path to: /Applications/STM32CubeIDE.app/Contents/Eclipse/plugins/com.st.stm32cube.common.mx_6.14.1.202504091515//db//plugins/mcufinder/images/
2025-05-08 15:47:10,769 [WARN] DbFile:41 - Overriding database path with different value: /Users/adamhwu/.stmcufinder/plugins/mcufinder/ => /Users/adamhwu/.stmcufinder/plugins/mcufinder
2025-05-08 15:47:10,769 [INFO] ApiDb:250 - Set database path to: /Users/adamhwu/.stmcufinder/plugins/mcufinder//mcu/
2025-05-08 15:47:10,769 [WARN] DbFile:41 - Overriding database path with different value: /Users/adamhwu/.stmcufinder/plugins/mcufinder/ => /Users/adamhwu/.stmcufinder/plugins/mcufinder
2025-05-08 15:47:10,769 [INFO] DbMcusAds:125 - Set database path to: /Users/adamhwu/.stmcufinder/plugins/mcufinder//mcu/
2025-05-08 15:47:10,769 [WARN] DbFile:41 - Overriding database path with different value: /Users/adamhwu/.stmcufinder/plugins/mcufinder/ => /Users/adamhwu/.stmcufinder/plugins/mcufinder
2025-05-08 15:47:10,769 [WARN] DbFile:41 - Overriding database path with different value: /Users/adamhwu/.stmcufinder/plugins/mcufinder/ => /Users/adamhwu/.stmcufinder/plugins/mcufinder
2025-05-08 15:47:10,769 [INFO] CrossReferenceDbSqlite:203 - Set database path to: /Users/adamhwu/.stmcufinder/plugins/mcufinder//mcu/cs/
2025-05-08 15:47:10,835 [INFO] MainPanel:272 - HeapMemory: 268435456
2025-05-08 15:47:11,146 [INFO] DbMcusXml:78 - Set database path to: /Applications/STM32CubeIDE.app/Contents/Eclipse/plugins/com.st.stm32cube.common.mx_6.14.1.202504091515//db//mcu/
2025-05-08 15:47:11,146 [INFO] ApiDb:274 - Set plugin database path to: /Applications/STM32CubeIDE.app/Contents/Eclipse/plugins/com.st.stm32cube.common.mx_6.14.1.202504091515//db//plugins/boardmanager/
2025-05-08 15:47:11,146 [INFO] ApiDb:261 - Set plugin images path to: /Applications/STM32CubeIDE.app/Contents/Eclipse/plugins/com.st.stm32cube.common.mx_6.14.1.202504091515//db//plugins/mcufinder/images/
2025-05-08 15:47:11,146 [WARN] DbFile:41 - Overriding database path with different value: /Users/adamhwu/.stmcufinder/plugins/mcufinder/ => /Users/adamhwu/.stmcufinder/plugins/mcufinder
2025-05-08 15:47:11,146 [INFO] ApiDb:250 - Set database path to: /Users/adamhwu/.stmcufinder/plugins/mcufinder//mcu/
2025-05-08 15:47:11,146 [WARN] DbFile:41 - Overriding database path with different value: /Users/adamhwu/.stmcufinder/plugins/mcufinder/ => /Users/adamhwu/.stmcufinder/plugins/mcufinder
2025-05-08 15:47:11,146 [INFO] DbMcusAds:125 - Set database path to: /Users/adamhwu/.stmcufinder/plugins/mcufinder//mcu/
2025-05-08 15:47:11,147 [WARN] DbFile:41 - Overriding database path with different value: /Users/adamhwu/.stmcufinder/plugins/mcufinder/ => /Users/adamhwu/.stmcufinder/plugins/mcufinder
2025-05-08 15:47:11,147 [WARN] DbFile:41 - Overriding database path with different value: /Users/adamhwu/.stmcufinder/plugins/mcufinder/ => /Users/adamhwu/.stmcufinder/plugins/mcufinder
2025-05-08 15:47:11,147 [INFO] CrossReferenceDbSqlite:203 - Set database path to: /Users/adamhwu/.stmcufinder/plugins/mcufinder//mcu/cs/
2025-05-08 15:47:11,167 [INFO] ApplicationProperties:184 - Using Application install path: /Applications/STM32CubeIDE.app/Contents/Eclipse/plugins/com.st.stm32cube.common.mx_6.14.1.202504091515
2025-05-08 15:47:11,168 [INFO] PluginManage:196 - Search for loadable plugins [exclusion list=, ]
2025-05-08 15:47:11,170 [INFO] PluginManage:310 - Check plugin analytics
2025-05-08 15:47:11,337 [INFO] AnalyticsPlugin:253 - Accepted Software Licenses: 
2025-05-08 15:47:11,337 [INFO] AnalyticsPlugin:255 - Accepted CMSIS Pack Licenses: 
2025-05-08 15:47:11,337 [INFO] AnalyticsPlugin:257 - Accepted Firmware Licenses: 
2025-05-08 15:47:11,341 [INFO] PluginManage:359 - Loaded plugin analytics (category:tool,tabindex:-1)
2025-05-08 15:47:11,344 [INFO] PluginManage:310 - Check plugin cadmodel
2025-05-08 15:47:11,356 [INFO] CADModel:105 - Init CAD model plugin
2025-05-08 15:47:11,356 [INFO] PluginManage:359 - Loaded plugin cadmodel (category:power,tabindex:5)
2025-05-08 15:47:11,357 [INFO] PluginManage:310 - Check plugin clock
2025-05-08 15:47:11,365 [INFO] PluginManage:359 - Loaded plugin clock (category:base,tabindex:2)
2025-05-08 15:47:11,365 [INFO] PluginManage:310 - Check plugin ddr
2025-05-08 15:47:11,366 [INFO] PluginManage:359 - Loaded plugin ddr (category:tool,tabindex:6)
2025-05-08 15:47:11,367 [INFO] PluginManage:310 - Check plugin filemanager
2025-05-08 15:47:11,509 [INFO] PluginManage:359 - Loaded plugin filemanager (category:base,tabindex:10)
2025-05-08 15:47:11,509 [INFO] PluginManage:310 - Check plugin ipmanager
2025-05-08 15:47:11,517 [INFO] PluginManage:359 - Loaded plugin ipmanager (category:base,tabindex:5)
2025-05-08 15:47:11,517 [INFO] PluginManage:310 - Check plugin lpbam
2025-05-08 15:47:11,525 [INFO] PluginManage:359 - Loaded plugin lpbam (category:base,tabindex:0)
2025-05-08 15:47:11,525 [INFO] PluginManage:310 - Check plugin memorymap
2025-05-08 15:47:11,533 [INFO] PluginManage:359 - Loaded plugin memorymap (category:base,tabindex:4)
2025-05-08 15:47:11,533 [INFO] PluginManage:310 - Check plugin pinoutandconfiguration
2025-05-08 15:47:11,537 [INFO] PluginManage:359 - Loaded plugin pinoutandconfiguration (category:base,tabindex:1)
2025-05-08 15:47:11,538 [INFO] PluginManage:310 - Check plugin pinoutconfig
2025-05-08 15:47:11,650 [WARN] SupportedApi:132 - Cannot load RTOS API schema: s4s-elt-must-match.1: The content of 'definitions' must match (annotation?, (simpleType | complexType)?, (unique | key | keyref)*)). A problem was found starting at: attribute.
2025-05-08 15:47:11,787 [INFO] PluginManage:359 - Loaded plugin pinoutconfig (category:base,tabindex:0)
2025-05-08 15:47:11,787 [INFO] PluginManage:310 - Check plugin power
2025-05-08 15:47:11,798 [INFO] PluginManage:359 - Loaded plugin power (category:power,tabindex:4)
2025-05-08 15:47:11,798 [INFO] PluginManage:310 - Check plugin projectmanager
2025-05-08 15:47:11,825 [INFO] PluginManage:359 - Loaded plugin projectmanager (category:projectmanager,tabindex:4)
2025-05-08 15:47:11,825 [INFO] PluginManage:310 - Check plugin rif
2025-05-08 15:47:11,830 [INFO] PluginManage:359 - Loaded plugin rif (category:base,tabindex:3)
2025-05-08 15:47:11,830 [INFO] PluginManage:310 - Check plugin thirdparty
2025-05-08 15:47:11,978 [INFO] PluginManage:359 - Loaded plugin thirdparty (category:base,tabindex:-1)
2025-05-08 15:47:11,978 [INFO] PluginManage:310 - Check plugin tools
2025-05-08 15:47:11,978 [WARN] IntegrityCheckThread:84 - waiting for thirdparty lock release [integrity check]
2025-05-08 15:47:11,979 [INFO] IntegrityCheckThread:86 - entering critical section [integrity check]
2025-05-08 15:47:11,983 [INFO] ThirdPartyUpdaterWithRetryManager:70 - Updater plugin not ready yet. [1/15]
2025-05-08 15:47:11,984 [INFO] PluginManage:359 - Loaded plugin tools (category:base,tabindex:7)
2025-05-08 15:47:11,984 [INFO] PluginManage:310 - Check plugin tutovideos
2025-05-08 15:47:12,126 [INFO] PluginManage:359 - Loaded plugin tutovideos (category:base,tabindex:-1)
2025-05-08 15:47:12,126 [INFO] PluginManage:310 - Check plugin updater
2025-05-08 15:47:12,151 [INFO] PluginManage:359 - Loaded plugin updater (category:base,tabindex:12)
2025-05-08 15:47:12,152 [INFO] PluginManage:310 - Check plugin userauth
2025-05-08 15:47:12,155 [INFO] UserAuth:118 - Init User Auth plugin
2025-05-08 15:47:12,156 [INFO] PluginManage:359 - Loaded plugin userauth (category:base,tabindex:14)
2025-05-08 15:47:12,157 [INFO] PluginManage:283 - PluginManage : Loaded plugins [18]
2025-05-08 15:47:12,354 [INFO] PinOutPanel:1589 - setPackage(No Configuration,No Configuration)
2025-05-08 15:47:12,421 [INFO] CADModel:165 - CPN selected for project level
2025-05-08 15:47:12,421 [INFO] CADModel:114 - Register for checkConnection events
2025-05-08 15:47:12,430 [INFO] IPUIPlugin:80 - create IPUIPlugin
2025-05-08 15:47:12,431 [INFO] PluginManager:220 - loadIPPluginJar : add mdma
2025-05-08 15:47:12,435 [INFO] IPUIPlugin:80 - create IPUIPlugin
2025-05-08 15:47:12,435 [INFO] PluginManager:220 - loadIPPluginJar : add freertos
2025-05-08 15:47:12,438 [INFO] IPUIPlugin:80 - create IPUIPlugin
2025-05-08 15:47:12,438 [INFO] PluginManager:220 - loadIPPluginJar : add gic
2025-05-08 15:47:12,444 [INFO] IPUIPlugin:80 - create IPUIPlugin
2025-05-08 15:47:12,444 [INFO] PluginManager:220 - loadIPPluginJar : add adc
2025-05-08 15:47:12,445 [INFO] IPUIPlugin:80 - create IPUIPlugin
2025-05-08 15:47:12,445 [INFO] PluginManager:220 - loadIPPluginJar : add gtzc
2025-05-08 15:47:12,446 [INFO] IPUIPlugin:80 - create IPUIPlugin
2025-05-08 15:47:12,446 [INFO] PluginManager:220 - loadIPPluginJar : add quadspi
2025-05-08 15:47:12,447 [INFO] IPUIPlugin:80 - create IPUIPlugin
2025-05-08 15:47:12,447 [INFO] PluginManager:220 - loadIPPluginJar : add aes
2025-05-08 15:47:12,448 [INFO] IPUIPlugin:80 - create IPUIPlugin
2025-05-08 15:47:12,448 [INFO] PluginManager:220 - loadIPPluginJar : add pdm2pcm
2025-05-08 15:47:12,449 [INFO] IPUIPlugin:80 - create IPUIPlugin
2025-05-08 15:47:12,449 [INFO] PluginManager:220 - loadIPPluginJar : add hash
2025-05-08 15:47:12,450 [INFO] IPUIPlugin:80 - create IPUIPlugin
2025-05-08 15:47:12,450 [INFO] PluginManager:220 - loadIPPluginJar : add tim
2025-05-08 15:47:12,451 [INFO] IPUIPlugin:80 - create IPUIPlugin
2025-05-08 15:47:12,451 [INFO] PluginManager:220 - loadIPPluginJar : add tsc
2025-05-08 15:47:12,454 [INFO] IPUIPlugin:80 - create IPUIPlugin
2025-05-08 15:47:12,455 [INFO] PluginManager:220 - loadIPPluginJar : add extmemmanager
2025-05-08 15:47:12,456 [INFO] IPUIPlugin:80 - create IPUIPlugin
2025-05-08 15:47:12,456 [INFO] PluginManager:220 - loadIPPluginJar : add ts
2025-05-08 15:47:12,456 [INFO] IPUIPlugin:80 - create IPUIPlugin
2025-05-08 15:47:12,458 [INFO] PluginManager:220 - loadIPPluginJar : add radio
2025-05-08 15:47:12,459 [INFO] IPUIPlugin:80 - create IPUIPlugin
2025-05-08 15:47:12,459 [INFO] PluginManager:220 - loadIPPluginJar : add can
2025-05-08 15:47:12,460 [INFO] IPUIPlugin:80 - create IPUIPlugin
2025-05-08 15:47:12,460 [INFO] PluginManager:220 - loadIPPluginJar : add dma3
2025-05-08 15:47:12,461 [INFO] IPUIPlugin:80 - create IPUIPlugin
2025-05-08 15:47:12,461 [INFO] PluginManager:220 - loadIPPluginJar : add dfsdm
2025-05-08 15:47:12,462 [INFO] IPUIPlugin:80 - create IPUIPlugin
2025-05-08 15:47:12,462 [INFO] PluginManager:220 - loadIPPluginJar : add spi
2025-05-08 15:47:12,463 [INFO] IPUIPlugin:80 - create IPUIPlugin
2025-05-08 15:47:12,463 [INFO] PluginManager:220 - loadIPPluginJar : add gfxmmu
2025-05-08 15:47:12,464 [INFO] IPUIPlugin:80 - create IPUIPlugin
2025-05-08 15:47:12,464 [INFO] PluginManager:220 - loadIPPluginJar : add genericplugin
2025-05-08 15:47:12,466 [INFO] IPUIPlugin:80 - create IPUIPlugin
2025-05-08 15:47:12,466 [INFO] PluginManager:220 - loadIPPluginJar : add cryp
2025-05-08 15:47:12,468 [INFO] IPUIPlugin:80 - create IPUIPlugin
2025-05-08 15:47:12,468 [INFO] PluginManager:220 - loadIPPluginJar : add gpio
2025-05-08 15:47:12,470 [INFO] IPUIPlugin:80 - create IPUIPlugin
2025-05-08 15:47:12,470 [INFO] PluginManager:220 - loadIPPluginJar : add ddr_ctrl_phy
2025-05-08 15:47:12,471 [INFO] IPUIPlugin:80 - create IPUIPlugin
2025-05-08 15:47:12,471 [INFO] PluginManager:220 - loadIPPluginJar : add comp
2025-05-08 15:47:12,472 [INFO] IPUIPlugin:80 - create IPUIPlugin
2025-05-08 15:47:12,473 [INFO] PluginManager:220 - loadIPPluginJar : add tracer_emb
2025-05-08 15:47:12,474 [INFO] IPUIPlugin:80 - create IPUIPlugin
2025-05-08 15:47:12,474 [INFO] PluginManager:220 - loadIPPluginJar : add openamp
2025-05-08 15:47:12,478 [INFO] IPUIPlugin:80 - create IPUIPlugin
2025-05-08 15:47:12,478 [INFO] PluginManager:220 - loadIPPluginJar : add stm32_wpan
2025-05-08 15:47:12,482 [INFO] IPUIPlugin:80 - create IPUIPlugin
2025-05-08 15:47:12,483 [INFO] PluginManager:220 - loadIPPluginJar : add plateformsettings
2025-05-08 15:47:12,485 [INFO] IPUIPlugin:80 - create IPUIPlugin
2025-05-08 15:47:12,485 [INFO] PluginManager:220 - loadIPPluginJar : add ipddr
2025-05-08 15:47:12,486 [INFO] IPUIPlugin:80 - create IPUIPlugin
2025-05-08 15:47:12,486 [INFO] PluginManager:220 - loadIPPluginJar : add usart
2025-05-08 15:47:12,487 [INFO] IPUIPlugin:80 - create IPUIPlugin
2025-05-08 15:47:12,487 [INFO] PluginManager:220 - loadIPPluginJar : add ltdc
2025-05-08 15:47:12,489 [INFO] IPUIPlugin:80 - create IPUIPlugin
2025-05-08 15:47:12,489 [INFO] PluginManager:220 - loadIPPluginJar : add nvic
2025-05-08 15:47:12,490 [INFO] IPUIPlugin:80 - create IPUIPlugin
2025-05-08 15:47:12,490 [INFO] PluginManager:220 - loadIPPluginJar : add fatfs
2025-05-08 15:47:12,494 [INFO] IPUIPlugin:80 - create IPUIPlugin
2025-05-08 15:47:12,494 [INFO] PluginManager:220 - loadIPPluginJar : add linkedlist
2025-05-08 15:47:12,497 [INFO] IPUIPlugin:80 - create IPUIPlugin
2025-05-08 15:47:12,497 [INFO] PluginManager:220 - loadIPPluginJar : add dma
2025-05-08 15:47:12,499 [INFO] IPUIPlugin:80 - create IPUIPlugin
2025-05-08 15:47:12,499 [INFO] PluginManager:220 - loadIPPluginJar : add fmc
2025-05-08 15:47:12,500 [INFO] IPUIPlugin:80 - create IPUIPlugin
2025-05-08 15:47:12,500 [INFO] PluginManager:220 - loadIPPluginJar : add i2s
2025-05-08 15:47:12,501 [INFO] IPUIPlugin:80 - create IPUIPlugin
2025-05-08 15:47:12,501 [INFO] PluginManager:220 - loadIPPluginJar : add ucpd
2025-05-08 15:47:12,503 [INFO] IPUIPlugin:80 - create IPUIPlugin
2025-05-08 15:47:12,503 [INFO] PluginManager:220 - loadIPPluginJar : add lorawan
2025-05-08 15:47:12,504 [INFO] IPUIPlugin:80 - create IPUIPlugin
2025-05-08 15:47:12,504 [INFO] PluginManager:220 - loadIPPluginJar : add opamp
2025-05-08 15:47:12,506 [INFO] IPUIPlugin:80 - create IPUIPlugin
2025-05-08 15:47:12,506 [INFO] PluginManager:220 - loadIPPluginJar : add i3c
2025-05-08 15:47:12,507 [INFO] IPUIPlugin:80 - create IPUIPlugin
2025-05-08 15:47:12,507 [INFO] PluginManager:220 - loadIPPluginJar : add touchsensing
2025-05-08 15:47:12,509 [INFO] IPUIPlugin:80 - create IPUIPlugin
2025-05-08 15:47:12,509 [INFO] PluginManager:220 - loadIPPluginJar : add i2c
2025-05-08 15:47:12,511 [INFO] IPUIPlugin:80 - create IPUIPlugin
2025-05-08 15:47:12,511 [INFO] PluginManager:220 - loadIPPluginJar : add resmgrutility
2025-05-08 15:47:12,512 [INFO] IPUIPlugin:80 - create IPUIPlugin
2025-05-08 15:47:12,512 [INFO] PluginManager:220 - loadIPPluginJar : add sai
2025-05-08 15:47:12,514 [INFO] IPUIPlugin:80 - create IPUIPlugin
2025-05-08 15:47:12,514 [INFO] PluginManager:220 - loadIPPluginJar : add usbx
2025-05-08 15:47:12,621 [FATAL] Updater:351 - Updater called before beeing initialized
2025-05-08 15:47:12,667 [INFO] RulesReader:64 - Compatibility file has been processed (302 Rules)
2025-05-08 15:47:12,684 [INFO] RulesReader:64 - Compatibility file has been processed (302 Rules)
2025-05-08 15:47:12,697 [INFO] CADModel:165 - CPN selected for project level
2025-05-08 15:47:12,697 [INFO] CADModel:114 - Register for checkConnection events
2025-05-08 15:47:12,697 [FATAL] Updater:351 - Updater called before beeing initialized
2025-05-08 15:47:12,697 [ERROR] CADModel:125 - Updater not yet initialized, retry later 
2025-05-08 15:47:12,907 [FATAL] Updater:351 - Updater called before beeing initialized
2025-05-08 15:47:12,908 [INFO] CADModel:165 - CPN selected for project level
2025-05-08 15:47:12,908 [INFO] CADModel:114 - Register for checkConnection events
2025-05-08 15:47:12,908 [FATAL] Updater:351 - Updater called before beeing initialized
2025-05-08 15:47:12,908 [ERROR] CADModel:125 - Updater not yet initialized, retry later 
2025-05-08 15:47:12,911 [FATAL] Updater:351 - Updater called before beeing initialized
2025-05-08 15:47:13,052 [FATAL] Updater:351 - Updater called before beeing initialized
2025-05-08 15:47:13,056 [INFO] DbMcusAds:53 - JSON generation date=Wed Sep 29 23:55:09 PDT 2021 (1632984909247)
2025-05-08 15:47:13,056 [FATAL] Updater:351 - Updater called before beeing initialized
2025-05-08 15:47:13,108 [WARN] DetailPanel:346 - Failed to get advertising image, set to default
2025-05-08 15:47:13,298 [FATAL] Updater:351 - Updater called before beeing initialized
2025-05-08 15:47:13,303 [FATAL] Updater:351 - Updater called before beeing initialized
2025-05-08 15:47:13,303 [FATAL] Updater:351 - Updater called before beeing initialized
2025-05-08 15:47:13,303 [WARN] DetailPanel:346 - Failed to get advertising image, set to default
2025-05-08 15:47:13,305 [FATAL] Updater:351 - Updater called before beeing initialized
2025-05-08 15:47:13,356 [ERROR] Updater:1198 - MainUpdater not yet initialized. External WinMGr cannot be set.
2025-05-08 15:47:13,359 [INFO] Updater:1134 - Updater Version found : 6.14.1
2025-05-08 15:47:13,372 [INFO] ApplicationProperties:184 - Using Application install path: /Applications/STM32CubeIDE.app/Contents/Eclipse/plugins/com.st.stm32cube.common.mx_6.14.1.202504091515
2025-05-08 15:47:13,695 [INFO] MainUpdater:2872 - connection check result : 10
2025-05-08 15:47:13,696 [INFO] MainUpdater:289 - Updater Check For Update Now.
2025-05-08 15:47:13,696 [INFO] MicroXplorer:498 - Change Database Version : DB.6.0.141
2025-05-08 15:47:13,700 [INFO] McuFinderGlobals:63 - Set McuFinder mode to 2 (CubeIDE integrated)
2025-05-08 15:47:13,702 [INFO] UserAuth:484 - Internet connection configuration mode: 1
2025-05-08 15:47:13,748 [INFO] JxBrowserEngine:152 - Initiate JxBrowser Engine with user profile folder
2025-05-08 15:47:13,969 [INFO] CheckServerUpdateThread:120 - End of CheckServer Thread
2025-05-08 15:47:15,151 [WARN] PackLoader:240 - Cannot read IP mode file for STMicroelectronics.FP-SNS-MOTENVWB1.1.4.0
2025-05-08 15:47:15,166 [WARN] PackLoader:240 - Cannot read IP mode file for STMicroelectronics.FP-ATR-ASTRA1.2.0.2
2025-05-08 15:47:15,186 [WARN] PackLoader:240 - Cannot read IP mode file for STMicroelectronics.X-CUBE-SMBUS.2.1.0
2025-05-08 15:47:15,196 [WARN] PackLoader:240 - Cannot read IP mode file for STMicroelectronics.X-CUBE-WB05N.1.1.0
2025-05-08 15:47:15,239 [WARN] PackLoader:240 - Cannot read IP mode file for STMicroelectronics.X-CUBE-AZRTOS-F7.1.1.0
2025-05-08 15:47:15,328 [WARN] PackLoader:240 - Cannot read IP mode file for STMicroelectronics.X-CUBE-MEMS1.11.0.0
2025-05-08 15:47:15,718 [WARN] PackLoader:240 - Cannot read IP mode file for STMicroelectronics.FP-SNS-FLIGHT1.5.0.2
2025-05-08 15:47:15,773 [WARN] PackLoader:240 - Cannot read IP mode file for STMicroelectronics.X-CUBE-DISPLAY.3.0.0
2025-05-08 15:47:15,799 [WARN] PackLoader:240 - Cannot read IP mode file for STMicroelectronics.X-CUBE-BLE1.7.0.0
2025-05-08 15:47:15,815 [WARN] PackLoader:240 - Cannot read IP mode file for STMicroelectronics.X-CUBE-NFC10.1.0.0
2025-05-08 15:47:15,842 [WARN] PackLoader:240 - Cannot read IP mode file for STMicroelectronics.X-CUBE-BLEMGR.4.0.0
2025-05-08 15:47:15,861 [WARN] PackLoader:240 - Cannot read IP mode file for emotas.I-CUBE-CANOPEN.1.3.0
2025-05-08 15:47:15,875 [WARN] PackLoader:240 - Cannot read IP mode file for STMicroelectronics.X-CUBE-BLEMGR.3.1.0
2025-05-08 15:47:15,883 [WARN] PackLoader:240 - Cannot read IP mode file for STMicroelectronics.X-CUBE-AI.10.0.0
2025-05-08 15:47:15,887 [WARN] PackLoader:240 - Cannot read IP mode file for STMicroelectronics.FP-SNS-SMARTAG2.1.2.0
2025-05-08 15:47:15,890 [WARN] PackLoader:240 - Cannot read IP mode file for STMicroelectronics.FP-SNS-FLIGHT1.5.1.0
2025-05-08 15:47:15,977 [WARN] PackLoader:240 - Cannot read IP mode file for STMicroelectronics.X-CUBE-MEMS1.11.1.0
2025-05-08 15:47:16,099 [INFO] LogOutputStream:77 - [STDOUT_REDIRECT] 1 : Invalid condition id : UX_CORESTACK_Condition cause : null
2025-05-08 15:47:16,105 [INFO] LogOutputStream:77 - [STDOUT_REDIRECT] 1 : Invalid condition id : UX_CORESTACK_Condition cause : null
2025-05-08 15:47:16,105 [INFO] LogOutputStream:77 - [STDOUT_REDIRECT] 1 : Invalid condition id : UX_CORESTACK_Condition cause : null
2025-05-08 15:47:16,105 [INFO] LogOutputStream:77 - [STDOUT_REDIRECT] 1 : Invalid condition id : UX_CORESTACK_Condition cause : null
2025-05-08 15:47:16,105 [INFO] LogOutputStream:77 - [STDOUT_REDIRECT] 1 : Invalid condition id : UX_CORESTACK_Condition cause : null
2025-05-08 15:47:16,112 [WARN] PackLoader:240 - Cannot read IP mode file for STMicroelectronics.X-CUBE-AZRTOS-WL.2.0.0
2025-05-08 15:47:16,118 [WARN] PackLoader:240 - Cannot read IP mode file for STMicroelectronics.FP-SNS-MOTENV1.5.0.0
2025-05-08 15:47:16,125 [WARN] PackLoader:240 - Cannot read IP mode file for wolfSSL.I-CUBE-wolfMQTT.1.19.0
2025-05-08 15:47:16,138 [WARN] PackLoader:240 - Cannot read IP mode file for WES.I-CUBE-Cesium.1.3.0
2025-05-08 15:47:16,145 [WARN] PackLoader:240 - Cannot read IP mode file for STMicroelectronics.X-CUBE-BLE2.3.3.0
2025-05-08 15:47:16,154 [WARN] PackLoader:240 - Cannot read IP mode file for STMicroelectronics.X-CUBE-NFC9.1.0.0
2025-05-08 15:47:16,159 [WARN] PackLoader:240 - Cannot read IP mode file for STMicroelectronics.X-CUBE-BLE1.7.1.0
2025-05-08 15:47:16,168 [WARN] PackLoader:240 - Cannot read IP mode file for STMicroelectronics.X-CUBE-TCPP.4.1.0
2025-05-08 15:47:16,251 [WARN] PackLoader:240 - Cannot read IP mode file for STMicroelectronics.X-CUBE-MEMS1.11.2.0
2025-05-08 15:47:16,361 [WARN] PackLoader:240 - Cannot read IP mode file for STMicroelectronics.X-CUBE-AZRTOS-G0.1.1.0
2025-05-08 15:47:16,381 [WARN] PackLoader:240 - Cannot read IP mode file for STMicroelectronics.X-CUBE-SAFEA1.1.2.2
2025-05-08 15:47:16,390 [WARN] PackLoader:240 - Cannot read IP mode file for STMicroelectronics.X-CUBE-NFC4.3.0.0
2025-05-08 15:47:16,403 [WARN] PackLoader:240 - Cannot read IP mode file for EmbeddedOffice.I-CUBE-FS-RTOS.1.0.1
2025-05-08 15:47:16,411 [WARN] PackLoader:240 - Cannot read IP mode file for STMicroelectronics.X-CUBE-WB05N.2.0.0
2025-05-08 15:47:16,416 [WARN] PackLoader:240 - Cannot read IP mode file for STMicroelectronics.X-CUBE-TCPP.4.2.0
2025-05-08 15:47:16,420 [WARN] PackLoader:240 - Cannot read IP mode file for RealThread.X-CUBE-RT-Thread_Nano.4.1.1
2025-05-08 15:47:16,422 [WARN] PackLoader:240 - Cannot read IP mode file for STMicroelectronics.FP-ATR-SIGFOX1.3.2.0
2025-05-08 15:47:16,425 [WARN] ConditionMgr:438 - getConditionDescription Invalid condition id : Cortex-A Device cause : null
2025-05-08 15:47:16,488 [WARN] ConditionMgr:1044 - genDependencies : Invalid condition id : Cortex-A Device cause : null
2025-05-08 15:47:16,489 [WARN] ConditionMgr:1044 - genDependencies : Invalid condition id : Cortex-A Device cause : null
2025-05-08 15:47:16,489 [WARN] ConditionMgr:1044 - genDependencies : Invalid condition id : Cortex-A Device cause : null
2025-05-08 15:47:16,496 [WARN] PackLoader:240 - Cannot read IP mode file for STMicroelectronics.X-CUBE-EEPRMA1.5.1.0
2025-05-08 15:47:16,500 [WARN] PackLoader:240 - Cannot read IP mode file for wolfSSL.I-CUBE-wolfSSL.5.7.4
2025-05-08 15:47:16,530 [WARN] PackLoader:240 - Cannot read IP mode file for ITTIA_DB.I-CUBE-ITTIADB.8.9.0
2025-05-08 15:47:16,586 [WARN] PackLoader:240 - Cannot read IP mode file for SEGGER.I-CUBE-embOS.1.3.1
2025-05-08 15:47:16,631 [WARN] PackLoader:240 - Cannot read IP mode file for STMicroelectronics.X-CUBE-ALGOBUILD.1.4.0
2025-05-08 15:47:16,638 [WARN] PackLoader:240 - Cannot read IP mode file for STMicroelectronics.X-CUBE-AI.9.1.0
2025-05-08 15:47:16,661 [WARN] PackLoader:240 - Cannot read IP mode file for STMicroelectronics.X-CUBE-AZRTOS-F4.1.1.0
2025-05-08 15:47:16,672 [WARN] PackLoader:240 - Cannot read IP mode file for Avnet-IotConnect.X-CUBE-IoTC-DA16k-PMOD.1.0.0
2025-05-08 15:47:16,680 [WARN] PackLoader:240 - Cannot read IP mode file for STMicroelectronics.X-CUBE-ISPU.2.1.0
2025-05-08 15:47:16,690 [WARN] PackLoader:240 - Cannot read IP mode file for STMicroelectronics.X-CUBE-FREERTOS.1.2.0
2025-05-08 15:47:16,714 [WARN] PackLoader:240 - Cannot read IP mode file for STMicroelectronics.X-CUBE-AZRTOS-L5.2.0.0
2025-05-08 15:47:16,729 [WARN] PackLoader:240 - Cannot read IP mode file for STMicroelectronics.X-CUBE-NFC6.3.1.0
2025-05-08 15:47:16,737 [WARN] PackLoader:240 - Cannot read IP mode file for STMicroelectronics.X-CUBE-DPower.1.2.0
2025-05-08 15:47:16,742 [WARN] PackLoader:240 - Cannot read IP mode file for STMicroelectronics.X-CUBE-FREERTOS.1.3.1
2025-05-08 15:47:16,746 [WARN] PackLoader:240 - Cannot read IP mode file for STMicroelectronics.X-CUBE-FREERTOS.1.3.0
2025-05-08 15:47:16,751 [WARN] PackLoader:240 - Cannot read IP mode file for STMicroelectronics.X-CUBE-NFC7.1.0.1
2025-05-08 15:47:16,755 [WARN] PackLoader:240 - Cannot read IP mode file for STMicroelectronics.X-CUBE-DPower.1.3.0
2025-05-08 15:47:16,775 [WARN] ConditionMgr:438 - getConditionDescription Invalid condition id : LAN8742 Phy interface Condition cause : null
2025-05-08 15:47:16,776 [WARN] PackLoader:240 - Cannot read IP mode file for STMicroelectronics.X-CUBE-AZRTOS-L4.2.0.0
2025-05-08 15:47:16,778 [WARN] ConditionMgr:1044 - genDependencies : Invalid condition id : LAN8742 Phy interface Condition cause : null
2025-05-08 15:47:16,778 [WARN] ConditionMgr:1044 - genDependencies : Invalid condition id : LAN8742 Phy interface Condition cause : null
2025-05-08 15:47:16,779 [WARN] ConditionMgr:1044 - genDependencies : Invalid condition id : LAN8742 Phy interface Condition cause : null
2025-05-08 15:47:16,786 [WARN] PackLoader:240 - Cannot read IP mode file for STMicroelectronics.X-CUBE-SFXS2LP1.4.0.0
2025-05-08 15:47:16,808 [WARN] PackLoader:240 - Cannot read IP mode file for STMicroelectronics.X-CUBE-AZRTOS-H7.3.3.0
2025-05-08 15:47:16,822 [WARN] PackLoader:240 - Cannot read IP mode file for STMicroelectronics.X-CUBE-IPS.3.0.0
2025-05-08 15:47:16,855 [WARN] ConditionMgr:438 - getConditionDescription Invalid condition id : UX DEVICE CLASS RTOS Condition cause : null
2025-05-08 15:47:16,855 [WARN] ConditionMgr:438 - getConditionDescription Invalid condition id : UX DEVICE CLASS RTOS Condition cause : null
2025-05-08 15:47:16,859 [WARN] PackLoader:240 - Cannot read IP mode file for STMicroelectronics.X-CUBE-AZRTOS-WB.2.0.0
2025-05-08 15:47:16,860 [WARN] ConditionMgr:1044 - genDependencies : Invalid condition id : UX DEVICE CLASS RTOS Condition cause : null
2025-05-08 15:47:16,860 [WARN] ConditionMgr:1044 - genDependencies : Invalid condition id : UX DEVICE CLASS RTOS Condition cause : null
2025-05-08 15:47:16,860 [WARN] ConditionMgr:1044 - genDependencies : Invalid condition id : UX DEVICE CLASS RTOS Condition cause : null
2025-05-08 15:47:16,861 [WARN] ConditionMgr:1044 - genDependencies : Invalid condition id : UX DEVICE CLASS RTOS Condition cause : null
2025-05-08 15:47:16,861 [WARN] ConditionMgr:1044 - genDependencies : Invalid condition id : UX DEVICE CLASS RTOS Condition cause : null
2025-05-08 15:47:16,866 [WARN] PackLoader:240 - Cannot read IP mode file for STMicroelectronics.X-CUBE-GNSS1.7.0.0
2025-05-08 15:47:16,874 [WARN] PackLoader:240 - Cannot read IP mode file for STMicroelectronics.X-CUBE-GNSS1.7.0.1
2025-05-08 15:47:16,880 [WARN] PackLoader:240 - Cannot read IP mode file for STMicroelectronics.X-CUBE-TOUCHGFX.4.25.0
2025-05-08 15:47:16,884 [WARN] PackLoader:240 - Cannot read IP mode file for STMicroelectronics.FP-SNS-STBOX1.2.0.0
2025-05-08 15:47:16,895 [WARN] PackLoader:240 - Cannot read IP mode file for STMicroelectronics.X-CUBE-SUBG2.5.0.0
2025-05-08 15:47:16,926 [WARN] PackLoader:240 - Cannot read IP mode file for STMicroelectronics.X-CUBE-AZRTOS-H7RS.1.1.0
2025-05-08 15:47:16,932 [WARN] PackLoader:240 - Cannot read IP mode file for Cesanta.I-CUBE-Mongoose.7.13.0
2025-05-08 15:47:16,948 [WARN] PackLoader:240 - Cannot read IP mode file for STMicroelectronics.X-CUBE-AZRTOS-G4.2.0.0
2025-05-08 15:47:16,957 [WARN] PackLoader:240 - Cannot read IP mode file for STMicroelectronics.X-CUBE-NFC7.2.0.0
2025-05-08 15:47:16,977 [WARN] PackLoader:240 - Cannot read IP mode file for STMicroelectronics.X-CUBE-IPS.3.1.0
2025-05-08 15:47:16,986 [WARN] PackLoader:240 - Cannot read IP mode file for STMicroelectronics.X-CUBE-ALS.1.0.2
2025-05-08 15:47:16,989 [WARN] PackLoader:240 - Cannot read IP mode file for STMicroelectronics.X-CUBE-TOUCHGFX.4.24.2
2025-05-08 15:47:16,990 [WARN] PackLoader:240 - Cannot read IP mode file for STMicroelectronics.X-CUBE-TOUCHGFX.4.24.1
2025-05-08 15:47:16,994 [WARN] PackLoader:240 - Cannot read IP mode file for wolfSSL.I-CUBE-wolfTPM.3.4.0
2025-05-08 15:47:16,998 [WARN] PackLoader:240 - Cannot read IP mode file for portGmbH.I-Cube-SoM-uGOAL.1.1.0
2025-05-08 15:47:17,016 [WARN] PackLoader:240 - Cannot read IP mode file for STMicroelectronics.X-CUBE-AZRTOS-H7RS.1.0.0
2025-05-08 15:47:17,028 [WARN] PackLoader:240 - Cannot read IP mode file for STMicroelectronics.FP-ATR-ASTRA1.2.0.0
2025-05-08 15:47:17,053 [WARN] PackLoader:240 - Cannot read IP mode file for STMicroelectronics.X-CUBE-TOF1.3.4.2
2025-05-08 15:47:17,076 [WARN] PackLoader:240 - Cannot read IP mode file for STMicroelectronics.X-CUBE-TOF1.3.4.3
2025-05-08 15:47:17,117 [WARN] PackLoader:240 - Cannot read IP mode file for Infineon.AIROC-Wi-Fi-Bluetooth-STM32.1.6.1
2025-05-08 15:47:17,130 [WARN] PackLoader:240 - Cannot read IP mode file for wolfSSL.I-CUBE-wolfSSH.1.4.17
2025-05-08 15:47:17,132 [INFO] ThirdParty:978 - Integrity check success = true
2025-05-08 15:47:17,132 [INFO] IntegrityCheckThread:100 - exiting critical section [integrity check]
2025-05-08 15:47:17,132 [INFO] IntegrityCheckThread:103 - End integrity checks thread
2025-05-08 15:47:18,557 [INFO] WebApp:169 - Instantiating new browser for Auth
2025-05-08 15:47:20,088 [INFO] WebApp:463 - Apply proxy settings
2025-05-08 15:47:20,157 [INFO] WebApp:508 - Chromium authenticates against Manually configured proxy
2025-05-08 15:47:20,170 [INFO] WebApp:516 - Username used for proxy authentication: 
2025-05-08 15:47:20,215 [INFO] WebApp:894 - Register for checkConnection events
2025-05-08 15:47:20,216 [INFO] WebApp:463 - Apply proxy settings
2025-05-08 15:47:20,227 [INFO] WebApp:508 - Chromium authenticates against Manually configured proxy
2025-05-08 15:47:20,228 [INFO] WebApp:516 - Username used for proxy authentication: 
2025-05-08 15:47:20,401 [INFO] WebApp:225 - Starting web application
2025-05-08 15:47:20,401 [INFO] WebApp:593 - Web application path used /Applications/STM32CubeIDE.app/Contents/Eclipse/plugins/com.st.stm32cube.common.mx_6.14.1.202504091515/db/plugins/mcufinder/reactClient1/index.html
2025-05-08 15:47:20,776 [INFO] WebApp:191 - Connection restablished
2025-05-08 15:47:21,051 [INFO] UserAuth:484 - Internet connection configuration mode: 1
