2025-03-02 09:30:12,632 [INFO] Activator:176 - 


2025-03-02 09:30:12,638 [INFO] Activator:177 - !SESSION log4j initialized
2025-03-02 09:30:14,101 [INFO] LogOutputStream:77 - [STDOUT_REDIRECT] 
2025-03-02 09:30:17,317 [ERROR] LogOutputStream:75 - [STDERR_REDIRECT] 
2025-03-02 09:30:19,765 [INFO] LogOutputStream:77 - [STDOUT_REDIRECT] 
2025-03-02 09:30:20,503 [INFO] ApplicationProperties:184 - Using Application install path: /Applications/STM32CubeIDE.app/Contents/Eclipse/plugins/com.st.stm32cube.common.mx_6.12.1.202409122256
2025-03-02 09:30:20,515 [INFO] DbMcusXml:78 - Set database path to: /Applications/STM32CubeIDE.app/Contents/Eclipse/plugins/com.st.stm32cube.common.mx_6.12.1.202409122256//db//mcu/
2025-03-02 09:30:20,515 [INFO] ApiDb:274 - Set plugin database path to: /Applications/STM32CubeIDE.app/Contents/Eclipse/plugins/com.st.stm32cube.common.mx_6.12.1.202409122256//db//plugins/boardmanager/
2025-03-02 09:30:20,516 [WARN] ApiDb:259 - Overriding images path with different value:  => /Applications/STM32CubeIDE.app/Contents/Eclipse/plugins/com.st.stm32cube.common.mx_6.12.1.202409122256//db//plugins/mcufinder/images/
2025-03-02 09:30:20,523 [INFO] ApiDb:250 - Set database path to: /Users/adamhwu/.stmcufinder/plugins/mcufinder//mcu/
2025-03-02 09:30:20,524 [INFO] DbMcusAds:125 - Set database path to: /Users/adamhwu/.stmcufinder/plugins/mcufinder//mcu/
2025-03-02 09:30:20,526 [INFO] CrossReferenceDbSqlite:203 - Set database path to: /Users/adamhwu/.stmcufinder/plugins/mcufinder//mcu/cs/
2025-03-02 09:30:20,657 [INFO] RulesReader:64 - Compatibility file has been processed (297 Rules)
2025-03-02 09:30:20,744 [INFO] DbMcusXml:78 - Set database path to: /Applications/STM32CubeIDE.app/Contents/Eclipse/plugins/com.st.stm32cube.common.mx_6.12.1.202409122256//db//mcu/
2025-03-02 09:30:20,746 [INFO] ApiDb:274 - Set plugin database path to: /Applications/STM32CubeIDE.app/Contents/Eclipse/plugins/com.st.stm32cube.common.mx_6.12.1.202409122256//db//plugins/boardmanager/
2025-03-02 09:30:20,749 [INFO] ApiDb:261 - Set plugin images path to: /Applications/STM32CubeIDE.app/Contents/Eclipse/plugins/com.st.stm32cube.common.mx_6.12.1.202409122256//db//plugins/mcufinder/images/
2025-03-02 09:30:20,751 [WARN] DbFile:41 - Overriding database path with different value: /Users/adamhwu/.stmcufinder/plugins/mcufinder/ => /Users/adamhwu/.stmcufinder/plugins/mcufinder
2025-03-02 09:30:20,751 [INFO] ApiDb:250 - Set database path to: /Users/adamhwu/.stmcufinder/plugins/mcufinder//mcu/
2025-03-02 09:30:20,751 [WARN] DbFile:41 - Overriding database path with different value: /Users/adamhwu/.stmcufinder/plugins/mcufinder/ => /Users/adamhwu/.stmcufinder/plugins/mcufinder
2025-03-02 09:30:20,751 [INFO] DbMcusAds:125 - Set database path to: /Users/adamhwu/.stmcufinder/plugins/mcufinder//mcu/
2025-03-02 09:30:20,751 [WARN] DbFile:41 - Overriding database path with different value: /Users/adamhwu/.stmcufinder/plugins/mcufinder/ => /Users/adamhwu/.stmcufinder/plugins/mcufinder
2025-03-02 09:30:20,752 [WARN] DbFile:41 - Overriding database path with different value: /Users/adamhwu/.stmcufinder/plugins/mcufinder/ => /Users/adamhwu/.stmcufinder/plugins/mcufinder
2025-03-02 09:30:20,752 [INFO] CrossReferenceDbSqlite:203 - Set database path to: /Users/adamhwu/.stmcufinder/plugins/mcufinder//mcu/cs/
2025-03-02 09:30:20,843 [INFO] MainPanel:268 - HeapMemory: 268435456
2025-03-02 09:30:21,167 [INFO] DbMcusXml:78 - Set database path to: /Applications/STM32CubeIDE.app/Contents/Eclipse/plugins/com.st.stm32cube.common.mx_6.12.1.202409122256//db//mcu/
2025-03-02 09:30:21,168 [INFO] ApiDb:274 - Set plugin database path to: /Applications/STM32CubeIDE.app/Contents/Eclipse/plugins/com.st.stm32cube.common.mx_6.12.1.202409122256//db//plugins/boardmanager/
2025-03-02 09:30:21,168 [INFO] ApiDb:261 - Set plugin images path to: /Applications/STM32CubeIDE.app/Contents/Eclipse/plugins/com.st.stm32cube.common.mx_6.12.1.202409122256//db//plugins/mcufinder/images/
2025-03-02 09:30:21,168 [WARN] DbFile:41 - Overriding database path with different value: /Users/adamhwu/.stmcufinder/plugins/mcufinder/ => /Users/adamhwu/.stmcufinder/plugins/mcufinder
2025-03-02 09:30:21,168 [INFO] ApiDb:250 - Set database path to: /Users/adamhwu/.stmcufinder/plugins/mcufinder//mcu/
2025-03-02 09:30:21,168 [WARN] DbFile:41 - Overriding database path with different value: /Users/adamhwu/.stmcufinder/plugins/mcufinder/ => /Users/adamhwu/.stmcufinder/plugins/mcufinder
2025-03-02 09:30:21,168 [INFO] DbMcusAds:125 - Set database path to: /Users/adamhwu/.stmcufinder/plugins/mcufinder//mcu/
2025-03-02 09:30:21,168 [WARN] DbFile:41 - Overriding database path with different value: /Users/adamhwu/.stmcufinder/plugins/mcufinder/ => /Users/adamhwu/.stmcufinder/plugins/mcufinder
2025-03-02 09:30:21,168 [WARN] DbFile:41 - Overriding database path with different value: /Users/adamhwu/.stmcufinder/plugins/mcufinder/ => /Users/adamhwu/.stmcufinder/plugins/mcufinder
2025-03-02 09:30:21,168 [INFO] CrossReferenceDbSqlite:203 - Set database path to: /Users/adamhwu/.stmcufinder/plugins/mcufinder//mcu/cs/
2025-03-02 09:30:21,185 [INFO] ApplicationProperties:184 - Using Application install path: /Applications/STM32CubeIDE.app/Contents/Eclipse/plugins/com.st.stm32cube.common.mx_6.12.1.202409122256
2025-03-02 09:30:21,186 [INFO] PluginManage:196 - Search for loadable plugins [exclusion list=, ]
2025-03-02 09:30:21,188 [INFO] PluginManage:310 - Check plugin analytics
2025-03-02 09:30:21,461 [INFO] AnalyticsPlugin:253 - Accepted Software Licenses: 
2025-03-02 09:30:21,463 [INFO] AnalyticsPlugin:255 - Accepted CMSIS Pack Licenses: 
2025-03-02 09:30:21,463 [INFO] AnalyticsPlugin:257 - Accepted Firmware Licenses: 
2025-03-02 09:30:21,494 [INFO] PluginManage:359 - Loaded plugin analytics (category:tool,tabindex:-1)
2025-03-02 09:30:21,495 [INFO] PluginManage:310 - Check plugin cadmodel
2025-03-02 09:30:21,517 [INFO] CADModel:105 - Init CAD model plugin
2025-03-02 09:30:21,517 [INFO] PluginManage:359 - Loaded plugin cadmodel (category:power,tabindex:5)
2025-03-02 09:30:21,518 [INFO] PluginManage:310 - Check plugin clock
2025-03-02 09:30:21,525 [INFO] PluginManage:359 - Loaded plugin clock (category:base,tabindex:2)
2025-03-02 09:30:21,526 [INFO] PluginManage:310 - Check plugin ddr
2025-03-02 09:30:21,527 [INFO] PluginManage:359 - Loaded plugin ddr (category:tool,tabindex:6)
2025-03-02 09:30:21,527 [INFO] PluginManage:310 - Check plugin filemanager
2025-03-02 09:30:21,654 [INFO] PluginManage:359 - Loaded plugin filemanager (category:base,tabindex:10)
2025-03-02 09:30:21,655 [INFO] PluginManage:310 - Check plugin ipmanager
2025-03-02 09:30:21,660 [INFO] PluginManage:359 - Loaded plugin ipmanager (category:base,tabindex:5)
2025-03-02 09:30:21,660 [INFO] PluginManage:310 - Check plugin lpbam
2025-03-02 09:30:21,668 [INFO] PluginManage:359 - Loaded plugin lpbam (category:base,tabindex:0)
2025-03-02 09:30:21,668 [INFO] PluginManage:310 - Check plugin memorymap
2025-03-02 09:30:21,675 [INFO] PluginManage:359 - Loaded plugin memorymap (category:base,tabindex:4)
2025-03-02 09:30:21,675 [INFO] PluginManage:310 - Check plugin pinoutandconfiguration
2025-03-02 09:30:21,680 [INFO] PluginManage:359 - Loaded plugin pinoutandconfiguration (category:base,tabindex:1)
2025-03-02 09:30:21,680 [INFO] PluginManage:310 - Check plugin pinoutconfig
2025-03-02 09:30:21,764 [WARN] SupportedApi:132 - Cannot load RTOS API schema: s4s-elt-must-match.1: The content of 'definitions' must match (annotation?, (simpleType | complexType)?, (unique | key | keyref)*)). A problem was found starting at: attribute.
2025-03-02 09:30:21,882 [INFO] PluginManage:359 - Loaded plugin pinoutconfig (category:base,tabindex:0)
2025-03-02 09:30:21,882 [INFO] PluginManage:310 - Check plugin power
2025-03-02 09:30:21,890 [INFO] PluginManage:359 - Loaded plugin power (category:power,tabindex:4)
2025-03-02 09:30:21,890 [INFO] PluginManage:310 - Check plugin projectmanager
2025-03-02 09:30:21,914 [INFO] PluginManage:359 - Loaded plugin projectmanager (category:projectmanager,tabindex:4)
2025-03-02 09:30:21,914 [INFO] PluginManage:310 - Check plugin rif
2025-03-02 09:30:21,919 [INFO] PluginManage:359 - Loaded plugin rif (category:base,tabindex:3)
2025-03-02 09:30:21,919 [INFO] PluginManage:310 - Check plugin thirdparty
2025-03-02 09:30:22,067 [INFO] PluginManage:359 - Loaded plugin thirdparty (category:base,tabindex:-1)
2025-03-02 09:30:22,067 [WARN] IntegrityCheckThread:84 - waiting for thirdparty lock release [integrity check]
2025-03-02 09:30:22,067 [INFO] PluginManage:310 - Check plugin tools
2025-03-02 09:30:22,068 [INFO] IntegrityCheckThread:86 - entering critical section [integrity check]
2025-03-02 09:30:22,069 [INFO] ThirdPartyUpdaterWithRetryManager:70 - Updater plugin not ready yet. [1/15]
2025-03-02 09:30:22,071 [INFO] PluginManage:359 - Loaded plugin tools (category:base,tabindex:7)
2025-03-02 09:30:22,071 [INFO] PluginManage:310 - Check plugin tutovideos
2025-03-02 09:30:22,229 [INFO] PluginManage:359 - Loaded plugin tutovideos (category:base,tabindex:-1)
2025-03-02 09:30:22,235 [INFO] PluginManage:310 - Check plugin updater
2025-03-02 09:30:22,272 [INFO] PluginManage:359 - Loaded plugin updater (category:base,tabindex:12)
2025-03-02 09:30:22,272 [INFO] PluginManage:310 - Check plugin userauth
2025-03-02 09:30:22,278 [INFO] UserAuth:113 - Init User Auth plugin
2025-03-02 09:30:22,278 [INFO] PluginManage:359 - Loaded plugin userauth (category:base,tabindex:14)
2025-03-02 09:30:22,278 [INFO] PluginManage:283 - PluginManage : Loaded plugins [18]
2025-03-02 09:30:22,708 [ERROR] LogOutputStream:75 - [STDERR_REDIRECT] [Fatal Error] :2:10: DOCTYPE is disallowed when the feature "http://apache.org/xml/features/disallow-doctype-decl" set to true.
2025-03-02 09:30:22,710 [ERROR] LogOutputStream:75 - [STDERR_REDIRECT] 
2025-03-02 09:30:22,756 [INFO] PinOutPanel:1561 - setPackage(No Configuration,No Configuration)
2025-03-02 09:30:22,902 [INFO] CADModel:165 - CPN selected for project level
2025-03-02 09:30:22,903 [INFO] CADModel:114 - Register for checkConnection events
2025-03-02 09:30:22,919 [INFO] IPUIPlugin:80 - create IPUIPlugin
2025-03-02 09:30:22,919 [INFO] PluginManager:220 - loadIPPluginJar : add mdma
2025-03-02 09:30:22,923 [INFO] IPUIPlugin:80 - create IPUIPlugin
2025-03-02 09:30:22,924 [INFO] PluginManager:220 - loadIPPluginJar : add freertos
2025-03-02 09:30:22,926 [INFO] IPUIPlugin:80 - create IPUIPlugin
2025-03-02 09:30:22,926 [INFO] PluginManager:220 - loadIPPluginJar : add gic
2025-03-02 09:30:22,931 [INFO] IPUIPlugin:80 - create IPUIPlugin
2025-03-02 09:30:22,931 [INFO] PluginManager:220 - loadIPPluginJar : add adc
2025-03-02 09:30:22,932 [INFO] IPUIPlugin:80 - create IPUIPlugin
2025-03-02 09:30:22,932 [INFO] PluginManager:220 - loadIPPluginJar : add gtzc
2025-03-02 09:30:22,933 [INFO] IPUIPlugin:80 - create IPUIPlugin
2025-03-02 09:30:22,933 [INFO] PluginManager:220 - loadIPPluginJar : add quadspi
2025-03-02 09:30:22,934 [INFO] IPUIPlugin:80 - create IPUIPlugin
2025-03-02 09:30:22,934 [INFO] PluginManager:220 - loadIPPluginJar : add aes
2025-03-02 09:30:22,935 [INFO] IPUIPlugin:80 - create IPUIPlugin
2025-03-02 09:30:22,935 [INFO] PluginManager:220 - loadIPPluginJar : add pdm2pcm
2025-03-02 09:30:22,936 [INFO] IPUIPlugin:80 - create IPUIPlugin
2025-03-02 09:30:22,936 [INFO] PluginManager:220 - loadIPPluginJar : add hash
2025-03-02 09:30:22,937 [INFO] IPUIPlugin:80 - create IPUIPlugin
2025-03-02 09:30:22,937 [INFO] PluginManager:220 - loadIPPluginJar : add tim
2025-03-02 09:30:22,941 [INFO] IPUIPlugin:80 - create IPUIPlugin
2025-03-02 09:30:22,941 [INFO] PluginManager:220 - loadIPPluginJar : add tsc
2025-03-02 09:30:22,943 [INFO] IPUIPlugin:80 - create IPUIPlugin
2025-03-02 09:30:22,943 [INFO] PluginManager:220 - loadIPPluginJar : add extmemmanager
2025-03-02 09:30:22,945 [INFO] IPUIPlugin:80 - create IPUIPlugin
2025-03-02 09:30:22,945 [INFO] PluginManager:220 - loadIPPluginJar : add ts
2025-03-02 09:30:22,946 [INFO] IPUIPlugin:80 - create IPUIPlugin
2025-03-02 09:30:22,946 [INFO] PluginManager:220 - loadIPPluginJar : add radio
2025-03-02 09:30:22,947 [INFO] IPUIPlugin:80 - create IPUIPlugin
2025-03-02 09:30:22,947 [INFO] PluginManager:220 - loadIPPluginJar : add can
2025-03-02 09:30:22,948 [INFO] IPUIPlugin:80 - create IPUIPlugin
2025-03-02 09:30:22,948 [INFO] PluginManager:220 - loadIPPluginJar : add dma3
2025-03-02 09:30:22,949 [INFO] IPUIPlugin:80 - create IPUIPlugin
2025-03-02 09:30:22,949 [INFO] PluginManager:220 - loadIPPluginJar : add dfsdm
2025-03-02 09:30:22,951 [INFO] IPUIPlugin:80 - create IPUIPlugin
2025-03-02 09:30:22,951 [INFO] PluginManager:220 - loadIPPluginJar : add spi
2025-03-02 09:30:22,952 [INFO] IPUIPlugin:80 - create IPUIPlugin
2025-03-02 09:30:22,953 [INFO] PluginManager:220 - loadIPPluginJar : add gfxmmu
2025-03-02 09:30:22,953 [INFO] IPUIPlugin:80 - create IPUIPlugin
2025-03-02 09:30:22,953 [INFO] PluginManager:220 - loadIPPluginJar : add genericplugin
2025-03-02 09:30:22,955 [INFO] IPUIPlugin:80 - create IPUIPlugin
2025-03-02 09:30:22,955 [INFO] PluginManager:220 - loadIPPluginJar : add cryp
2025-03-02 09:30:22,958 [INFO] IPUIPlugin:80 - create IPUIPlugin
2025-03-02 09:30:22,958 [INFO] PluginManager:220 - loadIPPluginJar : add gpio
2025-03-02 09:30:22,960 [INFO] IPUIPlugin:80 - create IPUIPlugin
2025-03-02 09:30:22,961 [INFO] PluginManager:220 - loadIPPluginJar : add ddr_ctrl_phy
2025-03-02 09:30:22,961 [INFO] IPUIPlugin:80 - create IPUIPlugin
2025-03-02 09:30:22,962 [INFO] PluginManager:220 - loadIPPluginJar : add comp
2025-03-02 09:30:22,963 [INFO] IPUIPlugin:80 - create IPUIPlugin
2025-03-02 09:30:22,963 [INFO] PluginManager:220 - loadIPPluginJar : add tracer_emb
2025-03-02 09:30:22,964 [INFO] IPUIPlugin:80 - create IPUIPlugin
2025-03-02 09:30:22,964 [INFO] PluginManager:220 - loadIPPluginJar : add openamp
2025-03-02 09:30:22,966 [INFO] IPUIPlugin:80 - create IPUIPlugin
2025-03-02 09:30:22,966 [INFO] PluginManager:220 - loadIPPluginJar : add stm32_wpan
2025-03-02 09:30:22,969 [INFO] IPUIPlugin:80 - create IPUIPlugin
2025-03-02 09:30:22,979 [INFO] PluginManager:220 - loadIPPluginJar : add plateformsettings
2025-03-02 09:30:22,980 [INFO] IPUIPlugin:80 - create IPUIPlugin
2025-03-02 09:30:22,980 [INFO] PluginManager:220 - loadIPPluginJar : add ipddr
2025-03-02 09:30:22,981 [INFO] IPUIPlugin:80 - create IPUIPlugin
2025-03-02 09:30:22,981 [INFO] PluginManager:220 - loadIPPluginJar : add usart
2025-03-02 09:30:22,982 [INFO] IPUIPlugin:80 - create IPUIPlugin
2025-03-02 09:30:22,982 [INFO] PluginManager:220 - loadIPPluginJar : add ltdc
2025-03-02 09:30:22,983 [INFO] IPUIPlugin:80 - create IPUIPlugin
2025-03-02 09:30:22,983 [INFO] PluginManager:220 - loadIPPluginJar : add nvic
2025-03-02 09:30:22,984 [INFO] IPUIPlugin:80 - create IPUIPlugin
2025-03-02 09:30:22,985 [INFO] PluginManager:220 - loadIPPluginJar : add fatfs
2025-03-02 09:30:22,988 [INFO] IPUIPlugin:80 - create IPUIPlugin
2025-03-02 09:30:22,988 [INFO] PluginManager:220 - loadIPPluginJar : add linkedlist
2025-03-02 09:30:22,990 [INFO] IPUIPlugin:80 - create IPUIPlugin
2025-03-02 09:30:22,990 [INFO] PluginManager:220 - loadIPPluginJar : add dma
2025-03-02 09:30:22,992 [INFO] IPUIPlugin:80 - create IPUIPlugin
2025-03-02 09:30:22,992 [INFO] PluginManager:220 - loadIPPluginJar : add fmc
2025-03-02 09:30:22,993 [INFO] IPUIPlugin:80 - create IPUIPlugin
2025-03-02 09:30:22,993 [INFO] PluginManager:220 - loadIPPluginJar : add i2s
2025-03-02 09:30:22,994 [INFO] IPUIPlugin:80 - create IPUIPlugin
2025-03-02 09:30:22,994 [INFO] PluginManager:220 - loadIPPluginJar : add ucpd
2025-03-02 09:30:22,995 [INFO] IPUIPlugin:80 - create IPUIPlugin
2025-03-02 09:30:22,995 [INFO] PluginManager:220 - loadIPPluginJar : add lorawan
2025-03-02 09:30:22,997 [INFO] IPUIPlugin:80 - create IPUIPlugin
2025-03-02 09:30:22,997 [INFO] PluginManager:220 - loadIPPluginJar : add opamp
2025-03-02 09:30:22,998 [INFO] IPUIPlugin:80 - create IPUIPlugin
2025-03-02 09:30:22,998 [INFO] PluginManager:220 - loadIPPluginJar : add i3c
2025-03-02 09:30:23,000 [INFO] IPUIPlugin:80 - create IPUIPlugin
2025-03-02 09:30:23,000 [INFO] PluginManager:220 - loadIPPluginJar : add touchsensing
2025-03-02 09:30:23,001 [INFO] IPUIPlugin:80 - create IPUIPlugin
2025-03-02 09:30:23,001 [INFO] PluginManager:220 - loadIPPluginJar : add i2c
2025-03-02 09:30:23,003 [INFO] IPUIPlugin:80 - create IPUIPlugin
2025-03-02 09:30:23,003 [INFO] PluginManager:220 - loadIPPluginJar : add resmgrutility
2025-03-02 09:30:23,004 [INFO] IPUIPlugin:80 - create IPUIPlugin
2025-03-02 09:30:23,004 [INFO] PluginManager:220 - loadIPPluginJar : add sai
2025-03-02 09:30:23,005 [INFO] IPUIPlugin:80 - create IPUIPlugin
2025-03-02 09:30:23,005 [INFO] PluginManager:220 - loadIPPluginJar : add usbx
2025-03-02 09:30:23,120 [INFO] CADModel:165 - CPN selected for project level
2025-03-02 09:30:23,125 [INFO] CADModel:114 - Register for checkConnection events
2025-03-02 09:30:23,129 [FATAL] Updater:334 - Updater called before beeing initialized
2025-03-02 09:30:23,129 [ERROR] CADModel:125 - Updater not yet initialized, retry later 
2025-03-02 09:30:23,316 [INFO] CADModel:165 - CPN selected for project level
2025-03-02 09:30:23,316 [INFO] CADModel:114 - Register for checkConnection events
2025-03-02 09:30:23,316 [FATAL] Updater:334 - Updater called before beeing initialized
2025-03-02 09:30:23,316 [ERROR] CADModel:125 - Updater not yet initialized, retry later 
2025-03-02 09:30:23,318 [FATAL] Updater:334 - Updater called before beeing initialized
2025-03-02 09:30:23,457 [FATAL] Updater:334 - Updater called before beeing initialized
2025-03-02 09:30:23,461 [INFO] DbMcusAds:53 - JSON generation date=Tue Dec 17 08:01:15 PST 2024 (1734451275143)
2025-03-02 09:30:23,461 [FATAL] Updater:334 - Updater called before beeing initialized
2025-03-02 09:30:23,700 [WARN] DetailPanel:346 - Failed to get advertising image, set to default
2025-03-02 09:30:23,764 [FATAL] Updater:334 - Updater called before beeing initialized
2025-03-02 09:30:23,765 [FATAL] Updater:334 - Updater called before beeing initialized
2025-03-02 09:30:23,765 [FATAL] Updater:334 - Updater called before beeing initialized
2025-03-02 09:30:23,765 [WARN] DetailPanel:346 - Failed to get advertising image, set to default
2025-03-02 09:30:23,767 [FATAL] Updater:334 - Updater called before beeing initialized
2025-03-02 09:30:23,839 [ERROR] Updater:1164 - MainUpdater not yet initialized. External WinMGr cannot be set.
2025-03-02 09:30:23,846 [INFO] Updater:1100 - Updater Version found : 6.12.1
2025-03-02 09:30:23,858 [INFO] ApplicationProperties:184 - Using Application install path: /Applications/STM32CubeIDE.app/Contents/Eclipse/plugins/com.st.stm32cube.common.mx_6.12.1.202409122256
2025-03-02 09:30:24,295 [INFO] MainUpdater:2873 - connection check result : 10
2025-03-02 09:30:24,297 [INFO] MainUpdater:290 - Updater Check For Update Now.
2025-03-02 09:30:24,298 [INFO] MicroXplorer:498 - Change Database Version : DB.6.0.121
2025-03-02 09:30:24,314 [INFO] McuFinderGlobals:63 - Set McuFinder mode to 2 (CubeIDE integrated)
2025-03-02 09:30:24,318 [INFO] UserAuth:417 - Internet connection configuration mode: 1
2025-03-02 09:30:24,333 [INFO] JxBrowserEngine:152 - Initiate JxBrowser Engine with user profile folder
2025-03-02 09:30:24,690 [INFO] CheckServerUpdateThread:120 - End of CheckServer Thread
2025-03-02 09:30:25,241 [WARN] PackLoader:240 - Cannot read IP mode file for STMicroelectronics.FP-SNS-MOTENVWB1.1.4.0
2025-03-02 09:30:25,317 [WARN] PackLoader:240 - Cannot read IP mode file for STMicroelectronics.FP-ATR-ASTRA1.2.0.2
2025-03-02 09:30:25,356 [WARN] PackLoader:240 - Cannot read IP mode file for STMicroelectronics.X-CUBE-SMBUS.2.1.0
2025-03-02 09:30:25,377 [WARN] PackLoader:240 - Cannot read IP mode file for STMicroelectronics.X-CUBE-WB05N.1.1.0
2025-03-02 09:30:25,440 [WARN] PackLoader:240 - Cannot read IP mode file for STMicroelectronics.X-CUBE-AZRTOS-F7.1.1.0
2025-03-02 09:30:25,641 [WARN] PackLoader:240 - Cannot read IP mode file for STMicroelectronics.X-CUBE-MEMS1.11.0.0
2025-03-02 09:30:25,924 [WARN] PackLoader:240 - Cannot read IP mode file for STMicroelectronics.FP-SNS-FLIGHT1.5.0.2
2025-03-02 09:30:25,976 [WARN] PackLoader:240 - Cannot read IP mode file for STMicroelectronics.X-CUBE-DISPLAY.3.0.0
2025-03-02 09:30:26,005 [WARN] PackLoader:240 - Cannot read IP mode file for STMicroelectronics.X-CUBE-BLE1.7.0.0
2025-03-02 09:30:26,028 [WARN] PackLoader:240 - Cannot read IP mode file for STMicroelectronics.X-CUBE-NFC10.1.0.0
2025-03-02 09:30:26,059 [WARN] PackLoader:240 - Cannot read IP mode file for STMicroelectronics.X-CUBE-BLEMGR.4.0.0
2025-03-02 09:30:26,081 [WARN] PackLoader:240 - Cannot read IP mode file for emotas.I-CUBE-CANOPEN.1.3.0
2025-03-02 09:30:26,100 [WARN] PackLoader:240 - Cannot read IP mode file for STMicroelectronics.X-CUBE-BLEMGR.3.1.0
2025-03-02 09:30:26,117 [WARN] PackLoader:240 - Cannot read IP mode file for STMicroelectronics.X-CUBE-AI.10.0.0
2025-03-02 09:30:26,122 [WARN] PackLoader:240 - Cannot read IP mode file for STMicroelectronics.FP-SNS-SMARTAG2.1.2.0
2025-03-02 09:30:26,224 [WARN] PackLoader:240 - Cannot read IP mode file for STMicroelectronics.X-CUBE-MEMS1.11.1.0
2025-03-02 09:30:26,353 [INFO] LogOutputStream:77 - [STDOUT_REDIRECT] 1 : Invalid condition id : UX_CORESTACK_Condition cause : null
2025-03-02 09:30:26,355 [INFO] LogOutputStream:77 - [STDOUT_REDIRECT] 1 : Invalid condition id : UX_CORESTACK_Condition cause : null
2025-03-02 09:30:26,356 [INFO] LogOutputStream:77 - [STDOUT_REDIRECT] 1 : Invalid condition id : UX_CORESTACK_Condition cause : null
2025-03-02 09:30:26,358 [INFO] LogOutputStream:77 - [STDOUT_REDIRECT] 1 : Invalid condition id : UX_CORESTACK_Condition cause : null
2025-03-02 09:30:26,358 [INFO] LogOutputStream:77 - [STDOUT_REDIRECT] 1 : Invalid condition id : UX_CORESTACK_Condition cause : null
2025-03-02 09:30:26,364 [WARN] PackLoader:240 - Cannot read IP mode file for STMicroelectronics.X-CUBE-AZRTOS-WL.2.0.0
2025-03-02 09:30:26,375 [WARN] PackLoader:240 - Cannot read IP mode file for STMicroelectronics.FP-SNS-MOTENV1.5.0.0
2025-03-02 09:30:26,380 [WARN] PackLoader:240 - Cannot read IP mode file for wolfSSL.I-CUBE-wolfMQTT.1.19.0
2025-03-02 09:30:26,390 [WARN] PackLoader:240 - Cannot read IP mode file for WES.I-CUBE-Cesium.1.3.0
2025-03-02 09:30:26,398 [WARN] PackLoader:240 - Cannot read IP mode file for STMicroelectronics.X-CUBE-BLE2.3.3.0
2025-03-02 09:30:26,420 [WARN] PackLoader:240 - Cannot read IP mode file for STMicroelectronics.X-CUBE-NFC9.1.0.0
2025-03-02 09:30:26,434 [WARN] PackLoader:240 - Cannot read IP mode file for STMicroelectronics.X-CUBE-TCPP.4.1.0
2025-03-02 09:30:26,459 [WARN] PackLoader:240 - Cannot read IP mode file for STMicroelectronics.X-CUBE-AZRTOS-G0.1.1.0
2025-03-02 09:30:26,468 [WARN] PackLoader:240 - Cannot read IP mode file for STMicroelectronics.X-CUBE-SAFEA1.1.2.2
2025-03-02 09:30:26,475 [WARN] PackLoader:240 - Cannot read IP mode file for STMicroelectronics.X-CUBE-NFC4.3.0.0
2025-03-02 09:30:26,492 [WARN] PackLoader:240 - Cannot read IP mode file for EmbeddedOffice.I-CUBE-FS-RTOS.1.0.1
2025-03-02 09:30:26,493 [ERROR] ConditionMgr:805 - Attr not supported : Dmpu
2025-03-02 09:30:26,495 [ERROR] ConditionMgr:805 - Attr not supported : Dmpu
2025-03-02 09:30:26,496 [ERROR] ConditionMgr:805 - Attr not supported : Dmpu
2025-03-02 09:30:26,496 [ERROR] ConditionMgr:805 - Attr not supported : Dmpu
2025-03-02 09:30:26,496 [ERROR] ConditionMgr:805 - Attr not supported : Dmpu
2025-03-02 09:30:26,496 [ERROR] ConditionMgr:805 - Attr not supported : Dmpu
2025-03-02 09:30:26,496 [ERROR] ConditionMgr:805 - Attr not supported : Dmpu
2025-03-02 09:30:26,497 [ERROR] ConditionMgr:805 - Attr not supported : Dmpu
2025-03-02 09:30:26,498 [ERROR] ConditionMgr:805 - Attr not supported : Dmpu
2025-03-02 09:30:26,498 [ERROR] ConditionMgr:805 - Attr not supported : Dmpu
2025-03-02 09:30:26,498 [ERROR] ConditionMgr:805 - Attr not supported : Dmpu
2025-03-02 09:30:26,498 [ERROR] ConditionMgr:805 - Attr not supported : Dmpu
2025-03-02 09:30:26,498 [ERROR] ConditionMgr:805 - Attr not supported : Dmpu
2025-03-02 09:30:26,498 [ERROR] ConditionMgr:805 - Attr not supported : Dmpu
2025-03-02 09:30:26,498 [ERROR] ConditionMgr:805 - Attr not supported : Dmpu
2025-03-02 09:30:26,498 [ERROR] ConditionMgr:805 - Attr not supported : Dmpu
2025-03-02 09:30:26,498 [ERROR] ConditionMgr:805 - Attr not supported : Dmpu
2025-03-02 09:30:26,498 [ERROR] ConditionMgr:805 - Attr not supported : Dmpu
2025-03-02 09:30:26,498 [ERROR] ConditionMgr:805 - Attr not supported : Dmpu
2025-03-02 09:30:26,498 [ERROR] ConditionMgr:805 - Attr not supported : Dmpu
2025-03-02 09:30:26,499 [ERROR] ConditionMgr:805 - Attr not supported : Dmpu
2025-03-02 09:30:26,499 [ERROR] ConditionMgr:805 - Attr not supported : Dmpu
2025-03-02 09:30:26,499 [ERROR] ConditionMgr:805 - Attr not supported : Dmpu
2025-03-02 09:30:26,499 [ERROR] ConditionMgr:805 - Attr not supported : Dmpu
2025-03-02 09:30:26,499 [ERROR] ConditionMgr:805 - Attr not supported : Dmpu
2025-03-02 09:30:26,499 [ERROR] ConditionMgr:805 - Attr not supported : Dmpu
2025-03-02 09:30:26,499 [ERROR] ConditionMgr:805 - Attr not supported : Dmpu
2025-03-02 09:30:26,499 [ERROR] ConditionMgr:805 - Attr not supported : Dmpu
2025-03-02 09:30:26,499 [ERROR] ConditionMgr:805 - Attr not supported : Dmpu
2025-03-02 09:30:26,499 [ERROR] ConditionMgr:805 - Attr not supported : Dmpu
2025-03-02 09:30:26,499 [ERROR] ConditionMgr:805 - Attr not supported : Dmpu
2025-03-02 09:30:26,499 [ERROR] ConditionMgr:805 - Attr not supported : Dmpu
2025-03-02 09:30:26,499 [ERROR] ConditionMgr:805 - Attr not supported : Dmpu
2025-03-02 09:30:26,499 [ERROR] ConditionMgr:805 - Attr not supported : Dmpu
2025-03-02 09:30:26,499 [ERROR] ConditionMgr:805 - Attr not supported : Dmpu
2025-03-02 09:30:26,499 [ERROR] ConditionMgr:805 - Attr not supported : Dmpu
2025-03-02 09:30:26,502 [ERROR] ConditionMgr:805 - Attr not supported : Dmpu
2025-03-02 09:30:26,502 [ERROR] ConditionMgr:805 - Attr not supported : Dmpu
2025-03-02 09:30:26,502 [ERROR] ConditionMgr:805 - Attr not supported : Dmpu
2025-03-02 09:30:26,502 [ERROR] ConditionMgr:805 - Attr not supported : Dmpu
2025-03-02 09:30:26,502 [ERROR] ConditionMgr:805 - Attr not supported : Dmpu
2025-03-02 09:30:26,502 [ERROR] ConditionMgr:805 - Attr not supported : Dmpu
2025-03-02 09:30:26,502 [ERROR] ConditionMgr:805 - Attr not supported : Dmpu
2025-03-02 09:30:26,508 [ERROR] ConditionMgr:805 - Attr not supported : Dmpu
2025-03-02 09:30:26,512 [ERROR] ConditionMgr:805 - Attr not supported : Dmpu
2025-03-02 09:30:26,515 [ERROR] ConditionMgr:805 - Attr not supported : Dmpu
2025-03-02 09:30:26,515 [ERROR] ConditionMgr:805 - Attr not supported : Dmpu
2025-03-02 09:30:26,515 [ERROR] ConditionMgr:805 - Attr not supported : Dmpu
2025-03-02 09:30:26,515 [ERROR] ConditionMgr:805 - Attr not supported : Dmpu
2025-03-02 09:30:26,515 [ERROR] ConditionMgr:805 - Attr not supported : Dmpu
2025-03-02 09:30:26,515 [ERROR] ConditionMgr:805 - Attr not supported : Dmpu
2025-03-02 09:30:26,515 [ERROR] ConditionMgr:805 - Attr not supported : Dmpu
2025-03-02 09:30:26,515 [ERROR] ConditionMgr:805 - Attr not supported : Dmpu
2025-03-02 09:30:26,515 [ERROR] ConditionMgr:805 - Attr not supported : Dmpu
2025-03-02 09:30:26,515 [ERROR] ConditionMgr:805 - Attr not supported : Dmpu
2025-03-02 09:30:26,515 [ERROR] ConditionMgr:805 - Attr not supported : Dmpu
2025-03-02 09:30:26,516 [ERROR] ConditionMgr:805 - Attr not supported : Dmpu
2025-03-02 09:30:26,516 [ERROR] ConditionMgr:805 - Attr not supported : Dmpu
2025-03-02 09:30:26,516 [ERROR] ConditionMgr:805 - Attr not supported : Dmpu
2025-03-02 09:30:26,516 [ERROR] ConditionMgr:805 - Attr not supported : Dmpu
2025-03-02 09:30:26,516 [ERROR] ConditionMgr:805 - Attr not supported : Dmpu
2025-03-02 09:30:26,516 [ERROR] ConditionMgr:805 - Attr not supported : Dmpu
2025-03-02 09:30:26,516 [ERROR] ConditionMgr:805 - Attr not supported : Dmpu
2025-03-02 09:30:26,516 [ERROR] ConditionMgr:805 - Attr not supported : Dmpu
2025-03-02 09:30:26,525 [ERROR] Engine:466 - /Users/adamhwu/.stm32cubemx/thirdparties/pdsc/STMicroelectronics.X-CUBE-TCPP.4.2.0.pdsc: PDSC version is not supported
2025-03-02 09:30:26,532 [WARN] PackLoader:240 - Cannot read IP mode file for RealThread.X-CUBE-RT-Thread_Nano.4.1.1
2025-03-02 09:30:26,538 [WARN] PackLoader:240 - Cannot read IP mode file for STMicroelectronics.FP-ATR-SIGFOX1.3.2.0
2025-03-02 09:30:26,556 [WARN] ConditionMgr:438 - getConditionDescription Invalid condition id : Cortex-A Device cause : null
2025-03-02 09:30:26,582 [WARN] ConditionMgr:1039 - genDependencies : Invalid condition id : Cortex-A Device cause : null
2025-03-02 09:30:26,582 [WARN] ConditionMgr:1039 - genDependencies : Invalid condition id : Cortex-A Device cause : null
2025-03-02 09:30:26,583 [WARN] ConditionMgr:1039 - genDependencies : Invalid condition id : Cortex-A Device cause : null
2025-03-02 09:30:26,590 [WARN] PackLoader:240 - Cannot read IP mode file for STMicroelectronics.X-CUBE-EEPRMA1.5.1.0
2025-03-02 09:30:26,600 [WARN] PackLoader:240 - Cannot read IP mode file for wolfSSL.I-CUBE-wolfSSL.5.7.4
2025-03-02 09:30:26,604 [WARN] PackLoader:240 - Cannot read IP mode file for ITTIA_DB.I-CUBE-ITTIADB.8.9.0
2025-03-02 09:30:26,708 [WARN] PackLoader:240 - Cannot read IP mode file for SEGGER.I-CUBE-embOS.1.3.1
2025-03-02 09:30:26,856 [WARN] PackLoader:240 - Cannot read IP mode file for STMicroelectronics.X-CUBE-ALGOBUILD.1.4.0
2025-03-02 09:30:26,882 [WARN] PackLoader:240 - Cannot read IP mode file for STMicroelectronics.X-CUBE-AI.9.1.0
2025-03-02 09:30:26,906 [WARN] PackLoader:240 - Cannot read IP mode file for STMicroelectronics.X-CUBE-AZRTOS-F4.1.1.0
2025-03-02 09:30:26,918 [WARN] PackLoader:240 - Cannot read IP mode file for STMicroelectronics.X-CUBE-ISPU.2.1.0
2025-03-02 09:30:26,935 [WARN] PackLoader:240 - Cannot read IP mode file for STMicroelectronics.X-CUBE-FREERTOS.1.2.0
2025-03-02 09:30:26,959 [WARN] PackLoader:240 - Cannot read IP mode file for STMicroelectronics.X-CUBE-AZRTOS-L5.2.0.0
2025-03-02 09:30:26,990 [WARN] PackLoader:240 - Cannot read IP mode file for STMicroelectronics.X-CUBE-NFC6.3.1.0
2025-03-02 09:30:27,003 [WARN] PackLoader:240 - Cannot read IP mode file for STMicroelectronics.X-CUBE-DPower.1.2.0
2025-03-02 09:30:27,007 [WARN] PackLoader:240 - Cannot read IP mode file for STMicroelectronics.X-CUBE-FREERTOS.1.3.0
2025-03-02 09:30:27,011 [WARN] PackLoader:240 - Cannot read IP mode file for STMicroelectronics.X-CUBE-NFC7.1.0.1
2025-03-02 09:30:27,029 [WARN] ConditionMgr:438 - getConditionDescription Invalid condition id : LAN8742 Phy interface Condition cause : null
2025-03-02 09:30:27,030 [WARN] PackLoader:240 - Cannot read IP mode file for STMicroelectronics.X-CUBE-AZRTOS-L4.2.0.0
2025-03-02 09:30:27,032 [WARN] ConditionMgr:1039 - genDependencies : Invalid condition id : LAN8742 Phy interface Condition cause : null
2025-03-02 09:30:27,032 [WARN] ConditionMgr:1039 - genDependencies : Invalid condition id : LAN8742 Phy interface Condition cause : null
2025-03-02 09:30:27,033 [WARN] ConditionMgr:1039 - genDependencies : Invalid condition id : LAN8742 Phy interface Condition cause : null
2025-03-02 09:30:27,043 [WARN] PackLoader:240 - Cannot read IP mode file for STMicroelectronics.X-CUBE-SFXS2LP1.4.0.0
2025-03-02 09:30:27,066 [WARN] PackLoader:240 - Cannot read IP mode file for STMicroelectronics.X-CUBE-AZRTOS-H7.3.3.0
2025-03-02 09:30:27,087 [WARN] PackLoader:240 - Cannot read IP mode file for STMicroelectronics.X-CUBE-IPS.3.0.0
2025-03-02 09:30:27,101 [WARN] ConditionMgr:438 - getConditionDescription Invalid condition id : UX DEVICE CLASS RTOS Condition cause : null
2025-03-02 09:30:27,101 [WARN] ConditionMgr:438 - getConditionDescription Invalid condition id : UX DEVICE CLASS RTOS Condition cause : null
2025-03-02 09:30:27,104 [WARN] PackLoader:240 - Cannot read IP mode file for STMicroelectronics.X-CUBE-AZRTOS-WB.2.0.0
2025-03-02 09:30:27,105 [WARN] ConditionMgr:1039 - genDependencies : Invalid condition id : UX DEVICE CLASS RTOS Condition cause : null
2025-03-02 09:30:27,105 [WARN] ConditionMgr:1039 - genDependencies : Invalid condition id : UX DEVICE CLASS RTOS Condition cause : null
2025-03-02 09:30:27,106 [WARN] ConditionMgr:1039 - genDependencies : Invalid condition id : UX DEVICE CLASS RTOS Condition cause : null
2025-03-02 09:30:27,106 [WARN] ConditionMgr:1039 - genDependencies : Invalid condition id : UX DEVICE CLASS RTOS Condition cause : null
2025-03-02 09:30:27,106 [WARN] ConditionMgr:1039 - genDependencies : Invalid condition id : UX DEVICE CLASS RTOS Condition cause : null
2025-03-02 09:30:27,113 [WARN] PackLoader:240 - Cannot read IP mode file for STMicroelectronics.X-CUBE-GNSS1.7.0.0
2025-03-02 09:30:27,118 [WARN] PackLoader:240 - Cannot read IP mode file for STMicroelectronics.X-CUBE-GNSS1.7.0.1
2025-03-02 09:30:27,124 [WARN] PackLoader:240 - Cannot read IP mode file for STMicroelectronics.FP-SNS-STBOX1.2.0.0
2025-03-02 09:30:27,143 [WARN] PackLoader:240 - Cannot read IP mode file for STMicroelectronics.X-CUBE-SUBG2.5.0.0
2025-03-02 09:30:27,153 [WARN] PackLoader:240 - Cannot read IP mode file for Cesanta.I-CUBE-Mongoose.7.13.0
2025-03-02 09:30:27,175 [WARN] PackLoader:240 - Cannot read IP mode file for STMicroelectronics.X-CUBE-AZRTOS-G4.2.0.0
2025-03-02 09:30:27,188 [ERROR] Engine:466 - /Users/adamhwu/.stm32cubemx/thirdparties/pdsc/STMicroelectronics.X-CUBE-IPS.3.1.0.pdsc: PDSC version is not supported
2025-03-02 09:30:27,194 [WARN] PackLoader:240 - Cannot read IP mode file for STMicroelectronics.X-CUBE-ALS.1.0.2
2025-03-02 09:30:27,203 [WARN] PackLoader:240 - Cannot read IP mode file for STMicroelectronics.X-CUBE-TOUCHGFX.4.24.2
2025-03-02 09:30:27,206 [WARN] PackLoader:240 - Cannot read IP mode file for STMicroelectronics.X-CUBE-TOUCHGFX.4.24.1
2025-03-02 09:30:27,208 [WARN] PackLoader:240 - Cannot read IP mode file for wolfSSL.I-CUBE-wolfTPM.3.4.0
2025-03-02 09:30:27,213 [WARN] PackLoader:240 - Cannot read IP mode file for portGmbH.I-Cube-SoM-uGOAL.1.1.0
2025-03-02 09:30:27,238 [WARN] PackLoader:240 - Cannot read IP mode file for STMicroelectronics.X-CUBE-AZRTOS-H7RS.1.0.0
2025-03-02 09:30:27,252 [WARN] PackLoader:240 - Cannot read IP mode file for STMicroelectronics.FP-ATR-ASTRA1.2.0.0
2025-03-02 09:30:27,263 [WARN] PackLoader:240 - Cannot read IP mode file for STMicroelectronics.X-CUBE-TOF1.3.4.2
2025-03-02 09:30:27,298 [WARN] PackLoader:240 - Cannot read IP mode file for Infineon.AIROC-Wi-Fi-Bluetooth-STM32.1.6.1
2025-03-02 09:30:27,308 [WARN] PackLoader:240 - Cannot read IP mode file for wolfSSL.I-CUBE-wolfSSH.1.4.17
2025-03-02 09:30:27,315 [INFO] ThirdParty:978 - Integrity check success = true
2025-03-02 09:30:27,315 [INFO] IntegrityCheckThread:100 - exiting critical section [integrity check]
2025-03-02 09:30:27,315 [INFO] IntegrityCheckThread:103 - End integrity checks thread
2025-03-02 09:30:28,930 [INFO] WebApp:167 - Instantiating new browser for Auth
2025-03-02 09:30:30,473 [INFO] WebApp:448 - Apply proxy settings
2025-03-02 09:30:30,483 [INFO] WebApp:493 - Chromium authenticates against Manually configured proxy
2025-03-02 09:30:30,505 [INFO] WebApp:501 - Username used for proxy authentication: 
2025-03-02 09:30:30,564 [INFO] WebApp:869 - Register for checkConnection events
2025-03-02 09:30:30,565 [INFO] WebApp:448 - Apply proxy settings
2025-03-02 09:30:30,568 [INFO] WebApp:493 - Chromium authenticates against Manually configured proxy
2025-03-02 09:30:30,569 [INFO] WebApp:501 - Username used for proxy authentication: 
2025-03-02 09:30:30,704 [INFO] WebApp:220 - Starting web application
2025-03-02 09:30:30,704 [INFO] WebApp:578 - Web application path used /Applications/STM32CubeIDE.app/Contents/Eclipse/plugins/com.st.stm32cube.common.mx_6.12.1.202409122256/db/plugins/mcufinder/reactClient1/index.html
2025-03-02 09:30:31,199 [INFO] WebApp:186 - Connection restablished
2025-03-02 09:30:31,231 [INFO] UserAuth:417 - Internet connection configuration mode: 1
2025-03-02 09:30:46,166 [INFO] McuFinderGlobals:63 - Set McuFinder mode to 2 (CubeIDE integrated)
2025-03-02 09:30:46,169 [INFO] MainUpdater:2873 - connection check result : 10
2025-03-02 09:30:46,170 [INFO] MainUpdater:2873 - connection check result : 10
2025-03-02 09:30:46,858 [INFO] RulesReader:64 - Compatibility file has been processed (297 Rules)
2025-03-02 09:30:46,866 [INFO] RulesReader:64 - Compatibility file has been processed (297 Rules)
2025-03-02 09:30:46,869 [INFO] MicroXplorer:468 - Change Database Path : 
2025-03-02 09:30:46,869 [INFO] MicroXplorer:498 - Change Database Version : DB.6.0.121
2025-03-02 09:30:46,875 [WARN] ThirdParty:871 - waiting for thirdparty lock release [close project]
2025-03-02 09:30:46,875 [INFO] ThirdParty:873 - entering critical section [close project]
2025-03-02 09:30:46,876 [INFO] ThirdParty:883 - exiting critical section [close project]
2025-03-02 09:30:46,881 [INFO] PinOutPanel:1561 - setPackage(No Configuration,No Configuration)
2025-03-02 09:30:46,889 [INFO] UtilMem:75 - Begin LoadConfig() Used Memory: 212859640 Bytes (314572800)
2025-03-02 09:30:46,892 [INFO] MicroXplorer:468 - Change Database Path : 
2025-03-02 09:30:46,892 [INFO] MicroXplorer:498 - Change Database Version : DB.6.0.121
2025-03-02 09:30:46,892 [INFO] OpenFileManager:332 - Change cursor
2025-03-02 09:30:46,934 [INFO] Mcu:2032 - Initializing MCU STM32F103C(8-B)Tx STM32F103C8Tx STM32F103C8T6
2025-03-02 09:30:47,876 [INFO] Context:742 - Trying to add GPIOservice into a context  which must be forbidden
2025-03-02 09:30:48,533 [INFO] RtosManager:555 - Registered RTOS mode: class=CMSIS, group=RTOS, mode=CMSIS_V1, owner=FREERTOS
2025-03-02 09:30:48,535 [INFO] RtosManager:555 - Registered RTOS mode: class=CMSIS, group=RTOS2, mode=CMSIS_V2, owner=FREERTOS
2025-03-02 09:30:48,535 [INFO] RtosManager:555 - Registered RTOS mode: class=RTOS, group=Core, mode=CMSIS_V1, owner=FREERTOS
2025-03-02 09:30:48,535 [INFO] RtosManager:555 - Registered RTOS mode: class=RTOS, group=Core, mode=CMSIS_V2, owner=FREERTOS
2025-03-02 09:30:48,535 [WARN] ModelIntegratedComponent:184 - Missing modes for component STMicroelectronics:FreeRTOS:0.0.1:STMicroelectronics:RTOS:FreeRTOS:Core:::10.2.0:
2025-03-02 09:30:48,557 [WARN] ModelIntegratedComponent:63 - No mode defined for component null
2025-03-02 09:30:48,557 [WARN] ModelIntegratedComponent:63 - No mode defined for component null
2025-03-02 09:30:48,557 [WARN] ModelIntegratedComponent:63 - No mode defined for component null
2025-03-02 09:30:48,557 [WARN] ModelIntegratedComponent:63 - No mode defined for component null
2025-03-02 09:30:48,557 [WARN] ModelIntegratedComponent:63 - No mode defined for component null
2025-03-02 09:30:48,557 [WARN] ModelIntegratedComponent:63 - No mode defined for component null
2025-03-02 09:30:48,557 [WARN] ModelIntegratedComponent:63 - No mode defined for component null
2025-03-02 09:30:48,558 [WARN] ModelIntegratedComponent:63 - No mode defined for component null
2025-03-02 09:30:48,558 [WARN] ModelIntegratedComponent:63 - No mode defined for component null
2025-03-02 09:30:48,559 [WARN] ModelIntegratedComponent:63 - No mode defined for component null
2025-03-02 09:30:48,559 [WARN] ModelIntegratedComponent:63 - No mode defined for component null
2025-03-02 09:30:48,559 [WARN] ModelIntegratedComponent:63 - No mode defined for component null
2025-03-02 09:30:48,559 [WARN] ModelIntegratedComponent:63 - No mode defined for component null
2025-03-02 09:30:48,559 [WARN] ModelIntegratedComponent:63 - No mode defined for component null
2025-03-02 09:30:48,559 [WARN] ModelIntegratedComponent:63 - No mode defined for component null
2025-03-02 09:30:48,559 [WARN] ModelIntegratedComponent:63 - No mode defined for component null
2025-03-02 09:30:48,559 [WARN] ModelIntegratedComponent:63 - No mode defined for component null
2025-03-02 09:30:48,559 [WARN] ModelIntegratedComponent:63 - No mode defined for component null
2025-03-02 09:30:48,559 [WARN] ModelIntegratedComponent:63 - No mode defined for component null
2025-03-02 09:30:48,559 [WARN] ModelIntegratedComponent:63 - No mode defined for component null
2025-03-02 09:30:48,559 [WARN] ModelIntegratedComponent:63 - No mode defined for component null
2025-03-02 09:30:48,559 [WARN] ModelIntegratedComponent:63 - No mode defined for component null
2025-03-02 09:30:48,559 [WARN] ModelIntegratedComponent:63 - No mode defined for component null
2025-03-02 09:30:48,559 [WARN] ModelIntegratedComponent:63 - No mode defined for component null
2025-03-02 09:30:48,559 [WARN] ModelIntegratedComponent:63 - No mode defined for component null
2025-03-02 09:30:48,559 [WARN] ModelIntegratedComponent:63 - No mode defined for component null
2025-03-02 09:30:48,559 [WARN] ModelIntegratedComponent:63 - No mode defined for component null
2025-03-02 09:30:48,559 [WARN] ModelIntegratedComponent:63 - No mode defined for component null
2025-03-02 09:30:48,559 [WARN] ModelIntegratedComponent:63 - No mode defined for component null
2025-03-02 09:30:48,559 [WARN] ModelIntegratedComponent:63 - No mode defined for component null
2025-03-02 09:30:48,559 [WARN] ModelIntegratedComponent:63 - No mode defined for component null
2025-03-02 09:30:48,559 [WARN] ModelIntegratedComponent:63 - No mode defined for component null
2025-03-02 09:30:48,559 [WARN] ModelIntegratedComponent:63 - No mode defined for component null
2025-03-02 09:30:48,559 [WARN] ModelIntegratedComponent:63 - No mode defined for component null
2025-03-02 09:30:48,560 [WARN] ModelIntegratedComponent:63 - No mode defined for component null
2025-03-02 09:30:48,560 [WARN] ModelPack:524 - Component already loaded: STMicroelectronics:HAL Drivers:0.0.0:STMicroelectronics:Device:STMicro_Driver:XSPI:HAL::0.0.1:HAL_XSPI
2025-03-02 09:30:48,646 [INFO] ThirdPartyModel:298 - Start build external matchings
2025-03-02 09:30:48,981 [INFO] ThirdPartyModel:316 - End build external matchings
2025-03-02 09:30:49,023 [INFO] ImportTextPane:205 - (OptionalMessage_ERROR) IP (RCC) : Invalid parameter (FamilyName)
2025-03-02 09:30:49,720 [INFO] ApiDb:581 - Connected to CubeFinder SQLite database (/Users/adamhwu/.stmcufinder/plugins/mcufinder/mcu/cube-finder-db.db)
2025-03-02 09:30:49,771 [INFO] ApiDb:668 - CubeFinder database Data Model version=2.1
2025-03-02 09:30:49,771 [INFO] ApiDb:669 - CubeFinder database Configuration version=3.0.39
2025-03-02 09:30:49,772 [INFO] ApiDb:670 - CubeFinder database generation date=2025-02-18 (1739885696)
2025-03-02 09:30:49,772 [INFO] ApiDb:671 - CubeFinder database FW Pack versions=[FP-ATR-ASTRA1_V2.0.0, FP-SNS-FLIGHT1_V5.0.2, FP-SNS-MOTENV1_V5.0.0, FP-SNS-MOTENVWB1_V1.4.0, FP-SNS-SMARTAG2_V1.2.0, FP-SNS-STBOX1_V2.0.0, STM32Cube_FW_C0_V1.4.0, STM32Cube_FW_F4_V1.28.1, STM32Cube_FW_F7_V1.17.2, STM32Cube_FW_G0_V1.6.2, STM32Cube_FW_G4_V1.6.1, STM32Cube_FW_H5_V1.5.0, STM32Cube_FW_H7RS_V1.2.0, STM32Cube_FW_H7_V1.12.1, STM32Cube_FW_L0_V1.12.2, STM32Cube_FW_L4_V1.18.1, STM32Cube_FW_L5_V1.5.1, STM32Cube_FW_N6_V1.1.0, STM32Cube_FW_U0_V1.2.0, STM32Cube_FW_U3_V1.1.0, STM32Cube_FW_U5_V1.7.0, STM32Cube_FW_WB0_V1.2.0, STM32Cube_FW_WBA_V1.6.0, STM32Cube_FW_WB_V1.22.0, STM32Cube_FW_WL3_V1.1.0, STM32Cube_FW_WL_V1.3.1, X-CUBE-ALGOBUILD_V1.4.0, X-CUBE-ALS_V1.0.2, X-CUBE-AZRTOS-F4_V1.1.0, X-CUBE-AZRTOS-F7_V1.1.0, X-CUBE-AZRTOS-G0_V1.1.0, X-CUBE-AZRTOS-G4_V2.0.0, X-CUBE-AZRTOS-H7RS_V1.0.0, X-CUBE-AZRTOS-H7_V3.3.0, X-CUBE-AZRTOS-L4_V2.0.0, X-CUBE-AZRTOS-L5_V2.0.0, X-CUBE-AZRTOS-WB_V2.0.0, X-CUBE-AZRTOS-WL_V2.0.0, X-CUBE-BLE1_V7.0.0, X-CUBE-BLE2_V3.3.0, X-CUBE-BLEMGR_V4.0.0, X-CUBE-EEPRMA1_V5.1.0, X-CUBE-FREERTOS_V1.3.0, X-CUBE-GNSS1_V6.0.0, X-CUBE-MEMS1_V11.1.0, X-CUBE-NFC4_V3.0.0, X-CUBE-NFC7_V1.0.1, X-CUBE-SFXS2LP1_V4.0.0, X-CUBE-SUBG2_V5.0.0, X-CUBE-TOF1_V3.4.2]
2025-03-02 09:30:49,842 [INFO] DbBoardsSqlite:226 - include board P-NUCLEO-WB55-NUCLEO as a kit item of type 'Nucleo-64'
2025-03-02 09:30:49,843 [INFO] DbBoardsSqlite:226 - include board P-NUCLEO-WB55-USBDONGLE as a kit item of type 'Nucleo USB Dongle'
2025-03-02 09:30:49,844 [INFO] DbBoardsSqlite:226 - include board STEVAL-IDP005V1 as a kit item of type 'Evaluation Board'
2025-03-02 09:30:49,844 [INFO] DbBoardsSqlite:226 - include board STEVAL-IDP005V2 as a kit item of type 'Evaluation Board'
2025-03-02 09:30:49,927 [INFO] ApiDb:240 - Found 646 in-development CPN: [B-G473E-ZEST1S, B-WB1M-WPAN1, B-WL5M-SUBG1, NUCLEO-C031C6, NUCLEO-C071RB, NUCLEO-H503RB, NUCLEO-H533RE, NUCLEO-H563ZI, NUCLEO-H7S3L8, NUCLEO-U031R8, NUCLEO-U083RC, NUCLEO-U545RE-Q, NUCLEO-U5A5ZJ-Q, NUCLEO-WB05KZ, NUCLEO-WB07CC, NUCLEO-WB09KE, NUCLEO-WBA52CG, NUCLEO-WBA55CG, STEVAL-PROTEUS1, STEVAL-SMARTAG2, STEVAL-STWINBX1, STM320518-EVAL, STM32C0116-DK, STM32C011D6Y3TR, STM32C011D6Y6TR, STM32C011F4P3, STM32C011F4P6, STM32C011F4U3, STM32C011F4U6TR, STM32C011F6P3, STM32C011F6P6, STM32C011F6U3, STM32C011F6U6TR, STM32C011J4M3, STM32C011J4M6, STM32C011J6M3, STM32C011J6M6, STM32C0316-DK, STM32C031C4T3, STM32C031C4T6, STM32C031C4U3, STM32C031C4U6, STM32C031C6T3, STM32C031C6T6, STM32C031C6U3, STM32C031C6U6, STM32C031F4P3, STM32C031F4P6, STM32C031F6P3, STM32C031F6P6, STM32C031G4U3, STM32C031G4U6, STM32C031G6U3, STM32C031G6U6, STM32C031K4T3, STM32C031K4T6, STM32C031K4U3, STM32C031K4U6, STM32C031K6T3, STM32C031K6T6, STM32C031K6U3, STM32C031K6U6, STM32C071C8T6, STM32C071C8T6N, STM32C071C8U6, STM32C071C8U6N, STM32C071CBT6, STM32C071CBT6N, STM32C071CBU6, STM32C071CBU6N, STM32C071F8P6, STM32C071F8P6N, STM32C071FBP6, STM32C071FBP6N, STM32C071FBY6TR, STM32C071G8U6, STM32C071G8U6N, STM32C071GBU6, STM32C071GBU6N, STM32C071K8T6, STM32C071K8T6N, STM32C071K8U6, STM32C071K8U6N, STM32C071KBT6, STM32C071KBT6N, STM32C071KBU6, STM32C071KBU6N, STM32C071R8T6, STM32C071R8T6N, STM32C071RBI6N, STM32C071RBT6, STM32C071RBT6N, STM32G071K8TXN, STM32G071K8UXN, STM32G081GBU6N, STM32G081KBT6N, STM32G081KBUXN, STM32G0B1CCT6N, STM32G0B1KCT6, STM32G0B1NEY6TR, STM32G0B1RCT6N, STM32G0C1CCT6, STM32G0C1CCT6N, STM32G0C1CCU6N, STM32G0C1CET6N, STM32G0C1CEU6N, STM32G0C1KCT6, STM32G0C1NEY6TR, STM32G0C1RCI6N, STM32G0C1RCT6N, STM32G0C1REI6N, STM32G0C1RET6N, STM32G0C1VCI6, STM32G0C1VEI6, STM32G411C6T3, STM32G411C6T6, STM32G411C6U3, STM32G411C6U6, STM32G411C8T3, STM32G411C8T6, STM32G411C8U3, STM32G411C8U6, STM32G411CBT3, STM32G411CBT6, STM32G411CBU3, STM32G411CBU6, STM32G411K6T3, STM32G411K6T6, STM32G411K6U3, STM32G411K6U6, STM32G411K8T3, STM32G411K8T6, STM32G411K8U3, STM32G411K8U6, STM32G411KBT3, STM32G411KBT6, STM32G411KBU3, STM32G411KBU6, STM32G411M6T3, STM32G411M6T6, STM32G411M8T3, STM32G411M8T6, STM32G411MBT3, STM32G411MBT6, STM32G411R6T3, STM32G411R6T6, STM32G411R8T3, STM32G411R8T6, STM32G411RBT3, STM32G411RBT6, STM32G414CBT3, STM32G414CBT6, STM32G414CBU3, STM32G414CBU6, STM32G414CCT3, STM32G414CCT6, STM32G414CCU3, STM32G414CCU6, STM32G414MBT3, STM32G414MBT6, STM32G414MCT3, STM32G414MCT6, STM32G414RBT3, STM32G414RBT6, STM32G414RCT3, STM32G414RCT6, STM32G414VBT3, STM32G414VBT6, STM32G414VCT3, STM32G414VCT6, STM32G431CBT3Z, STM32G431RBT3Z, STM32G471CCT6, STM32G471CCU6, STM32G471CET3, STM32G471CET6, STM32G471CEU3, STM32G471CEU6, STM32G471MCT6, STM32G471MET3, STM32G471MET6, STM32G471MEY6TR, STM32G471QCT6, STM32G471QET3, STM32G471RCT6, STM32G471RET3, STM32G471RET6, STM32G471VCH6, STM32G471VCI6, STM32G471VCT6, STM32G471VEH3, STM32G471VEH6, STM32G471VEI3, STM32G471VEI6, STM32G471VET3, STM32G471VET6, STM32G473QET3Z, STM32G473RET3Z, STM32G474CCT6, STM32G491RET3Z, STM32H503CBT6, STM32H503CBU6, STM32H503EBY6TR, STM32H503KBU6, STM32H503RBT6, STM32H523CCT6, STM32H523CCU6, STM32H523CET6, STM32H523CEU6, STM32H523HEY6TR, STM32H523RCT6, STM32H523RET6, STM32H523VCI6, STM32H523VCT6, STM32H523VEI6, STM32H523VET6, STM32H523ZCJ6, STM32H523ZCT6, STM32H523ZEJ6, STM32H523ZET6, STM32H533CET6, STM32H533CEU6, STM32H533HEY6TR, STM32H533RET6, STM32H533VEI6, STM32H533VET6, STM32H533ZEJ6, STM32H533ZET6, STM32H562AGI6, STM32H562AII6, STM32H562IGK6, STM32H562IGT6, STM32H562IIK6, STM32H562IIT6, STM32H562RGT6, STM32H562RGV6, STM32H562RIT6, STM32H562RIV6, STM32H562VGT6, STM32H562VIT6, STM32H562ZGT6, STM32H562ZIT6, STM32H563AGI6, STM32H563AII3Q, STM32H563AII6, STM32H563IGK6, STM32H563IGT6, STM32H563IIK3Q, STM32H563IIK6, STM32H563IIT3Q, STM32H563IIT6, STM32H563MIY3QTR, STM32H563RGT6, STM32H563RGV6, STM32H563RIT6, STM32H563RIV6, STM32H563VGT6, STM32H563VIT3Q, STM32H563VIT6, STM32H563ZGT6, STM32H563ZIT3Q, STM32H563ZIT6, STM32H573AII3Q, STM32H573AII6, STM32H573I-DK, STM32H573IIK3Q, STM32H573IIK6, STM32H573IIT3Q, STM32H573IIT6, STM32H573MIY3QTR, STM32H573RIT6, STM32H573RIV6, STM32H573VIT3Q, STM32H573VIT6, STM32H573ZIT3Q, STM32H573ZIT6, STM32H7R3A8I6, STM32H7R3I8K6, STM32H7R3I8T6, STM32H7R3L8H6, STM32H7R3L8H6H, STM32H7R3R8V6, STM32H7R3V8H6, STM32H7R3V8T6, STM32H7R3V8Y6TR, STM32H7R3Z8J6, STM32H7R3Z8T6, STM32H7R7A8I6, STM32H7R7I8K6, STM32H7R7I8T6, STM32H7R7L8H6, STM32H7R7L8H6H, STM32H7R7Z8J6, STM32H7S3A8I6, STM32H7S3I8K6, STM32H7S3I8T6, STM32H7S3L8H6, STM32H7S3L8H6H, STM32H7S3R8V6, STM32H7S3V8H6, STM32H7S3V8T6, STM32H7S3V8Y6TR, STM32H7S3Z8J6, STM32H7S3Z8T6, STM32H7S78-DK, STM32H7S7A8I6, STM32H7S7I8K6, STM32H7S7I8T6, STM32H7S7L8H6, STM32H7S7L8H6H, STM32H7S7Z8J6, STM32L4R5QGI6STR, STM32MP131AAE3, STM32MP131AAF3, STM32MP131AAG3, STM32MP131CAE3, STM32MP131CAF3, STM32MP131CAG3, STM32MP131DAE7, STM32MP131DAF7, STM32MP131DAG7, STM32MP131FAE7, STM32MP131FAF7, STM32MP131FAG7, STM32MP133AAE3, STM32MP133AAF3, STM32MP133AAG3, STM32MP133CAE3, STM32MP133CAF3, STM32MP133CAG3, STM32MP133DAE7, STM32MP133DAF7, STM32MP133DAG7, STM32MP133FAE7, STM32MP133FAF7, STM32MP133FAG7, STM32MP135AAE3, STM32MP135AAF3, STM32MP135AAG3, STM32MP135CAE3, STM32MP135CAF3, STM32MP135CAG3, STM32MP135DAE7, STM32MP135DAF7, STM32MP135DAG7, STM32MP135F-DK, STM32MP135FAE7, STM32MP135FAF7, STM32MP135FAF7T, STM32MP135FAF7U, STM32MP135FAG7, STM32MP251AAI3, STM32MP251AAK3, STM32MP251AAL3, STM32MP251CAI3, STM32MP251CAK3, STM32MP251CAL3, STM32MP251DAI3, STM32MP251DAK3, STM32MP251DAL3, STM32MP251FAI3, STM32MP251FAK3, STM32MP251FAL3, STM32MP253AAI3, STM32MP253AAK3, STM32MP253AAL3, STM32MP253CAI3, STM32MP253CAK3, STM32MP253CAL3, STM32MP253DAI3, STM32MP253DAK3, STM32MP253DAL3, STM32MP253FAI3, STM32MP253FAK3, STM32MP253FAL3, STM32MP255AAI3, STM32MP255AAK3, STM32MP255AAL3, STM32MP255CAI3, STM32MP255CAK3, STM32MP255CAL3, STM32MP255DAI3, STM32MP255DAK3, STM32MP255DAL3, STM32MP255FAI3, STM32MP255FAK3, STM32MP255FAL3, STM32MP257AAI3, STM32MP257AAK3, STM32MP257AAL3, STM32MP257CAI3, STM32MP257CAK3, STM32MP257CAL3, STM32MP257DAI3, STM32MP257DAK3, STM32MP257DAL3, STM32MP257F-DK, STM32MP257F-EV1, STM32MP257FAI3, STM32MP257FAK3, STM32MP257FAL3, STM32U031C6T6, STM32U031C6U6, STM32U031C8T6, STM32U031C8U6, STM32U031F4P6, STM32U031F6P6, STM32U031F8P6, STM32U031G6Y6TR, STM32U031G8Y6TR, STM32U031K4U6, STM32U031K6U6, STM32U031K8U6, STM32U031R6I6, STM32U031R6T6, STM32U031R8I6, STM32U031R8T6, STM32U073C8T6, STM32U073C8U6, STM32U073CBT6, STM32U073CBU6, STM32U073CCT6, STM32U073CCU6, STM32U073H8Y6TR, STM32U073HBY6TR, STM32U073HCY6TR, STM32U073K8U6, STM32U073KBU6, STM32U073KCU6, STM32U073M8I6, STM32U073M8T6, STM32U073MBI6, STM32U073MBT6, STM32U073MCI6, STM32U073MCT6, STM32U073R8I6, STM32U073R8T6, STM32U073RBI6, STM32U073RBT6, STM32U073RCI6, STM32U073RCT6, STM32U083C-DK, STM32U083CCT6, STM32U083CCU6, STM32U083HCY6TR, STM32U083KCU6, STM32U083MCI6, STM32U083MCT6, STM32U083RCI6, STM32U083RCT6, STM32U535CBT6, STM32U535CBT6Q, STM32U535CBU6, STM32U535CBU6Q, STM32U535CCT6, STM32U535CCT6Q, STM32U535CCU6, STM32U535CCU6Q, STM32U535CET6, STM32U535CET6Q, STM32U535CEU6, STM32U535CEU6Q, STM32U535JEY6QTR, STM32U535NCY6QTR, STM32U535NEY6QTR, STM32U535RBI6, STM32U535RBI6Q, STM32U535RBT6, STM32U535RBT6Q, STM32U535RCI6, STM32U535RCI6Q, STM32U535RCT6, STM32U535RCT6Q, STM32U535REI6, STM32U535REI6Q, STM32U535RET6, STM32U535RET6Q, STM32U535VCI6, STM32U535VCI6Q, STM32U535VCT6, STM32U535VCT6Q, STM32U535VEI6, STM32U535VEI6Q, STM32U535VET6, STM32U535VET6Q, STM32U545CET6, STM32U545CET6Q, STM32U545CEU6, STM32U545CEU6Q, STM32U545JEY6QTR, STM32U545NEY6QTR, STM32U545REI6, STM32U545REI6Q, STM32U545RET6, STM32U545RET6Q, STM32U545VEI6, STM32U545VEI6Q, STM32U545VET6, STM32U545VET6Q, STM32U595AIH6, STM32U595AIH6Q, STM32U595AJH6, STM32U595AJH6Q, STM32U595QII6, STM32U595QII6Q, STM32U595QJI6, STM32U595QJI6Q, STM32U595RIT6, STM32U595RIT6Q, STM32U595RJT6, STM32U595RJT6Q, STM32U595VIT6, STM32U595VIT6Q, STM32U595VJT6, STM32U595VJT6Q, STM32U595ZIT6, STM32U595ZIT6Q, STM32U595ZIY6QTR, STM32U595ZJT6, STM32U595ZJT6Q, STM32U595ZJY6QTR, STM32U599BJY6QTR, STM32U599NIH6Q, STM32U599NJH6Q, STM32U599VIT6Q, STM32U599VJT6, STM32U599VJT6Q, STM32U599ZIT6Q, STM32U599ZIY6QTR, STM32U599ZJT6Q, STM32U599ZJY6QTR, STM32U5A5AJH6, STM32U5A5AJH6Q, STM32U5A5QII3Q , STM32U5A5QJI6, STM32U5A5QJI6Q, STM32U5A5RJT6, STM32U5A5RJT6Q, STM32U5A5VJT6, STM32U5A5VJT6Q, STM32U5A5ZJT6, STM32U5A5ZJT6Q, STM32U5A5ZJY6QTR, STM32U5A9BJY6QTR, STM32U5A9J-DK, STM32U5A9NJH6Q, STM32U5A9VJT6Q, STM32U5A9ZJT6Q, STM32U5A9ZJY6QTR, STM32U5F7VIT6, STM32U5F7VIT6Q, STM32U5F7VJT6, STM32U5F7VJT6Q, STM32U5F9BJY6QTR, STM32U5F9NJH6Q, STM32U5F9VIT6Q, STM32U5F9VJT6Q, STM32U5F9ZIJ6QTR, STM32U5F9ZIT6Q, STM32U5F9ZJJ6QTR, STM32U5F9ZJT6Q, STM32U5G7VJT6, STM32U5G7VJT6Q, STM32U5G9BJY6QTR, STM32U5G9J-DK1, STM32U5G9J-DK2, STM32U5G9NJH6Q, STM32U5G9VJT6Q, STM32U5G9ZJJ6QTR, STM32U5G9ZJT6Q, STM32WB05KZV6TR, STM32WB05KZV7TR, STM32WB05TZF6TR, STM32WB05TZF7TR, STM32WB06CCF6TR, STM32WB06CCF7TR, STM32WB06CCV6TR, STM32WB06CCV7TR, STM32WB06KCV6TR, STM32WB06KCV7TR, STM32WB07CCF6TR, STM32WB07CCF7TR, STM32WB07CCV6TR, STM32WB07CCV7TR, STM32WB07KCV6TR, STM32WB07KCV7TR, STM32WB09KEV6TR, STM32WB09KEV7TR, STM32WB09TEF6TR, STM32WB09TEF7TR, STM32WB1MMCH6, STM32WBA50KGU6, STM32WBA50KGU6TR, STM32WBA52CEU6, STM32WBA52CEU6TR, STM32WBA52CEU7, STM32WBA52CEU7TR, STM32WBA52CGU6, STM32WBA52CGU6TR, STM32WBA52CGU6U, STM32WBA52CGU7, STM32WBA52CGU7TR, STM32WBA52KEU6, STM32WBA52KEU6TR, STM32WBA52KGU6, STM32WBA52KGU6TR, STM32WBA54CEU6, STM32WBA54CEU6TR, STM32WBA54CEU7, STM32WBA54CEU7TR, STM32WBA54CGU6, STM32WBA54CGU6TR, STM32WBA54CGU7, STM32WBA54CGU7TR, STM32WBA54KEU6, STM32WBA54KEU6TR, STM32WBA54KEU7, STM32WBA54KEU7TR, STM32WBA54KGU6, STM32WBA54KGU6TR, STM32WBA54KGU7, STM32WBA54KGU7TR, STM32WBA55CEU6, STM32WBA55CEU6TR, STM32WBA55CEU7, STM32WBA55CEU7TR, STM32WBA55CGU6, STM32WBA55CGU6TR, STM32WBA55CGU6U, STM32WBA55CGU7, STM32WBA55CGU7TR, STM32WBA55G-DK1, STM32WBA55HEF6, STM32WBA55HEF7, STM32WBA55HGF6, STM32WBA55HGF7, STM32WBA55UEI6, STM32WBA55UEI6TR, STM32WBA55UEI7, STM32WBA55UEI7TR, STM32WBA55UGI6, STM32WBA55UGI6TR, STM32WBA55UGI7, STM32WBA55UGI7TR, STM32WL5MOCH6, STM32WL5MOCH6TR]
2025-03-02 09:30:49,932 [INFO] ApiDb:668 - CubeFinder database Data Model version=2.1
2025-03-02 09:30:49,932 [INFO] ApiDb:669 - CubeFinder database Configuration version=3.0.39
2025-03-02 09:30:49,932 [INFO] ApiDb:670 - CubeFinder database generation date=2025-02-18 (1739885696)
2025-03-02 09:30:49,932 [INFO] ApiDb:671 - CubeFinder database FW Pack versions=[FP-ATR-ASTRA1_V2.0.0, FP-SNS-FLIGHT1_V5.0.2, FP-SNS-MOTENV1_V5.0.0, FP-SNS-MOTENVWB1_V1.4.0, FP-SNS-SMARTAG2_V1.2.0, FP-SNS-STBOX1_V2.0.0, STM32Cube_FW_C0_V1.4.0, STM32Cube_FW_F4_V1.28.1, STM32Cube_FW_F7_V1.17.2, STM32Cube_FW_G0_V1.6.2, STM32Cube_FW_G4_V1.6.1, STM32Cube_FW_H5_V1.5.0, STM32Cube_FW_H7RS_V1.2.0, STM32Cube_FW_H7_V1.12.1, STM32Cube_FW_L0_V1.12.2, STM32Cube_FW_L4_V1.18.1, STM32Cube_FW_L5_V1.5.1, STM32Cube_FW_N6_V1.1.0, STM32Cube_FW_U0_V1.2.0, STM32Cube_FW_U3_V1.1.0, STM32Cube_FW_U5_V1.7.0, STM32Cube_FW_WB0_V1.2.0, STM32Cube_FW_WBA_V1.6.0, STM32Cube_FW_WB_V1.22.0, STM32Cube_FW_WL3_V1.1.0, STM32Cube_FW_WL_V1.3.1, X-CUBE-ALGOBUILD_V1.4.0, X-CUBE-ALS_V1.0.2, X-CUBE-AZRTOS-F4_V1.1.0, X-CUBE-AZRTOS-F7_V1.1.0, X-CUBE-AZRTOS-G0_V1.1.0, X-CUBE-AZRTOS-G4_V2.0.0, X-CUBE-AZRTOS-H7RS_V1.0.0, X-CUBE-AZRTOS-H7_V3.3.0, X-CUBE-AZRTOS-L4_V2.0.0, X-CUBE-AZRTOS-L5_V2.0.0, X-CUBE-AZRTOS-WB_V2.0.0, X-CUBE-AZRTOS-WL_V2.0.0, X-CUBE-BLE1_V7.0.0, X-CUBE-BLE2_V3.3.0, X-CUBE-BLEMGR_V4.0.0, X-CUBE-EEPRMA1_V5.1.0, X-CUBE-FREERTOS_V1.3.0, X-CUBE-GNSS1_V6.0.0, X-CUBE-MEMS1_V11.1.0, X-CUBE-NFC4_V3.0.0, X-CUBE-NFC7_V1.0.1, X-CUBE-SFXS2LP1_V4.0.0, X-CUBE-SUBG2_V5.0.0, X-CUBE-TOF1_V3.4.2]
2025-03-02 09:30:51,028 [INFO] ApiDb:240 - Found 646 in-development CPN: [B-G473E-ZEST1S, B-WB1M-WPAN1, B-WL5M-SUBG1, NUCLEO-C031C6, NUCLEO-C071RB, NUCLEO-H503RB, NUCLEO-H533RE, NUCLEO-H563ZI, NUCLEO-H7S3L8, NUCLEO-U031R8, NUCLEO-U083RC, NUCLEO-U545RE-Q, NUCLEO-U5A5ZJ-Q, NUCLEO-WB05KZ, NUCLEO-WB07CC, NUCLEO-WB09KE, NUCLEO-WBA52CG, NUCLEO-WBA55CG, STEVAL-PROTEUS1, STEVAL-SMARTAG2, STEVAL-STWINBX1, STM320518-EVAL, STM32C0116-DK, STM32C011D6Y3TR, STM32C011D6Y6TR, STM32C011F4P3, STM32C011F4P6, STM32C011F4U3, STM32C011F4U6TR, STM32C011F6P3, STM32C011F6P6, STM32C011F6U3, STM32C011F6U6TR, STM32C011J4M3, STM32C011J4M6, STM32C011J6M3, STM32C011J6M6, STM32C0316-DK, STM32C031C4T3, STM32C031C4T6, STM32C031C4U3, STM32C031C4U6, STM32C031C6T3, STM32C031C6T6, STM32C031C6U3, STM32C031C6U6, STM32C031F4P3, STM32C031F4P6, STM32C031F6P3, STM32C031F6P6, STM32C031G4U3, STM32C031G4U6, STM32C031G6U3, STM32C031G6U6, STM32C031K4T3, STM32C031K4T6, STM32C031K4U3, STM32C031K4U6, STM32C031K6T3, STM32C031K6T6, STM32C031K6U3, STM32C031K6U6, STM32C071C8T6, STM32C071C8T6N, STM32C071C8U6, STM32C071C8U6N, STM32C071CBT6, STM32C071CBT6N, STM32C071CBU6, STM32C071CBU6N, STM32C071F8P6, STM32C071F8P6N, STM32C071FBP6, STM32C071FBP6N, STM32C071FBY6TR, STM32C071G8U6, STM32C071G8U6N, STM32C071GBU6, STM32C071GBU6N, STM32C071K8T6, STM32C071K8T6N, STM32C071K8U6, STM32C071K8U6N, STM32C071KBT6, STM32C071KBT6N, STM32C071KBU6, STM32C071KBU6N, STM32C071R8T6, STM32C071R8T6N, STM32C071RBI6N, STM32C071RBT6, STM32C071RBT6N, STM32G071K8TXN, STM32G071K8UXN, STM32G081GBU6N, STM32G081KBT6N, STM32G081KBUXN, STM32G0B1CCT6N, STM32G0B1KCT6, STM32G0B1NEY6TR, STM32G0B1RCT6N, STM32G0C1CCT6, STM32G0C1CCT6N, STM32G0C1CCU6N, STM32G0C1CET6N, STM32G0C1CEU6N, STM32G0C1KCT6, STM32G0C1NEY6TR, STM32G0C1RCI6N, STM32G0C1RCT6N, STM32G0C1REI6N, STM32G0C1RET6N, STM32G0C1VCI6, STM32G0C1VEI6, STM32G411C6T3, STM32G411C6T6, STM32G411C6U3, STM32G411C6U6, STM32G411C8T3, STM32G411C8T6, STM32G411C8U3, STM32G411C8U6, STM32G411CBT3, STM32G411CBT6, STM32G411CBU3, STM32G411CBU6, STM32G411K6T3, STM32G411K6T6, STM32G411K6U3, STM32G411K6U6, STM32G411K8T3, STM32G411K8T6, STM32G411K8U3, STM32G411K8U6, STM32G411KBT3, STM32G411KBT6, STM32G411KBU3, STM32G411KBU6, STM32G411M6T3, STM32G411M6T6, STM32G411M8T3, STM32G411M8T6, STM32G411MBT3, STM32G411MBT6, STM32G411R6T3, STM32G411R6T6, STM32G411R8T3, STM32G411R8T6, STM32G411RBT3, STM32G411RBT6, STM32G414CBT3, STM32G414CBT6, STM32G414CBU3, STM32G414CBU6, STM32G414CCT3, STM32G414CCT6, STM32G414CCU3, STM32G414CCU6, STM32G414MBT3, STM32G414MBT6, STM32G414MCT3, STM32G414MCT6, STM32G414RBT3, STM32G414RBT6, STM32G414RCT3, STM32G414RCT6, STM32G414VBT3, STM32G414VBT6, STM32G414VCT3, STM32G414VCT6, STM32G431CBT3Z, STM32G431RBT3Z, STM32G471CCT6, STM32G471CCU6, STM32G471CET3, STM32G471CET6, STM32G471CEU3, STM32G471CEU6, STM32G471MCT6, STM32G471MET3, STM32G471MET6, STM32G471MEY6TR, STM32G471QCT6, STM32G471QET3, STM32G471RCT6, STM32G471RET3, STM32G471RET6, STM32G471VCH6, STM32G471VCI6, STM32G471VCT6, STM32G471VEH3, STM32G471VEH6, STM32G471VEI3, STM32G471VEI6, STM32G471VET3, STM32G471VET6, STM32G473QET3Z, STM32G473RET3Z, STM32G474CCT6, STM32G491RET3Z, STM32H503CBT6, STM32H503CBU6, STM32H503EBY6TR, STM32H503KBU6, STM32H503RBT6, STM32H523CCT6, STM32H523CCU6, STM32H523CET6, STM32H523CEU6, STM32H523HEY6TR, STM32H523RCT6, STM32H523RET6, STM32H523VCI6, STM32H523VCT6, STM32H523VEI6, STM32H523VET6, STM32H523ZCJ6, STM32H523ZCT6, STM32H523ZEJ6, STM32H523ZET6, STM32H533CET6, STM32H533CEU6, STM32H533HEY6TR, STM32H533RET6, STM32H533VEI6, STM32H533VET6, STM32H533ZEJ6, STM32H533ZET6, STM32H562AGI6, STM32H562AII6, STM32H562IGK6, STM32H562IGT6, STM32H562IIK6, STM32H562IIT6, STM32H562RGT6, STM32H562RGV6, STM32H562RIT6, STM32H562RIV6, STM32H562VGT6, STM32H562VIT6, STM32H562ZGT6, STM32H562ZIT6, STM32H563AGI6, STM32H563AII3Q, STM32H563AII6, STM32H563IGK6, STM32H563IGT6, STM32H563IIK3Q, STM32H563IIK6, STM32H563IIT3Q, STM32H563IIT6, STM32H563MIY3QTR, STM32H563RGT6, STM32H563RGV6, STM32H563RIT6, STM32H563RIV6, STM32H563VGT6, STM32H563VIT3Q, STM32H563VIT6, STM32H563ZGT6, STM32H563ZIT3Q, STM32H563ZIT6, STM32H573AII3Q, STM32H573AII6, STM32H573I-DK, STM32H573IIK3Q, STM32H573IIK6, STM32H573IIT3Q, STM32H573IIT6, STM32H573MIY3QTR, STM32H573RIT6, STM32H573RIV6, STM32H573VIT3Q, STM32H573VIT6, STM32H573ZIT3Q, STM32H573ZIT6, STM32H7R3A8I6, STM32H7R3I8K6, STM32H7R3I8T6, STM32H7R3L8H6, STM32H7R3L8H6H, STM32H7R3R8V6, STM32H7R3V8H6, STM32H7R3V8T6, STM32H7R3V8Y6TR, STM32H7R3Z8J6, STM32H7R3Z8T6, STM32H7R7A8I6, STM32H7R7I8K6, STM32H7R7I8T6, STM32H7R7L8H6, STM32H7R7L8H6H, STM32H7R7Z8J6, STM32H7S3A8I6, STM32H7S3I8K6, STM32H7S3I8T6, STM32H7S3L8H6, STM32H7S3L8H6H, STM32H7S3R8V6, STM32H7S3V8H6, STM32H7S3V8T6, STM32H7S3V8Y6TR, STM32H7S3Z8J6, STM32H7S3Z8T6, STM32H7S78-DK, STM32H7S7A8I6, STM32H7S7I8K6, STM32H7S7I8T6, STM32H7S7L8H6, STM32H7S7L8H6H, STM32H7S7Z8J6, STM32L4R5QGI6STR, STM32MP131AAE3, STM32MP131AAF3, STM32MP131AAG3, STM32MP131CAE3, STM32MP131CAF3, STM32MP131CAG3, STM32MP131DAE7, STM32MP131DAF7, STM32MP131DAG7, STM32MP131FAE7, STM32MP131FAF7, STM32MP131FAG7, STM32MP133AAE3, STM32MP133AAF3, STM32MP133AAG3, STM32MP133CAE3, STM32MP133CAF3, STM32MP133CAG3, STM32MP133DAE7, STM32MP133DAF7, STM32MP133DAG7, STM32MP133FAE7, STM32MP133FAF7, STM32MP133FAG7, STM32MP135AAE3, STM32MP135AAF3, STM32MP135AAG3, STM32MP135CAE3, STM32MP135CAF3, STM32MP135CAG3, STM32MP135DAE7, STM32MP135DAF7, STM32MP135DAG7, STM32MP135F-DK, STM32MP135FAE7, STM32MP135FAF7, STM32MP135FAF7T, STM32MP135FAF7U, STM32MP135FAG7, STM32MP251AAI3, STM32MP251AAK3, STM32MP251AAL3, STM32MP251CAI3, STM32MP251CAK3, STM32MP251CAL3, STM32MP251DAI3, STM32MP251DAK3, STM32MP251DAL3, STM32MP251FAI3, STM32MP251FAK3, STM32MP251FAL3, STM32MP253AAI3, STM32MP253AAK3, STM32MP253AAL3, STM32MP253CAI3, STM32MP253CAK3, STM32MP253CAL3, STM32MP253DAI3, STM32MP253DAK3, STM32MP253DAL3, STM32MP253FAI3, STM32MP253FAK3, STM32MP253FAL3, STM32MP255AAI3, STM32MP255AAK3, STM32MP255AAL3, STM32MP255CAI3, STM32MP255CAK3, STM32MP255CAL3, STM32MP255DAI3, STM32MP255DAK3, STM32MP255DAL3, STM32MP255FAI3, STM32MP255FAK3, STM32MP255FAL3, STM32MP257AAI3, STM32MP257AAK3, STM32MP257AAL3, STM32MP257CAI3, STM32MP257CAK3, STM32MP257CAL3, STM32MP257DAI3, STM32MP257DAK3, STM32MP257DAL3, STM32MP257F-DK, STM32MP257F-EV1, STM32MP257FAI3, STM32MP257FAK3, STM32MP257FAL3, STM32U031C6T6, STM32U031C6U6, STM32U031C8T6, STM32U031C8U6, STM32U031F4P6, STM32U031F6P6, STM32U031F8P6, STM32U031G6Y6TR, STM32U031G8Y6TR, STM32U031K4U6, STM32U031K6U6, STM32U031K8U6, STM32U031R6I6, STM32U031R6T6, STM32U031R8I6, STM32U031R8T6, STM32U073C8T6, STM32U073C8U6, STM32U073CBT6, STM32U073CBU6, STM32U073CCT6, STM32U073CCU6, STM32U073H8Y6TR, STM32U073HBY6TR, STM32U073HCY6TR, STM32U073K8U6, STM32U073KBU6, STM32U073KCU6, STM32U073M8I6, STM32U073M8T6, STM32U073MBI6, STM32U073MBT6, STM32U073MCI6, STM32U073MCT6, STM32U073R8I6, STM32U073R8T6, STM32U073RBI6, STM32U073RBT6, STM32U073RCI6, STM32U073RCT6, STM32U083C-DK, STM32U083CCT6, STM32U083CCU6, STM32U083HCY6TR, STM32U083KCU6, STM32U083MCI6, STM32U083MCT6, STM32U083RCI6, STM32U083RCT6, STM32U535CBT6, STM32U535CBT6Q, STM32U535CBU6, STM32U535CBU6Q, STM32U535CCT6, STM32U535CCT6Q, STM32U535CCU6, STM32U535CCU6Q, STM32U535CET6, STM32U535CET6Q, STM32U535CEU6, STM32U535CEU6Q, STM32U535JEY6QTR, STM32U535NCY6QTR, STM32U535NEY6QTR, STM32U535RBI6, STM32U535RBI6Q, STM32U535RBT6, STM32U535RBT6Q, STM32U535RCI6, STM32U535RCI6Q, STM32U535RCT6, STM32U535RCT6Q, STM32U535REI6, STM32U535REI6Q, STM32U535RET6, STM32U535RET6Q, STM32U535VCI6, STM32U535VCI6Q, STM32U535VCT6, STM32U535VCT6Q, STM32U535VEI6, STM32U535VEI6Q, STM32U535VET6, STM32U535VET6Q, STM32U545CET6, STM32U545CET6Q, STM32U545CEU6, STM32U545CEU6Q, STM32U545JEY6QTR, STM32U545NEY6QTR, STM32U545REI6, STM32U545REI6Q, STM32U545RET6, STM32U545RET6Q, STM32U545VEI6, STM32U545VEI6Q, STM32U545VET6, STM32U545VET6Q, STM32U595AIH6, STM32U595AIH6Q, STM32U595AJH6, STM32U595AJH6Q, STM32U595QII6, STM32U595QII6Q, STM32U595QJI6, STM32U595QJI6Q, STM32U595RIT6, STM32U595RIT6Q, STM32U595RJT6, STM32U595RJT6Q, STM32U595VIT6, STM32U595VIT6Q, STM32U595VJT6, STM32U595VJT6Q, STM32U595ZIT6, STM32U595ZIT6Q, STM32U595ZIY6QTR, STM32U595ZJT6, STM32U595ZJT6Q, STM32U595ZJY6QTR, STM32U599BJY6QTR, STM32U599NIH6Q, STM32U599NJH6Q, STM32U599VIT6Q, STM32U599VJT6, STM32U599VJT6Q, STM32U599ZIT6Q, STM32U599ZIY6QTR, STM32U599ZJT6Q, STM32U599ZJY6QTR, STM32U5A5AJH6, STM32U5A5AJH6Q, STM32U5A5QII3Q , STM32U5A5QJI6, STM32U5A5QJI6Q, STM32U5A5RJT6, STM32U5A5RJT6Q, STM32U5A5VJT6, STM32U5A5VJT6Q, STM32U5A5ZJT6, STM32U5A5ZJT6Q, STM32U5A5ZJY6QTR, STM32U5A9BJY6QTR, STM32U5A9J-DK, STM32U5A9NJH6Q, STM32U5A9VJT6Q, STM32U5A9ZJT6Q, STM32U5A9ZJY6QTR, STM32U5F7VIT6, STM32U5F7VIT6Q, STM32U5F7VJT6, STM32U5F7VJT6Q, STM32U5F9BJY6QTR, STM32U5F9NJH6Q, STM32U5F9VIT6Q, STM32U5F9VJT6Q, STM32U5F9ZIJ6QTR, STM32U5F9ZIT6Q, STM32U5F9ZJJ6QTR, STM32U5F9ZJT6Q, STM32U5G7VJT6, STM32U5G7VJT6Q, STM32U5G9BJY6QTR, STM32U5G9J-DK1, STM32U5G9J-DK2, STM32U5G9NJH6Q, STM32U5G9VJT6Q, STM32U5G9ZJJ6QTR, STM32U5G9ZJT6Q, STM32WB05KZV6TR, STM32WB05KZV7TR, STM32WB05TZF6TR, STM32WB05TZF7TR, STM32WB06CCF6TR, STM32WB06CCF7TR, STM32WB06CCV6TR, STM32WB06CCV7TR, STM32WB06KCV6TR, STM32WB06KCV7TR, STM32WB07CCF6TR, STM32WB07CCF7TR, STM32WB07CCV6TR, STM32WB07CCV7TR, STM32WB07KCV6TR, STM32WB07KCV7TR, STM32WB09KEV6TR, STM32WB09KEV7TR, STM32WB09TEF6TR, STM32WB09TEF7TR, STM32WB1MMCH6, STM32WBA50KGU6, STM32WBA50KGU6TR, STM32WBA52CEU6, STM32WBA52CEU6TR, STM32WBA52CEU7, STM32WBA52CEU7TR, STM32WBA52CGU6, STM32WBA52CGU6TR, STM32WBA52CGU6U, STM32WBA52CGU7, STM32WBA52CGU7TR, STM32WBA52KEU6, STM32WBA52KEU6TR, STM32WBA52KGU6, STM32WBA52KGU6TR, STM32WBA54CEU6, STM32WBA54CEU6TR, STM32WBA54CEU7, STM32WBA54CEU7TR, STM32WBA54CGU6, STM32WBA54CGU6TR, STM32WBA54CGU7, STM32WBA54CGU7TR, STM32WBA54KEU6, STM32WBA54KEU6TR, STM32WBA54KEU7, STM32WBA54KEU7TR, STM32WBA54KGU6, STM32WBA54KGU6TR, STM32WBA54KGU7, STM32WBA54KGU7TR, STM32WBA55CEU6, STM32WBA55CEU6TR, STM32WBA55CEU7, STM32WBA55CEU7TR, STM32WBA55CGU6, STM32WBA55CGU6TR, STM32WBA55CGU6U, STM32WBA55CGU7, STM32WBA55CGU7TR, STM32WBA55G-DK1, STM32WBA55HEF6, STM32WBA55HEF7, STM32WBA55HGF6, STM32WBA55HGF7, STM32WBA55UEI6, STM32WBA55UEI6TR, STM32WBA55UEI7, STM32WBA55UEI7TR, STM32WBA55UGI6, STM32WBA55UGI6TR, STM32WBA55UGI7, STM32WBA55UGI7TR, STM32WL5MOCH6, STM32WL5MOCH6TR]
2025-03-02 09:30:51,036 [INFO] DbMcus:218 - Found 4565 MCUs, 4565 are supported
2025-03-02 09:30:51,038 [INFO] ApiDb:423 - Load user favorites file /Users/adamhwu/.stm32cubeide/favorites.mcus.txt: 0 item(s)
2025-03-02 09:30:51,038 [INFO] ApiDb:427 - User favorites MCUs=[]
2025-03-02 09:30:51,038 [INFO] DbMcus:224 - Set 0 / 0 favorites MCUs
2025-03-02 09:30:51,387 [INFO] BoardInfo:889 - No configuration file found for board NUCLEO-N657X0-Q
2025-03-02 09:30:51,390 [INFO] DbBoards:161 - Board is not supported: NUCLEO-N657X0-Q
2025-03-02 09:30:51,402 [INFO] BoardInfo:889 - No configuration file found for board NUCLEO-WL33CC1
2025-03-02 09:30:51,403 [INFO] DbBoards:161 - Board is not supported: NUCLEO-WL33CC1
2025-03-02 09:30:51,404 [INFO] BoardInfo:889 - No configuration file found for board NUCLEO-WL33CC2
2025-03-02 09:30:51,404 [INFO] DbBoards:161 - Board is not supported: NUCLEO-WL33CC2
2025-03-02 09:30:51,409 [INFO] BoardInfo:889 - No configuration file found for board P-NUCLEO-WB55
2025-03-02 09:30:51,409 [INFO] DbBoards:161 - Kit is not supported: P-NUCLEO-WB55
2025-03-02 09:30:51,412 [INFO] BoardInfo:889 - No configuration file found for board STEVAL-BFA001V1B
2025-03-02 09:30:51,412 [INFO] DbBoards:161 - Kit is not supported: STEVAL-BFA001V1B
2025-03-02 09:30:51,413 [INFO] BoardInfo:889 - No configuration file found for board STEVAL-BFA001V2B
2025-03-02 09:30:51,413 [INFO] DbBoards:161 - Kit is not supported: STEVAL-BFA001V2B
2025-03-02 09:30:51,542 [INFO] BoardInfo:889 - No configuration file found for board STM32N6570-DK
2025-03-02 09:30:51,544 [INFO] DbBoards:161 - Board is not supported: STM32N6570-DK
2025-03-02 09:30:51,554 [INFO] DbBoards:168 - Found 205 boards, 198 are supported
2025-03-02 09:30:51,556 [INFO] DbBoards:169 - Found 205 boards, 25 of them is supported for  Bsp
2025-03-02 09:30:51,559 [INFO] ApiDb:414 - User favorites file not found: /Users/adamhwu/.stm32cubeide/favorites.boards.txt
2025-03-02 09:30:51,559 [INFO] DbBoards:198 - Set 0 / 0 favorites Boards
2025-03-02 09:30:51,671 [INFO] UtilMem:75 - End LoadConfig() Used Memory: 227788048 Bytes (314572800)
2025-03-02 09:30:51,978 [WARN] ThirdParty:833 - waiting for thirdparty lock release [change project]
2025-03-02 09:30:51,990 [INFO] ThirdParty:835 - entering critical section [change project]
2025-03-02 09:30:51,996 [INFO] ThirdParty:1030 - CMSIS Pack Vendor :STMicroelectronics USBPD 4.1
2025-03-02 09:30:51,996 [INFO] ThirdParty:1030 - CMSIS Pack Vendor :STMicroelectronics X-CUBE-AZRTOS-H7 3.3.0
2025-03-02 09:30:51,996 [INFO] ThirdParty:1030 - CMSIS Pack Vendor :STMicroelectronics X-CUBE-NFC9 1.0.0
2025-03-02 09:30:51,996 [INFO] ThirdParty:1030 - CMSIS Pack Vendor :STMicroelectronics USB_HOST 2.0.0
2025-03-02 09:30:51,996 [INFO] ThirdParty:1030 - CMSIS Pack Vendor :STMicroelectronics FP-SNS-MOTENVWB1 1.4.0
2025-03-02 09:30:51,996 [INFO] ThirdParty:1030 - CMSIS Pack Vendor :STMicroelectronics X-CUBE-AZRTOS-F4 1.1.0
2025-03-02 09:30:51,996 [INFO] ThirdParty:1030 - CMSIS Pack Vendor :STMicroelectronics LIBJPEG 8.0.0
2025-03-02 09:30:51,996 [INFO] ThirdParty:1030 - CMSIS Pack Vendor :STMicroelectronics FP-ATR-ASTRA1 2.0.2
2025-03-02 09:30:51,996 [INFO] ThirdParty:1030 - CMSIS Pack Vendor :STMicroelectronics X-CUBE-SMBUS 2.1.0
2025-03-02 09:30:51,996 [INFO] ThirdParty:1030 - CMSIS Pack Vendor :STMicroelectronics X-CUBE-WB05N 1.1.0
2025-03-02 09:30:51,996 [INFO] ThirdParty:1030 - CMSIS Pack Vendor :STMicroelectronics USB_DEVICE 3.0.0
2025-03-02 09:30:51,996 [INFO] ThirdParty:1030 - CMSIS Pack Vendor :STMicroelectronics X-CUBE-TCPP 4.1.0
2025-03-02 09:30:51,996 [INFO] ThirdParty:1030 - CMSIS Pack Vendor :STMicroelectronics X-CUBE-ISPU 2.1.0
2025-03-02 09:30:51,996 [INFO] ThirdParty:1030 - CMSIS Pack Vendor :STMicroelectronics X-CUBE-FREERTOS 1.2.0
2025-03-02 09:30:51,996 [INFO] ThirdParty:1030 - CMSIS Pack Vendor :STMicroelectronics X-CUBE-IPS 3.0.0
2025-03-02 09:30:51,996 [INFO] ThirdParty:1030 - CMSIS Pack Vendor :STMicroelectronics X-CUBE-AZRTOS-WB 2.0.0
2025-03-02 09:30:51,996 [INFO] ThirdParty:1030 - CMSIS Pack Vendor :STMicroelectronics X-CUBE-GNSS1 7.0.0
2025-03-02 09:30:51,996 [INFO] ThirdParty:1030 - CMSIS Pack Vendor :STMicroelectronics X-CUBE-GNSS1 7.0.1
2025-03-02 09:30:51,996 [INFO] ThirdParty:1030 - CMSIS Pack Vendor :STMicroelectronics X-CUBE-AZRTOS-F7 1.1.0
2025-03-02 09:30:51,996 [INFO] ThirdParty:1030 - CMSIS Pack Vendor :STMicroelectronics X-CUBE-AZRTOS-L5 2.0.0
2025-03-02 09:30:51,996 [INFO] ThirdParty:1030 - CMSIS Pack Vendor :STMicroelectronics USB_DEVICE 2.0.0
2025-03-02 09:30:51,996 [INFO] ThirdParty:1030 - CMSIS Pack Vendor :STMicroelectronics X-CUBE-NFC6 3.1.0
2025-03-02 09:30:51,996 [INFO] ThirdParty:1030 - CMSIS Pack Vendor :STMicroelectronics FP-SNS-STBOX1 2.0.0
2025-03-02 09:30:51,996 [INFO] ThirdParty:1030 - CMSIS Pack Vendor :STMicroelectronics X-CUBE-MEMS1 11.0.0
2025-03-02 09:30:51,996 [INFO] ThirdParty:1030 - CMSIS Pack Vendor :STMicroelectronics FreeRTOS 0.0.1
2025-03-02 09:30:51,996 [INFO] ThirdParty:1030 - CMSIS Pack Vendor :STMicroelectronics X-CUBE-AZRTOS-G0 1.1.0
2025-03-02 09:30:51,996 [INFO] ThirdParty:1030 - CMSIS Pack Vendor :STMicroelectronics X-CUBE-SAFEA1 1.2.2
2025-03-02 09:30:51,996 [INFO] ThirdParty:1030 - CMSIS Pack Vendor :STMicroelectronics X-CUBE-NFC4 3.0.0
2025-03-02 09:30:51,996 [INFO] ThirdParty:1030 - CMSIS Pack Vendor :STMicroelectronics X-CUBE-DPower 1.2.0
2025-03-02 09:30:51,996 [INFO] ThirdParty:1030 - CMSIS Pack Vendor :STMicroelectronics X-CUBE-SUBG2 5.0.0
2025-03-02 09:30:51,997 [INFO] ThirdParty:1030 - CMSIS Pack Vendor :STMicroelectronics STM32_WPAN 1.0.0
2025-03-02 09:30:51,997 [INFO] ThirdParty:1030 - CMSIS Pack Vendor :EmbeddedOffice I-CUBE-FS-RTOS 1.0.1
2025-03-02 09:30:51,997 [INFO] ThirdParty:1030 - CMSIS Pack Vendor :STMicroelectronics lwIP 2.0.3
2025-03-02 09:30:51,997 [INFO] ThirdParty:1030 - CMSIS Pack Vendor :STMicroelectronics FP-SNS-FLIGHT1 5.0.2
2025-03-02 09:30:51,997 [INFO] ThirdParty:1030 - CMSIS Pack Vendor :Cesanta I-CUBE-Mongoose 7.13.0
2025-03-02 09:30:51,997 [INFO] ThirdParty:1030 - CMSIS Pack Vendor :STMicroelectronics USB_HOST 1.0.0
2025-03-02 09:30:51,997 [INFO] ThirdParty:1030 - CMSIS Pack Vendor :STMicroelectronics X-CUBE-AZRTOS-G4 2.0.0
2025-03-02 09:30:51,997 [INFO] ThirdParty:1030 - CMSIS Pack Vendor :STMicroelectronics PDM2PCM 3.1.0
2025-03-02 09:30:51,997 [INFO] ThirdParty:1030 - CMSIS Pack Vendor :STMicroelectronics PDM2PCM 3.3.0
2025-03-02 09:30:51,997 [INFO] ThirdParty:1030 - CMSIS Pack Vendor :STMicroelectronics X-CUBE-DISPLAY 3.0.0
2025-03-02 09:30:51,997 [INFO] ThirdParty:1030 - CMSIS Pack Vendor :RealThread X-CUBE-RT-Thread_Nano 4.1.1
2025-03-02 09:30:51,997 [INFO] ThirdParty:1030 - CMSIS Pack Vendor :STMicroelectronics X-CUBE-BLE1 7.0.0
2025-03-02 09:30:51,997 [INFO] ThirdParty:1030 - CMSIS Pack Vendor :STMicroelectronics FP-ATR-SIGFOX1 3.2.0
2025-03-02 09:30:51,997 [INFO] ThirdParty:1030 - CMSIS Pack Vendor :STMicroelectronics X-CUBE-NFC10 1.0.0
2025-03-02 09:30:51,997 [INFO] ThirdParty:1030 - CMSIS Pack Vendor :quantropi X-CUBE-qispace-sdk-base 1.9.3
2025-03-02 09:30:51,997 [INFO] ThirdParty:1030 - CMSIS Pack Vendor :STMicroelectronics X-CUBE-BLEMGR 4.0.0
2025-03-02 09:30:51,997 [INFO] ThirdParty:1030 - CMSIS Pack Vendor :STMicroelectronics X-CUBE-EEPRMA1 5.1.0
2025-03-02 09:30:51,997 [INFO] ThirdParty:1030 - CMSIS Pack Vendor :STMicroelectronics HAL Drivers 0.0.0
2025-03-02 09:30:51,997 [INFO] ThirdParty:1030 - CMSIS Pack Vendor :STMicroelectronics MBEDTLS 2.16.2
2025-03-02 09:30:51,997 [INFO] ThirdParty:1030 - CMSIS Pack Vendor :STMicroelectronics X-CUBE-ALS 1.0.2
2025-03-02 09:30:51,997 [INFO] ThirdParty:1030 - CMSIS Pack Vendor :emotas I-CUBE-CANOPEN 1.3.0
2025-03-02 09:30:51,997 [INFO] ThirdParty:1030 - CMSIS Pack Vendor :STMicroelectronics X-CUBE-FREERTOS 1.3.0
2025-03-02 09:30:51,997 [INFO] ThirdParty:1030 - CMSIS Pack Vendor :wolfSSL I-CUBE-wolfSSL 5.7.4
2025-03-02 09:30:51,997 [INFO] ThirdParty:1030 - CMSIS Pack Vendor :STMicroelectronics X-CUBE-NFC7 1.0.1
2025-03-02 09:30:51,997 [INFO] ThirdParty:1030 - CMSIS Pack Vendor :STMicroelectronics MBEDTLS 2.14.1
2025-03-02 09:30:51,997 [INFO] ThirdParty:1030 - CMSIS Pack Vendor :ITTIA_DB I-CUBE-ITTIADB 8.9.0
2025-03-02 09:30:51,997 [INFO] ThirdParty:1030 - CMSIS Pack Vendor :STMicroelectronics X-CUBE-TOUCHGFX 4.24.2
2025-03-02 09:30:51,997 [INFO] ThirdParty:1030 - CMSIS Pack Vendor :STMicroelectronics X-CUBE-TOUCHGFX 4.24.1
2025-03-02 09:30:51,997 [INFO] ThirdParty:1030 - CMSIS Pack Vendor :wolfSSL I-CUBE-wolfTPM 3.4.0
2025-03-02 09:30:51,997 [INFO] ThirdParty:1030 - CMSIS Pack Vendor :portGmbH I-Cube-SoM-uGOAL 1.1.0
2025-03-02 09:30:51,998 [INFO] ThirdParty:1030 - CMSIS Pack Vendor :STMicroelectronics X-CUBE-BLEMGR 3.1.0
2025-03-02 09:30:51,998 [INFO] ThirdParty:1030 - CMSIS Pack Vendor :STMicroelectronics X-CUBE-AI 10.0.0
2025-03-02 09:30:51,998 [INFO] ThirdParty:1030 - CMSIS Pack Vendor :STMicroelectronics ThreadX 1.0.0
2025-03-02 09:30:51,998 [INFO] ThirdParty:1030 - CMSIS Pack Vendor :STMicroelectronics FP-SNS-SMARTAG2 1.2.0
2025-03-02 09:30:51,998 [INFO] ThirdParty:1030 - CMSIS Pack Vendor :STMicroelectronics X-CUBE-MEMS1 11.1.0
2025-03-02 09:30:51,998 [INFO] ThirdParty:1030 - CMSIS Pack Vendor :STMicroelectronics X-CUBE-AZRTOS-WL 2.0.0
2025-03-02 09:30:51,998 [INFO] ThirdParty:1030 - CMSIS Pack Vendor :SEGGER I-CUBE-embOS 1.3.1
2025-03-02 09:30:51,998 [INFO] ThirdParty:1030 - CMSIS Pack Vendor :STMicroelectronics X-CUBE-ALGOBUILD 1.4.0
2025-03-02 09:30:51,998 [INFO] ThirdParty:1030 - CMSIS Pack Vendor :STMicroelectronics FP-SNS-MOTENV1 5.0.0
2025-03-02 09:30:51,998 [INFO] ThirdParty:1030 - CMSIS Pack Vendor :STMicroelectronics USB_DEVICE 1.0.0
2025-03-02 09:30:51,998 [INFO] ThirdParty:1030 - CMSIS Pack Vendor :STMicroelectronics X-CUBE-AZRTOS-H7RS 1.0.0
2025-03-02 09:30:51,998 [INFO] ThirdParty:1030 - CMSIS Pack Vendor :wolfSSL I-CUBE-wolfMQTT 1.19.0
2025-03-02 09:30:51,998 [INFO] ThirdParty:1030 - CMSIS Pack Vendor :STMicroelectronics X-CUBE-AZRTOS-L4 2.0.0
2025-03-02 09:30:51,998 [INFO] ThirdParty:1030 - CMSIS Pack Vendor :STMicroelectronics ThreadX 0.0.2
2025-03-02 09:30:51,998 [INFO] ThirdParty:1030 - CMSIS Pack Vendor :WES I-CUBE-Cesium 1.3.0
2025-03-02 09:30:51,998 [INFO] ThirdParty:1030 - CMSIS Pack Vendor :STMicroelectronics FP-ATR-ASTRA1 2.0.0
2025-03-02 09:30:51,998 [INFO] ThirdParty:1030 - CMSIS Pack Vendor :STMicroelectronics lwIP 2.1.2
2025-03-02 09:30:51,998 [INFO] ThirdParty:1030 - CMSIS Pack Vendor :STMicroelectronics X-CUBE-SFXS2LP1 4.0.0
2025-03-02 09:30:51,998 [INFO] ThirdParty:1030 - CMSIS Pack Vendor :STMicroelectronics X-CUBE-BLE2 3.3.0
2025-03-02 09:30:51,998 [INFO] ThirdParty:1030 - CMSIS Pack Vendor :STMicroelectronics X-CUBE-TOF1 3.4.2
2025-03-02 09:30:51,998 [INFO] ThirdParty:1030 - CMSIS Pack Vendor :STMicroelectronics X-CUBE-AI 9.1.0
2025-03-02 09:30:51,998 [INFO] ThirdParty:1030 - CMSIS Pack Vendor :Infineon AIROC-Wi-Fi-Bluetooth-STM32 1.6.1
2025-03-02 09:30:51,998 [INFO] ThirdParty:1030 - CMSIS Pack Vendor :STMicroelectronics PDM2PCM 3.2.0
2025-03-02 09:30:51,998 [INFO] ThirdParty:1030 - CMSIS Pack Vendor :wolfSSL I-CUBE-wolfSSH 1.4.17
2025-03-02 09:30:52,005 [INFO] ThirdParty:841 - exiting critical section [change project]
2025-03-02 09:30:52,845 [INFO] PinOutPanel:1561 - setPackage(No Configuration,No Configuration)
2025-03-02 09:30:52,871 [INFO] PinOutPanel:1561 - setPackage(STM32F103C8Tx,LQFP48)
2025-03-02 09:30:53,637 [INFO] UtilMem:75 - Before build in PCC Used Memory: 200568048 Bytes (482344960)
2025-03-02 09:30:55,113 [INFO] UtilMem:75 - After build in PCC Used Memory: 290631488 Bytes (482344960)
2025-03-02 09:30:55,171 [INFO] IPUIPlugin:80 - create IPUIPlugin
2025-03-02 09:30:55,172 [INFO] IPUIPlugin:80 - create IPUIPlugin
2025-03-02 09:30:55,173 [INFO] IPUIPlugin:80 - create IPUIPlugin
2025-03-02 09:30:55,174 [INFO] IPUIPlugin:80 - create IPUIPlugin
2025-03-02 09:30:55,174 [INFO] IPUIPlugin:80 - create IPUIPlugin
2025-03-02 09:30:55,174 [INFO] IPUIPlugin:80 - create IPUIPlugin
2025-03-02 09:30:55,175 [INFO] IPUIPlugin:80 - create IPUIPlugin
2025-03-02 09:30:55,175 [INFO] IPUIPlugin:80 - create IPUIPlugin
2025-03-02 09:30:55,176 [INFO] IPUIPlugin:80 - create IPUIPlugin
2025-03-02 09:30:55,176 [INFO] IPUIPlugin:80 - create IPUIPlugin
2025-03-02 09:30:55,176 [INFO] IPUIPlugin:80 - create IPUIPlugin
2025-03-02 09:30:55,176 [INFO] IPUIPlugin:80 - create IPUIPlugin
2025-03-02 09:30:55,176 [INFO] IPUIPlugin:80 - create IPUIPlugin
2025-03-02 09:30:55,176 [INFO] IPUIPlugin:80 - create IPUIPlugin
2025-03-02 09:30:55,183 [INFO] IPUIPlugin:80 - create IPUIPlugin
2025-03-02 09:30:55,183 [INFO] IPUIPlugin:80 - create IPUIPlugin
2025-03-02 09:30:55,183 [INFO] IPUIPlugin:80 - create IPUIPlugin
2025-03-02 09:30:55,184 [INFO] IPUIPlugin:80 - create IPUIPlugin
2025-03-02 09:30:55,184 [INFO] IPUIPlugin:80 - create IPUIPlugin
2025-03-02 09:30:55,184 [INFO] IPUIPlugin:80 - create IPUIPlugin
2025-03-02 09:30:55,184 [INFO] IPUIPlugin:80 - create IPUIPlugin
2025-03-02 09:30:55,184 [INFO] IPUIPlugin:80 - create IPUIPlugin
2025-03-02 09:30:55,185 [INFO] IPUIPlugin:80 - create IPUIPlugin
2025-03-02 09:30:55,185 [INFO] IPUIPlugin:80 - create IPUIPlugin
2025-03-02 09:30:55,185 [INFO] IPUIPlugin:80 - create IPUIPlugin
2025-03-02 09:30:55,185 [INFO] IPUIPlugin:80 - create IPUIPlugin
2025-03-02 09:30:55,186 [INFO] IPUIPlugin:80 - create IPUIPlugin
2025-03-02 09:30:55,424 [INFO] CADModel:165 - CPN selected for project levelSTM32F103C8T6
2025-03-02 09:30:55,424 [INFO] CADModel:114 - Register for checkConnection events
2025-03-02 09:30:55,470 [INFO] OpenFileManager:363 - Restore cursor
2025-03-02 09:50:07,020 [INFO] NvicIntPanel:101 - NVIC parent = com.st.microxplorer.plugins.ip.nvic.MultiNvicIntPanel[,0,0,0x0,invalid,layout=javax.swing.BoxLayout,alignmentX=0.0,alignmentY=0.0,border=,flags=9,maximumSize=,minimumSize=,preferredSize=]
2025-03-02 09:50:09,843 [INFO] NvicIntPanel:101 - NVIC parent = com.st.microxplorer.plugins.ip.nvic.MultiNvicIntPanel[,0,0,0x0,invalid,layout=javax.swing.BoxLayout,alignmentX=0.0,alignmentY=0.0,border=,flags=9,maximumSize=,minimumSize=,preferredSize=]
2025-03-02 09:51:04,266 [INFO] ParamManager:896 - [Generic UI] PropertyChangeEvent: TAB_STATUS_CHANGED , "dont care", "never mind"
2025-03-02 09:51:04,406 [INFO] ParamManager:896 - [Generic UI] PropertyChangeEvent: TAB_STATUS_CHANGED , "dont care", "never mind"
2025-03-02 09:51:04,426 [INFO] NvicIntPanel:101 - NVIC parent = com.st.microxplorer.plugins.ip.nvic.MultiNvicIntPanel[,0,0,0x0,invalid,layout=javax.swing.BoxLayout,alignmentX=0.0,alignmentY=0.0,border=,flags=9,maximumSize=,minimumSize=,preferredSize=]
2025-03-02 09:51:04,475 [INFO] NvicIntPanel:101 - NVIC parent = com.st.microxplorer.plugins.ip.nvic.MultiNvicIntPanel[,0,0,0x0,invalid,layout=javax.swing.BoxLayout,alignmentX=0.0,alignmentY=0.0,border=,flags=9,maximumSize=,minimumSize=,preferredSize=]
2025-03-02 09:53:25,178 [INFO] NvicIntPanel:101 - NVIC parent = com.st.microxplorer.plugins.ip.nvic.MultiNvicIntPanel[,0,0,0x0,invalid,layout=javax.swing.BoxLayout,alignmentX=0.0,alignmentY=0.0,border=,flags=9,maximumSize=,minimumSize=,preferredSize=]
2025-03-02 09:53:36,076 [INFO] NvicIntPanel:101 - NVIC parent = com.st.microxplorer.plugins.ip.nvic.MultiNvicIntPanel[,0,0,0x0,invalid,layout=javax.swing.BoxLayout,alignmentX=0.0,alignmentY=0.0,border=,flags=9,maximumSize=,minimumSize=,preferredSize=]
2025-03-02 10:02:26,147 [INFO] UtilMem:75 - End SaveConfig() Used Memory: 626895272 Bytes (1073741824)
2025-03-02 10:02:26,341 [INFO] UtilMem:75 - End SaveConfig() Used Memory: 642528840 Bytes (1073741824)
2025-03-02 10:02:29,318 [INFO] UtilMem:75 - End SaveConfig() Used Memory: 680182408 Bytes (1073741824)
2025-03-02 10:02:30,154 [INFO] BlockDiagram:2766 - set Specific Code input for plugin: NVIC
2025-03-02 10:02:30,156 [INFO] BlockDiagram:2766 - set Specific Code input for plugin: TIM1_8F1
2025-03-02 10:02:30,156 [INFO] BlockDiagram:2766 - set Specific Code input for plugin: TIM1_8F1
2025-03-02 10:02:30,156 [INFO] BlockDiagram:2766 - set Specific Code input for plugin: TIM1_8F1
2025-03-02 10:02:30,156 [INFO] BlockDiagram:2766 - set Specific Code input for plugin: SYS
2025-03-02 10:02:30,158 [INFO] BlockDiagram:2766 - set Specific Code input for plugin: GPIO
2025-03-02 10:02:30,158 [INFO] BlockDiagram:2766 - set Specific Code input for plugin: ADC
2025-03-02 10:02:30,158 [INFO] BlockDiagram:2766 - set Specific Code input for plugin: RCC
2025-03-02 10:02:30,160 [INFO] CodeGenerator:807 - code generatio: config db path: /Applications/STM32CubeIDE.app/Contents/Eclipse/plugins/com.st.stm32cube.common.mx_6.12.1.202409122256//db/
2025-03-02 10:02:30,462 [INFO] CodeEngine:255 - oldGeneratedFile, /Users/adamhwu/Desktop/micromouse/MicroMouse-2024/software/CHOAM/CHOAM/MXTmpFiles/license.tmp_save
2025-03-02 10:02:30,944 [INFO] CodeEngine:279 - Generated code: /Users/adamhwu/Desktop/micromouse/MicroMouse-2024/software/CHOAM/CHOAM/MXTmpFiles/license.tmp
2025-03-02 10:02:31,207 [INFO] CodeEngine:255 - oldGeneratedFile, /Users/adamhwu/Desktop/micromouse/MicroMouse-2024/software/CHOAM/CHOAM/MXTmpFiles/gpio.tmp_save
2025-03-02 10:02:31,452 [INFO] CodeEngine:279 - Generated code: /Users/adamhwu/Desktop/micromouse/MicroMouse-2024/software/CHOAM/CHOAM/MXTmpFiles/gpio.tmp
2025-03-02 10:02:31,832 [INFO] CodeEngine:255 - oldGeneratedFile, /Users/adamhwu/Desktop/micromouse/MicroMouse-2024/software/CHOAM/CHOAM/Core/Src/stm32f1xx_it.c_save
2025-03-02 10:02:32,030 [INFO] CodeEngine:279 - Generated code: /Users/adamhwu/Desktop/micromouse/MicroMouse-2024/software/CHOAM/CHOAM/Core/Src/stm32f1xx_it.c
2025-03-02 10:02:32,031 [INFO] CodeEngine:255 - oldGeneratedFile, /Users/adamhwu/Desktop/micromouse/MicroMouse-2024/software/CHOAM/CHOAM/Core/Inc/stm32f1xx_it.h_save
2025-03-02 10:02:32,086 [INFO] CodeEngine:279 - Generated code: /Users/adamhwu/Desktop/micromouse/MicroMouse-2024/software/CHOAM/CHOAM/Core/Inc/stm32f1xx_it.h
2025-03-02 10:02:32,092 [INFO] CodeEngine:255 - oldGeneratedFile, /Users/adamhwu/Desktop/micromouse/MicroMouse-2024/software/CHOAM/CHOAM/Core/Src/stm32f1xx_hal_msp.c_save
2025-03-02 10:02:32,235 [INFO] CodeEngine:279 - Generated code: /Users/adamhwu/Desktop/micromouse/MicroMouse-2024/software/CHOAM/CHOAM/Core/Src/stm32f1xx_hal_msp.c
2025-03-02 10:02:32,237 [INFO] CodeEngine:255 - oldGeneratedFile, /Users/adamhwu/Desktop/micromouse/MicroMouse-2024/software/CHOAM/CHOAM/MXTmpFiles/system.tmp_save
2025-03-02 10:02:32,288 [INFO] CodeEngine:279 - Generated code: /Users/adamhwu/Desktop/micromouse/MicroMouse-2024/software/CHOAM/CHOAM/MXTmpFiles/system.tmp
2025-03-02 10:02:32,295 [INFO] CodeEngine:311 - oldGeneratedFile, /Users/adamhwu/Desktop/micromouse/MicroMouse-2024/software/CHOAM/CHOAM/Core/Inc/stm32f1xx_hal_conf.h_save
2025-03-02 10:02:32,364 [INFO] CodeEngine:335 - Generated code: /Users/adamhwu/Desktop/micromouse/MicroMouse-2024/software/CHOAM/CHOAM/Core/Inc/stm32f1xx_hal_conf.h
2025-03-02 10:02:32,475 [WARN] IPConfigManager:3554 - IP not found : TIM
2025-03-02 10:02:32,481 [WARN] CodeGenerator:4002 - IP not found : null
2025-03-02 10:02:32,488 [INFO] CodeEngine:255 - oldGeneratedFile, /Users/adamhwu/Desktop/micromouse/MicroMouse-2024/software/CHOAM/CHOAM/Core/Inc/main.h_save
2025-03-02 10:02:32,665 [INFO] CodeEngine:279 - Generated code: /Users/adamhwu/Desktop/micromouse/MicroMouse-2024/software/CHOAM/CHOAM/Core/Inc/main.h
2025-03-02 10:02:32,673 [INFO] CodeEngine:255 - oldGeneratedFile, /Users/adamhwu/Desktop/micromouse/MicroMouse-2024/software/CHOAM/CHOAM/Core/Src/main.c_save
2025-03-02 10:02:32,957 [INFO] CodeEngine:279 - Generated code: /Users/adamhwu/Desktop/micromouse/MicroMouse-2024/software/CHOAM/CHOAM/Core/Src/main.c
2025-03-02 10:02:33,287 [INFO] ProjectBuilder:3249 - Time for Copy HAL[1] : 62mS.
2025-03-02 10:02:33,296 [INFO] ProjectBuilder:4828 - Project Generator version: 4.5.0-B34
2025-03-02 10:02:33,417 [INFO] ConfigFileManager:1531 - The Die is : DIE410
2025-03-02 10:02:33,433 [INFO] ApiDbMcu:508 - Load IP Config File for FATFS
2025-03-02 10:02:33,445 [INFO] ApiDbMcu:508 - Load IP Config File for FREERTOS
2025-03-02 10:02:33,451 [INFO] ApiDbMcu:508 - Load IP Config File for USB_DEVICE
2025-03-02 10:02:33,939 [INFO] LogOutputStream:77 - [STDOUT_REDIRECT] 
2025-03-02 10:02:36,114 [INFO] ProjectBuilder:5097 - Time for Generating toolchain IDE Files: 2811mS.
2025-03-02 10:02:36,119 [INFO] ProjectBuilder:3107 - Time for Copy CMSIS : 2mS.
2025-03-02 10:02:36,121 [INFO] ProjectBuilder:3107 - Time for Copy CMSIS : 0mS.
2025-03-02 11:03:23,719 [ERROR] LogOutputStream:75 - [STDERR_REDIRECT] 
